*** Darwin 10x10 ***
Turn = 0.
  0123456789
0 r.........
1 ..........
2 ........f.
3 ..........
4 ......f...
5 .....f....
6 ..........
7 ..........
8 ........f.
9 .........r

Turn = 1.
  0123456789
0 .r........
1 ..........
2 ........f.
3 ..........
4 ......f...
5 .....f....
6 ..........
7 ..........
8 ........f.
9 ........r.

Turn = 2.
  0123456789
0 ..r.......
1 ..........
2 ........f.
3 ..........
4 ......f...
5 .....f....
6 ..........
7 ..........
8 ........f.
9 .......r..

Turn = 3.
  0123456789
0 ...r......
1 ..........
2 ........f.
3 ..........
4 ......f...
5 .....f....
6 ..........
7 ..........
8 ........f.
9 ......r...

Turn = 4.
  0123456789
0 ....r.....
1 ..........
2 ........f.
3 ..........
4 ......f...
5 .....f....
6 ..........
7 ..........
8 ........f.
9 .....r....

Turn = 5.
  0123456789
0 .....r....
1 ..........
2 ........f.
3 ..........
4 ......f...
5 .....f....
6 ..........
7 ..........
8 ........f.
9 ....r.....

Turn = 6.
  0123456789
0 ......r...
1 ..........
2 ........f.
3 ..........
4 ......f...
5 .....f....
6 ..........
7 ..........
8 ........f.
9 ...r......

Turn = 7.
  0123456789
0 .......r..
1 ..........
2 ........f.
3 ..........
4 ......f...
5 .....f....
6 ..........
7 ..........
8 ........f.
9 ..r.......

Turn = 8.
  0123456789
0 ........r.
1 ..........
2 ........f.
3 ..........
4 ......f...
5 .....f....
6 ..........
7 ..........
8 ........f.
9 .r........

Turn = 9.
  0123456789
0 .........r
1 ..........
2 ........f.
3 ..........
4 ......f...
5 .....f....
6 ..........
7 ..........
8 ........f.
9 r.........

Turn = 10.
  0123456789
0 .........r
1 ..........
2 ........f.
3 ..........
4 ......f...
5 .....f....
6 ..........
7 ..........
8 ........f.
9 r.........

*** Darwin 10x10 ***
Turn = 0.
  0123456789
0 rff.......
1 ..........
2 f....f.ff.
3 ...f.f....
4 .....ff...
5 ..ff.....f
6 ...f......
7 .....f....
8 ......f.f.
9 .........r

Turn = 2.
  0123456789
0 r.r.r.....
1 ..........
2 f....f.ff.
3 ...f.f....
4 .....ff...
5 ..ff.....f
6 ...f......
7 .....f....
8 ......f.f.
9 .......r..

Turn = 4.
  0123456789
0 ....r.r...
1 r.........
2 .....f.ff.
3 r..f.f....
4 .....ff...
5 ..ff.....f
6 ...f......
7 .....f....
8 ......f.f.
9 .....r....

Turn = 6.
  0123456789
0 ......r.r.
1 ..........
2 .....f.ff.
3 r..f.f....
4 .....ff...
5 r.ff.....f
6 ...f......
7 .....f....
8 ......f.f.
9 ...r......

Turn = 8.
  0123456789
0 ........rr
1 ..........
2 .....f.ff.
3 ...f.f....
4 .....ff...
5 r.ff.....f
6 ...f......
7 r....f....
8 ......f.f.
9 .r........

Turn = 10.
  0123456789
0 .........r
1 ........r.
2 .....f.ff.
3 ...f.f....
4 .....ff...
5 ..ff.....f
6 ...f......
7 r....f....
8 r.....f.f.
9 r.........

Turn = 12.
  0123456789
0 ..........
1 ........r.
2 .....f.r.r
3 ...f.f.r..
4 .....ff...
5 ..ff.....f
6 ...f......
7 rr...f....
8 ......f.f.
9 r.........

Turn = 14.
  0123456789
0 ..........
1 .........r
2 .....rr...
3 ...f.f....
4 .....ff..r
5 r.ff...r.f
6 ...f......
7 r..r.f....
8 ......f.f.
9 ..........

Turn = 16.
  0123456789
0 .........r
1 ..........
2 ...rr.....
3 r..f.f....
4 .....ff...
5 r.ff...r.r
6 ...f......
7 ....r..r..
8 .....rf.f.
9 ..........

Turn = 18.
  0123456789
0 ..........
1 r........r
2 .rr.......
3 r..f.f....
4 .....ff...
5 ..ff.r....
6 ...f......
7 ......r..r
8 ......f.f.
9 .....r.r..

Turn = 20.
  0123456789
0 r.........
1 ..........
2 rr........
3 r..f.f...r
4 .....ff...
5 ..frr.....
6 ...f......
7 ........r.
8 ......f.f.
9 ......r.rr

*** Darwin 30x30 ***
Turn = 0.
  012345678901234567890123456789
0 r.............................
1 rt.........t.........t........
2 .tf...........................
3 ..fh.........h................
4 ...hf.........................
5 ....ff.........f.........f....
6 .....f........................
7 ..............................
8 ..............................
9 ..............................
0 r.........r...................
1 ...........t..................
2 ..f.........f.................
3 .............h................
4 ....f.........f...............
5 ...............f..............
6 ..............................
7 ..............................
8 ..............................
9 ..............................
0 r.............................
1 ..............................
2 ..f...........................
3 ...h..........................
4 ....f.........................
5 ..............................
6 ..............................
7 ..............................
8 ..............................
9 ..............................

Turn = 10.
  012345678901234567890123456789
0 ..........rr..................
1 .........rr..........t........
2 .tt...........................
3 ..t..........h.........h......
4 ...hf.........................
5 ....ff.........f.........f....
6 .....f........................
7 ..............................
8 ..............................
9 ..............................
0 ..........r.........r.........
1 ...........t..................
2 ..f.........f.................
3 .......................h......
4 ....f.........f...............
5 ...............f..............
6 ..............................
7 ..............................
8 ..............................
9 ..............................
0 ..........r...................
1 ..............................
2 ..f...........................
3 .............h................
4 ....f.........................
5 ..............................
6 ..............................
7 ..............................
8 ..............................
9 ..............................

Turn = 20.
  012345678901234567890123456789
0 ..r...........................
1 ....................rt........
2 .tt...........................
3 ..t....................h.....h
4 ...hf.........................
5 ....ff.........f.........f....
6 .....f........................
7 ..............................
8 ..............................
9 ..........r...................
0 .........r..........r........r
1 ...........t..................
2 ..f.........f.................
3 .............................h
4 ....f.........f...............
5 ...............f..............
6 ..............................
7 ..............................
8 ..............................
9 ..............................
0 ....................r.........
1 ..............................
2 ..f...........................
3 .......................h......
4 ....f.........................
5 ..............................
6 ..............................
7 ..............................
8 ..............................
9 ..............................

Turn = 30.
  012345678901234567890123456789
0 r.............................
1 ............................r.
2 .tt..........................r
3 ..t.........................hh
4 ...hf.........................
5 ....ff.........f.........f....
6 .....f........................
7 ..............................
8 ..............................
9 ..............................
0 .............................r
1 ...........t..................
2 ..f.........f.................
3 ..............................
4 ....f.........f...............
5 ...............f..............
6 ..............................
7 .............................r
8 ..............................
9 ..........r..................r
0 .........r...................r
1 ..............................
2 ..f...........................
3 .............................h
4 ....f.........................
5 ..............................
6 ..............................
7 ..............................
8 ..............................
9 ..............................

Turn = 40.
  012345678901234567890123456789
0 ....................r......r..
1 ..............................
2 .tt..........................r
3 ..t..........................r
4 ...hf......................r..
5 ....ff.........f.........f....
6 .....f........................
7 r.............................
8 ..............................
9 ..............................
0 ..............................
1 ...........t..................
2 ..f.........f.................
3 ..............................
4 ....f.........f...............
5 ...............f..............
6 ..............................
7 ..............................
8 .....................r........
9 .....................r........
0 ..............................
1 ..............................
2 ..f...........................
3 ..............................
4 ....f.........................
5 .............................r
6 ..............................
7 ..............................
8 .............................r
9 .........rr...................

Turn = 50.
  012345678901234567890123456789
0 ..........r......r............
1 ..............................
2 .tt...................r.......
3 ..t...................r.......
4 ...hf............r............
5 ....ff.........f.........f....
6 .....f........................
7 ..............................
8 ..............................
9 ..............................
0 ..............................
1 ...........t..................
2 ..f.........f.................
3 ..............................
4 ....f.........f...............
5 ...............f..............
6 ..............................
7 r.............................
8 ...........r..................
9 ...........r..................
0 ..............................
1 ..............................
2 ..f...........................
3 ..............................
4 ....f.........................
5 .............................r
6 ..............................
7 ..............................
8 ..............................
9 r..................r.....r....

Turn = 60.
  012345678901234567890123456789
0 r......r......................
1 ..............................
2 .tt.........r.................
3 ..t.........r.................
4 ...hf..r......................
5 ....ff.........f.........f....
6 .....f........................
7 ..............................
8 ..............................
9 ..............................
0 ..............................
1 ...........t..................
2 ..f.........f.................
3 ..............................
4 ....f.........f...............
5 ...............f.............r
6 ..............................
7 ..............................
8 .r............................
9 .r............................
0 ..............................
1 ..............................
2 ..f...........................
3 ..............................
4 ...r..........................
5 r...r.........................
6 ..............................
7 ..............................
8 ..............................
9 .................r.........r..

Turn = 70.
  012345678901234567890123456789
0 ..............................
1 ..............................
2 rttt..........................
3 ..rr..........................
4 ........h.....................
5 ...........r...f.........f...r
6 .r............................
7 r.............................
8 .....r........................
9 ..............................
0 ....r.........................
1 ...........t..................
2 ..f.r.......f.................
3 ..............................
4 r...f.........f...............
5 ...............f..............
6 ..............................
7 ..............................
8 ..............................
9 ..............................
0 ..............................
1 ..............................
2 ..f..........................r
3 ..............................
4 .............r................
5 r.............................
6 ..............................
7 ..............................
8 ..............................
9 ...r....rr....................

Turn = 80.
  012345678901234567890123456789
0 ..............r...............
1 .............................r
2 .ttt..........................
3 ...t..........................
4 ..................h...........
5 ....................r....f....
6 ..............................
7 ..r...........................
8 ...r..........................
9 ..............................
0 ....r.........................
1 r..........t..................
2 r...........f................r
3 ..............................
4 ..............f...............
5 ...............f..............
6 r.............................
7 ..r...........................
8 .....r........................
9 ..............................
0 ..............................
1 ....r.........................
2 ..f...........................
3 ....r.........................
4 .......................r......
5 r.............................
6 ..............................
7 ..............................
8 ..............................
9 .............r...r.r..........

Turn = 90.
  012345678901234567890123456789
0 ....r.........................
1 ..............................
2 rttt..........................
3 ...t..........................
4 ............................h.
5 ............................r.
6 .........................r...r
7 ............r.................
8 .............r................
9 ..............................
0 ..............r..............r
1 ...........t..................
2 ............f.................
3 ..............................
4 ..............f...............
5 ...............f..............
6 ..............................
7 r.............................
8 ..............................
9 ..r...........................
0 ..............................
1 .....r........................
2 ........r.....................
3 ..............................
4 ..............................
5 ..............................
6 ..r...........................
7 .....r.......................r
8 ......r.......................
9 .r.....................r...r.r

Turn = 100.
  012345678901234567890123456789
0 .............................r
1 rr............................
2 r.tt..........................
3 ...t..........................
4 .............................h
5 ..............................
6 ...............r..............
7 r.....................r.......
8 .......................r......
9 ..............................
0 ........................r.....
1 ...........t..................
2 ............f.................
3 ..............................
4 ..............f...............
5 ...............f..............
6 .............................r
7 ..............................
8 ..............................
9 ............r.................
0 .............................r
1 r..............r..............
2 ..................r..........r
3 ..............................
4 ..............................
5 ..............................
6 ..............................
7 ..............................
8 ................r....r........
9 r.......r..............r...r..

*** Darwin 30x30 ***
Turn = 0.
  012345678901234567890123456789
0 r.............................
1 r..........t..................
2 .t..........f.................
3 ...h........f.................
4 ....f.........f...............
5 ..............ff..............
6 ..............................
7 ..............................
8 ..............................
9 ..............................
0 r.............................
1 .t...................t........
2 ............f.................
3 ...h.........h................
4 ...h..........................
5 .....f.........f.........f....
6 .....f........................
7 ..............................
8 ..............................
9 ..............................
0 ..........r...................
1 ..............................
2 ............f.................
3 .............h................
4 ..............f...............
5 ..............................
6 ..............................
7 ..............................
8 ..............................
9 ..............................

Turn = 10.
  012345678901234567890123456789
0 ..........r...................
1 ..........rt..................
2 .t..........f.................
3 ...........hf.................
4 ....f.........f...............
5 ..............ff..............
6 ..............................
7 ..............................
8 ..............................
9 ..............................
0 ..........r...................
1 .t...................t........
2 ............f.................
3 .............h.........h......
4 .............h................
5 .....f.........f.........f....
6 .....f........................
7 ..............................
8 ..............................
9 ..............................
0 ....................r.........
1 ..............................
2 ............f.................
3 .......................h......
4 ..............f...............
5 ..............................
6 ..............................
7 ..............................
8 ..............................
9 ..............................

Turn = 20.
  012345678901234567890123456789
0 ................r.r.r.........
1 ..............................
2 .t..........f.................
3 ...........hf.................
4 ....f.........f...............
5 ..............ff..............
6 ..............................
7 ..............................
8 ..............................
9 ..............................
0 ....................r.........
1 .t...................t........
2 ............f.................
3 .......................h.....h
4 .......................h......
5 .....f.........f.........f....
6 .....f........................
7 ..............................
8 ..............................
9 ..............................
0 .............................r
1 ..............................
2 ............f.................
3 .............................h
4 ..............f...............
5 ..............................
6 ..............................
7 ..............................
8 ..............................
9 ..............................

Turn = 30.
  012345678901234567890123456789
0 ..........................r.rr
1 ..............................
2 .t..........f.................
3 ...........hf.................
4 ....f.........f...............
5 ..............ff..............
6 ..............................
7 ..............................
8 ..............................
9 ..............................
0 .............................r
1 .t...................t........
2 ............f.................
3 ............................hh
4 .............................h
5 .....f.........f.........f....
6 .....f........................
7 .............................r
8 ..............................
9 ..............................
0 ..............................
1 ..............................
2 ............f.................
3 ..............................
4 ..............f...............
5 ..............................
6 ..............................
7 ..............................
8 ..............................
9 .............................r

Turn = 40.
  012345678901234567890123456789
0 ..............................
1 ..............................
2 .t..........f.................
3 ...........hf.................
4 ....f.........f...............
5 ..............ff..............
6 ..............................
7 ..............................
8 ...........................r.r
9 ............................rr
0 ..............................
1 .t...................t........
2 ............f.................
3 ..............................
4 ........................r.....
5 .....f.........f.......rr...rr
6 .....f........................
7 ..............................
8 ..............................
9 ..............................
0 .............................r
1 ..............................
2 ............f.................
3 ..............................
4 ..............f...............
5 ..............................
6 ..............................
7 ..............................
8 ..............................
9 ..............................

Turn = 50.
  012345678901234567890123456789
0 ..............................
1 .............................r
2 .t..........f.................
3 ...........hf.................
4 ....f.........f...............
5 ..............ff..............
6 ..............................
7 ..............................
8 ....................r.........
9 ..............................
0 ..............................
1 .t...................t........
2 ............f.................
3 .................r............
4 ..............r...............
5 .....f........................
6 .....f.........rr.............
7 ..............................
8 ......................r....r..
9 ............................r.
0 ..............................
1 ..............................
2 ............f.................
3 .............................r
4 ..............f...............
5 ............................r.
6 ..............................
7 ..............................
8 ..............................
9 ..............................

Turn = 60.
  012345678901234567890123456789
0 ..............................
1 ..............................
2 .t..........f.................
3 ...........hf....r............
4 ....f.........f...............
5 ..............ff.............r
6 ..............................
7 ..............................
8 ..........r...................
9 ..............................
0 ..............................
1 .t...................t........
2 ............f.................
3 ..............................
4 ....r.........................
5 .....f........................
6 .....f........................
7 ..............................
8 ............r.................
9 ..............................
0 ..............................
1 ..............................
2 ............f.................
3 ..............................
4 ..............f...............
5 ..............................
6 ...............rr.............
7 ..............................
8 ...........................r..
9 .......................r..r.r.

Turn = 70.
  012345678901234567890123456789
0 ...........r..................
1 ..............................
2 .t..........f.................
3 ...........hf.................
4 ....f.........f...............
5 ..............ff..............
6 ..............................
7 ..............................
8 r.............................
9 r.............................
0 ..............................
1 .t...................t........
2 ............f.................
3 ..............................
4 ..............................
5 .....f.......................r
6 .....f........................
7 ..............................
8 ..r...........................
9 ..............................
0 ..............................
1 ..............................
2 ............f................r
3 ..............................
4 ..............f...............
5 .................rr...........
6 ..............................
7 ..............................
8 ..............................
9 .........r......r..r..........

Turn = 80.
  012345678901234567890123456789
0 .r............................
1 ..............................
2 .t..........f.................
3 ...........hf.................
4 ....f.........f...............
5 ..............ff..............
6 ..............................
7 ..............................
8 ..............................
9 ..............................
0 ..............................
1 .t...................t........
2 ............f.................
3 ..............................
4 ..............................
5 r....f...........rr...........
6 .....f........................
7 r.............................
8 .......................r......
9 ..............................
0 ..............................
1 ..............................
2 ............f.................
3 ..............................
4 ..............f..............r
5 r.............................
6 ..............................
7 ..............................
8 ..............................
9 r.....r..r....................

Turn = 90.
  012345678901234567890123456789
0 ..............................
1 ..............................
2 .t..........f.................
3 ...........hf.................
4 ....f.........f...............
5 ..............ff.rr...........
6 ..............................
7 ..............................
8 r.............................
9 ..............................
0 ..............................
1 .t...................t........
2 ............f.................
3 ..............................
4 ..............................
5 .....f........................
6 .....f........................
7 ..............................
8 .............r................
9 ..............................
0 ..............................
1 ..............................
2 ............f.................
3 ..............................
4 r.............f...............
5 r.............................
6 r.r...........................
7 .r............................
8 ..............................
9 ...r.....................r....

Turn = 100.
  012345678901234567890123456789
0 .............rr...............
1 ..............................
2 .t..........f.................
3 ...........hf.................
4 ....f.........f...............
5 ..............ff..............
6 ..............................
7 ..............................
8 ..............................
9 ..............................
0 ..............................
1 .t...................t........
2 ............f.................
3 ..............................
4 ..............................
5 .....f........................
6 .....f........................
7 ..............................
8 r..r..........................
9 ..............................
0 ..............................
1 ..............................
2 ............f.................
3 ..............................
4 ..............f...............
5 .........r....................
6 .........r..r.................
7 ..............................
8 ..............................
9 r..r.........r.r..............

*** Darwin 30x30 ***
Turn = 0.
  012345678901234567890123456789
0 ..........h...................
1 r..........t..................
2 .r..........f.................
3 ...h........f.................
4 ....f.........f...............
5 ..............fr..............
6 ..............................
7 ..............................
8 ..............................
9 ..............................
0 r.............................
1 .t...h........................
2 ............h.................
3 ...h.........h................
4 ...h..........................
5 ...............f.........f....
6 .....f........................
7 ..............................
8 ..............................
9 ..............................
0 ..........r...................
1 ..............................
2 ............f.................
3 .............h................
4 ..............f...............
5 ..............................
6 ..............................
7 ..............................
8 ..............................
9 ..............................

Turn = 10.
  012345678901234567890123456789
0 .......r...t..................
1 ...........t..................
2 ............f.................
3 ............f.................
4 ....f.........f...............
5 ..............f..........r....
6 ..............................
7 ..............................
8 ..............................
9 ..............................
0 ..............................
1 rt.............h..............
2 ......................h.......
3 ...h.........h.........h......
4 ..............................
5 ...............f.........f....
6 .....f........................
7 ..............................
8 ..............................
9 r.............................
0 ..............................
1 ..............................
2 ............f.................
3 ..............................
4 ...h..........f...............
5 ..............................
6 ..............................
7 ..............................
8 ..............................
9 ..........r..h................

Turn = 20.
  012345678901234567890123456789
0 ................r.r...........
1 ...........t..................
2 ............f.................
3 ............f.................
4 ....f.........f...............
5 ..............f...............
6 ..............................
7 ..............................
8 ..............................
9 ..............................
0 .............................r
1 .t.......................h....
2 .............................h
3 .......................h.....h
4 ..............................
5 ...............f.........f....
6 .....f........................
7 ..............................
8 ..............................
9 ..............................
0 ..............................
1 r.............................
2 ............f.................
3 ...h..........................
4 ..............f...............
5 ..............................
6 ..............................
7 ..............................
8 ..............................
9 rr...r.......h................

Turn = 30.
  012345678901234567890123456789
0 ..........................r.r.
1 ...........t..................
2 ............f.................
3 ............f.................
4 ....f.........f...............
5 ..............f...............
6 ..............................
7 .............................r
8 ..............................
9 ..............................
0 ..............................
1 .t...........................h
2 ........................r.....
3 ............................hh
4 ..............................
5 ...............f.........f....
6 .....f........................
7 ..............................
8 ..............................
9 ..............................
0 .r............................
1 ..............................
2 ............f.................
3 r.............................
4 ..............f...............
5 ..............................
6 ..............................
7 ..............................
8 ............r.................
9 .r.h.........r................

Turn = 40.
  012345678901234567890123456789
0 ..............................
1 ...........t..................
2 ............f...........r.....
3 ............f.................
4 ....f.........f...............
5 ..............f...............
6 ..............................
7 ............................rr
8 ..............................
9 ..............................
0 ..............................
1 rr...........................h
2 ..............r...............
3 r...........................hh
4 ..............................
5 ...............f.........f....
6 .....f........................
7 ..............................
8 ..............................
9 ..............................
0 ..............................
1 ..............................
2 ..r............r..............
3 ...............r..............
4 ..............f...............
5 ..............................
6 ..............................
7 ..............................
8 .......r......................
9 .....r........................

Turn = 50.
  012345678901234567890123456789
0 ..............................
1 .r.........t..................
2 ............f.r...............
3 ............f.................
4 ....f.........f...............
5 ..............f...............
6 ..............................
7 ..............................
8 ..............................
9 ..............................
0 ........................r....r
1 ......r.......................
2 ..r.r........................r
3 ..............................
4 ............................r.
5 ...............f.........f....
6 .....f........................
7 r............................r
8 .......r......................
9 ..............................
0 ..............................
1 ..............................
2 .........................r....
3 .........................r....
4 ..............f...............
5 ..............................
6 ..............................
7 r.............................
8 ..............................
9 ..............................

Turn = 60.
  012345678901234567890123456789
0 ........r....................r
1 .........r.t..................
2 ..r..r.......................r
3 ............f.................
4 ....f.........f...............
5 ..............f...............
6 ..............................
7 r.............................
8 .......r......................
9 ..............................
0 ..............r...............
1 ................r.............
2 ..............................
3 ..............................
4 ..............................
5 ...............f.........f....
6 .....f........................
7 ..............................
8 ..............................
9 ..............................
0 .........................r....
1 ........................r.....
2 ....r....................r....
3 ..............................
4 ..............f...............
5 ..............................
6 ..............................
7 r.............................
8 .............................r
9 ..............................

Turn = 70.
  012345678901234567890123456789
0 ......r..........r..r.r.......
1 ..r........t..................
2 ..............................
3 ...r........f.................
4 r...f.........f...............
5 ..............f...............
6 ..............................
7 ..............................
8 ..............................
9 ..............................
0 ....r.........................
1 .........r................r...
2 ..............................
3 ..............................
4 ..............................
5 ...............f.........f....
6 .....f........................
7 ..............................
8 ..............................
9 ..............................
0 ...............r..............
1 ..............r...............
2 ..............rr..............
3 ..............................
4 ..............f...............
5 ..............................
6 ..............................
7 ..............................
8 ..............................
9 .......r.............r........

Turn = 80.
  012345678901234567890123456789
0 ...........rr.................
1 ..........r...................
2 ...........r..................
3 r...........r.................
4 ....f.........f...............
5 ............r.f..............r
6 ..............................
7 ..............................
8 ...................r..........
9 r.............................
0 ..............................
1 r.............................
2 ..............................
3 ..............rr..............
4 ...............r..............
5 .........................f....
6 .....f........................
7 ..............................
8 ..............................
9 ..............................
0 .....r........................
1 ....r....r....................
2 ..............................
3 ..............................
4 ..............f...............
5 ..............................
6 ...............r..............
7 ..............................
8 ..............................
9 .............r................

Turn = 90.
  012345678901234567890123456789
0 .rr...........................
1 ...................r.........r
2 ..............................
3 ...............r......r.......
4 ....f.........fr..............
5 ..............r...............
6 ...............r..............
7 ..............................
8 ..............................
9 ..........r...................
0 ..............................
1 ..............................
2 ...........r..................
3 r.............................
4 ..............................
5 ............r............f....
6 .....f.........r..............
7 ..............................
8 ...................r..........
9 r.............................
0 .r............................
1 ....r.........................
2 ..............................
3 ..............................
4 ..............f...............
5 ..............................
6 ..............................
7 ..............................
8 ..............................
9 ...r....r.....................

Turn = 100.
  012345678901234567890123456789
0 ........r............r........
1 .....................r.......r
2 ..............................
3 ..............................
4 ....f.........f...............
5 ....r........................r
6 r..............r.........r....
7 ..............................
8 ..............................
9 ....................r.........
0 ..............................
1 .............................r
2 ..............................
3 ..............................
4 ..............................
5 .........................f....
6 .....f........................
7 ..............................
8 ..............................
9 ..............................
0 ...........r..................
1 ..............r...............
2 ...........r..................
3 r.............................
4 ..............f...............
5 ............r.................
6 ..............................
7 ..............................
8 r..................r..........
9 rr............................

*** Darwin 30x30 ***
Turn = 0.
  012345678901234567890123456789
0 ..........r...................
1 t..........t..................
2 .t..........t.................
3 ...t........t.................
4 ....t.........r...............
5 ..............tt..............
6 ..............................
7 ..............................
8 ..............................
9 ..............................
0 t.............................
1 .r...r........................
2 ............r.................
3 ...t.........r................
4 ...t..........................
5 ...............r.........r....
6 .....t........................
7 ..............................
8 ..............................
9 ..............................
0 ..........r...................
1 ..............................
2 ............r.................
3 .............r................
4 ..............r...............
5 ..............................
6 ..............................
7 ..............................
8 ..............................
9 ..............................

Turn = 10.
  012345678901234567890123456789
0 ...........t..................
1 t..........t..................
2 .t..........t.................
3 ...t........t.................
4 ....t.......t.................
5 ..............tt..............
6 ..............................
7 ..............................
8 ..............................
9 ..............................
0 t.............................
1 ...............r..............
2 ......................r.......
3 ...t...................r......
4 ...t..........................
5 ..............................
6 .....t........................
7 ..............................
8 ..............................
9 ..............................
0 ..............................
1 .r............................
2 ..............................
3 ..............................
4 ..............................
5 ...............r.........r....
6 ..............r...............
7 ..............................
8 ..............................
9 ..........rrr.................

Turn = 20.
  012345678901234567890123456789
0 ...........t..................
1 t..........t..................
2 .t..........t.................
3 ...t........t.................
4 ....t.......t.................
5 ..............tt..............
6 ..............................
7 ..............................
8 ..............................
9 ..............................
0 t.............................
1 .........................r....
2 ............................r.
3 ...t.......................r..
4 ...t..........................
5 ..............................
6 .....t........r...............
7 ..............................
8 ..............................
9 ..............................
0 ..............................
1 ..............................
2 ..............................
3 ..............................
4 ..............................
5 ..............................
6 ..............................
7 ..............................
8 ..............................
9 r.r.r.............r.r........r

Turn = 30.
  012345678901234567890123456789
0 ...........t..................
1 t..........t..................
2 .t..........t.................
3 ...t........t.................
4 ....t.......t.................
5 ..............tt..............
6 ..............r..............r
7 ..............................
8 ..............................
9 ..............................
0 t.............................
1 ..............................
2 ..................r...........
3 ...t.............r............
4 ...t..........................
5 ..............................
6 .....t........................
7 ..............................
8 ..............................
9 .............................r
0 ..............................
1 .r............................
2 ..............................
3 .r............................
4 ..............................
5 ..............................
6 ..............................
7 ..............................
8 ..............................
9 ....r.......................rr

Turn = 40.
  012345678901234567890123456789
0 ...........t.................r
1 t..........t..................
2 .t..........t.................
3 ...t........t.................
4 ....t.......t.................
5 .....................r.r......
6 ......................r.......
7 ..............................
8 ..............................
9 .............................r
0 t.............................
1 .r............................
2 ........r.....................
3 .r.t...r......................
4 ...t..........................
5 ..............................
6 .....t........................
7 ..............................
8 ..............................
9 ..............................
0 ..............................
1 .............................r
2 ..............................
3 ..............................
4 ..............................
5 ..............................
6 ..............................
7 ..............................
8 ..............................
9 ..............r.......r.......

Turn = 50.
  012345678901234567890123456789
0 ...........t........r........r
1 t..........t..................
2 .r..........t.................
3 .r.t........t...............r.
4 .r..t.......t................r
5 ..............................
6 ..............................
7 ..............................
8 ...rr........................r
9 ..............................
0 t.............................
1 .............................r
2 ..............................
3 r.............................
4 ...t..........................
5 ..............................
6 .....t........................
7 ..............................
8 ..............................
9 ..............................
0 ..............................
1 ..............................
2 ..............................
3 ...................r..........
4 ..................r...........
5 ..............................
6 ..............................
7 ..............................
8 ..............................
9 ..............................

Turn = 60.
  012345678901234567890123456789
0 ...r......rr.......r....r.....
1 t...r......t..................
2 t....r......t.................
3 ............t.................
4 ....t.......t.................
5 ....t.......................r.
6 r.............................
7 ..............................
8 ..............................
9 ..............................
0 t.............................
1 ..............................
2 ..............................
3 ...................r..........
4 ...t..............r..........r
5 ..............................
6 .....t........................
7 .............................r
8 ..............................
9 ..............................
0 ..............................
1 ..............................
2 ..............................
3 r.............................
4 ..............................
5 ..............................
6 ..............................
7 ..............................
8 ..............................
9 ..............................

Turn = 70.
  012345678901234567890123456789
0 .........rr...r...............
1 t........r..t.................
2 t........r..t.................
3 ............t......r..........
4 ....t...r...t.....r...........
5 r...t.........................
6 .......r......................
7 ..............................
8 ..............................
9 .....r........................
0 ..............................
1 ..............................
2 ..............................
3 ..............................
4 ...t..........................
5 ............................r.
6 .....t........................
7 ..............................
8 ..............................
9 ..............................
0 ..............................
1 ..............................
2 ..............................
3 ..............................
4 .............................r
5 ..............................
6 ..............................
7 .............................r
8 ..............................
9 ...r..........................

Turn = 80.
  012345678901234567890123456789
0 .r..........tr...........r....
1 tt..........t.................
2 tt..........t.................
3 t...........t.................
4 ....t.......t.................
5 ....t.........................
6 ..............................
7 ..............................
8 ..............................
9 .........r.....r..............
0 ..............................
1 ..............................
2 ..............................
3 ..............................
4 ...t...rr.....................
5 ..............................
6 .....t........................
7 ..............................
8 ..............................
9 ..............................
0 ..............................
1 ..............................
2 ..............................
3 ..............................
4 ..............................
5 ............................rr
6 ..............................
7 ..............................
8 ........................r.....
9 .............r................

Turn = 90.
  012345678901234567890123456789
0 t...........tt...........r....
1 tt..........t.................
2 tt..........t.................
3 t...........t.................
4 ....t.......t.................
5 ....t.........................
6 ..............................
7 ..............................
8 ..............................
9 .........................r....
0 ..............................
1 ..............................
2 ..............................
3 ..............................
4 ...t..........................
5 .............................r
6 .....t........................
7 ..............................
8 ..............................
9 .........r....................
0 ..............................
1 ..............................
2 ..............................
3 ..............................
4 .......rr.....................
5 ..............................
6 ..............................
7 ..............................
8 ..............r...............
9 .......................rr.....

Turn = 100.
  012345678901234567890123456789
0 t...........tt.r..............
1 tt..........t.................
2 tt..........t.................
3 t...........t.................
4 ....t.......t................r
5 ....t........................r
6 ..............................
7 ..............................
8 ..............................
9 ..............................
0 ..............................
1 ..............................
2 ..............................
3 ..............................
4 ...t..........................
5 ..............................
6 .....t........................
7 ..............................
8 ..............................
9 ..............................
0 ..............................
1 ..............................
2 ..............................
3 ..............................
4 ..............................
5 ..............................
6 ..............................
7 ..............................
8 ....r.........................
9 ...rr....r.....r.r............

*** Darwin 30x30 ***
Turn = 0.
  012345678901234567890123456789
0 ..........t...................
1 h..........h..................
2 .h..........h.................
3 ...t........h.................
4 ....t.........t...............
5 ..............hh..............
6 ..............................
7 ..............................
8 ..............................
9 ..............................
0 h.............................
1 .t...t........................
2 ............t.................
3 ...h.........t................
4 ...h..........................
5 ...............t.........t....
6 .....h........................
7 ..............................
8 ..............................
9 ..............................
0 ..........t...................
1 ..............................
2 ............t.................
3 .............t................
4 ..............t...............
5 ..............................
6 ..............................
7 ..............................
8 ..............................
9 ..............................

Turn = 10.
  012345678901234567890123456789
0 ..........ttt.................
1 ............t.................
2 h.............................
3 ...t..........................
4 ....t.........t...............
5 ..............t..........h....
6 ..............................
7 ..............................
8 ..............................
9 h.............................
0 h.............................
1 .t...t........................
2 ............t.................
3 ............ht................
4 ..............................
5 ...............t.........t....
6 ...............h..............
7 ..............................
8 ..............................
9 ..............................
0 ..........t...................
1 ..............................
2 ............t.................
3 .............t................
4 ...h..........t...............
5 ..............................
6 ..............................
7 ..............................
8 ..............................
9 ..............................

Turn = 20.
  012345678901234567890123456789
0 ..........ttt.................
1 ............t.................
2 h.............................
3 ...t..........................
4 ....t.........t...............
5 ..............t..............h
6 ..............................
7 ..............................
8 ..............................
9 h.............................
0 h.............................
1 .t...t........................
2 ............t.................
3 ............tt................
4 ..............................
5 ...............t.........t....
6 .........................h....
7 ..............................
8 ..............................
9 ..............................
0 ..........t...................
1 ..............................
2 ............t.................
3 .............t................
4 ..............t...............
5 ..............................
6 ..............................
7 ..............................
8 ..............................
9 ...h..........................

Turn = 30.
  012345678901234567890123456789
0 ..........ttt.................
1 ............t.................
2 h.............................
3 ...t..........................
4 ....t.........t...............
5 ..............t..............h
6 ..............................
7 ..............................
8 ..............................
9 h.............................
0 h.............................
1 .t...t........................
2 ............t.................
3 ............tt................
4 ..............................
5 ...............t.........t....
6 .........................t....
7 ..............................
8 ..............................
9 ..............................
0 ..........t...................
1 ..............................
2 ............t.................
3 .............t................
4 ..............t...............
5 ..............................
6 ..............................
7 ..............................
8 ..............................
9 ...h..........................

Turn = 40.
  012345678901234567890123456789
0 ..........ttt.................
1 ............t.................
2 h.............................
3 ...t..........................
4 ....t.........t...............
5 ..............t..............h
6 ..............................
7 ..............................
8 ..............................
9 h.............................
0 h.............................
1 .t...t........................
2 ............t.................
3 ............tt................
4 ..............................
5 ...............t.........t....
6 .........................t....
7 ..............................
8 ..............................
9 ..............................
0 ..........t...................
1 ..............................
2 ............t.................
3 .............t................
4 ..............t...............
5 ..............................
6 ..............................
7 ..............................
8 ..............................
9 ...h..........................

Turn = 50.
  012345678901234567890123456789
0 ..........ttt.................
1 ............t.................
2 h.............................
3 ...t..........................
4 ....t.........t...............
5 ..............t..............h
6 ..............................
7 ..............................
8 ..............................
9 h.............................
0 h.............................
1 .t...t........................
2 ............t.................
3 ............tt................
4 ..............................
5 ...............t.........t....
6 .........................t....
7 ..............................
8 ..............................
9 ..............................
0 ..........t...................
1 ..............................
2 ............t.................
3 .............t................
4 ..............t...............
5 ..............................
6 ..............................
7 ..............................
8 ..............................
9 ...h..........................

Turn = 60.
  012345678901234567890123456789
0 ..........ttt.................
1 ............t.................
2 h.............................
3 ...t..........................
4 ....t.........t...............
5 ..............t..............h
6 ..............................
7 ..............................
8 ..............................
9 h.............................
0 h.............................
1 .t...t........................
2 ............t.................
3 ............tt................
4 ..............................
5 ...............t.........t....
6 .........................t....
7 ..............................
8 ..............................
9 ..............................
0 ..........t...................
1 ..............................
2 ............t.................
3 .............t................
4 ..............t...............
5 ..............................
6 ..............................
7 ..............................
8 ..............................
9 ...h..........................

Turn = 70.
  012345678901234567890123456789
0 ..........ttt.................
1 ............t.................
2 h.............................
3 ...t..........................
4 ....t.........t...............
5 ..............t..............h
6 ..............................
7 ..............................
8 ..............................
9 h.............................
0 h.............................
1 .t...t........................
2 ............t.................
3 ............tt................
4 ..............................
5 ...............t.........t....
6 .........................t....
7 ..............................
8 ..............................
9 ..............................
0 ..........t...................
1 ..............................
2 ............t.................
3 .............t................
4 ..............t...............
5 ..............................
6 ..............................
7 ..............................
8 ..............................
9 ...h..........................

Turn = 80.
  012345678901234567890123456789
0 ..........ttt.................
1 ............t.................
2 h.............................
3 ...t..........................
4 ....t.........t...............
5 ..............t..............h
6 ..............................
7 ..............................
8 ..............................
9 h.............................
0 h.............................
1 .t...t........................
2 ............t.................
3 ............tt................
4 ..............................
5 ...............t.........t....
6 .........................t....
7 ..............................
8 ..............................
9 ..............................
0 ..........t...................
1 ..............................
2 ............t.................
3 .............t................
4 ..............t...............
5 ..............................
6 ..............................
7 ..............................
8 ..............................
9 ...h..........................

Turn = 90.
  012345678901234567890123456789
0 ..........ttt.................
1 ............t.................
2 h.............................
3 ...t..........................
4 ....t.........t...............
5 ..............t..............h
6 ..............................
7 ..............................
8 ..............................
9 h.............................
0 h.............................
1 .t...t........................
2 ............t.................
3 ............tt................
4 ..............................
5 ...............t.........t....
6 .........................t....
7 ..............................
8 ..............................
9 ..............................
0 ..........t...................
1 ..............................
2 ............t.................
3 .............t................
4 ..............t...............
5 ..............................
6 ..............................
7 ..............................
8 ..............................
9 ...h..........................

Turn = 100.
  012345678901234567890123456789
0 ..........ttt.................
1 ............t.................
2 h.............................
3 ...t..........................
4 ....t.........t...............
5 ..............t..............h
6 ..............................
7 ..............................
8 ..............................
9 h.............................
0 h.............................
1 .t...t........................
2 ............t.................
3 ............tt................
4 ..............................
5 ...............t.........t....
6 .........................t....
7 ..............................
8 ..............................
9 ..............................
0 ..........t...................
1 ..............................
2 ............t.................
3 .............t................
4 ..............t...............
5 ..............................
6 ..............................
7 ..............................
8 ..............................
9 ...h..........................

