*** Darwin 10x10 ***
Turn = 0.
  0123456789
0 rrrrrrrrrr
1 rrrrrrrrrr
2 rrrrr.....
3 ..........
4 ..........
5 ..........
6 ..........
7 h....hhhhh
8 hhhhhhhhhh
9 .hhhhhhhhh

Turn = 2.
  0123456789
0 rrrrrrrrrr
1 rrrrr.....
2 ..........
3 .....rrrrr
4 rrrrr.....
5 h....hhhhh
6 hhhhhhhhhh
7 .hhhhhhhhh
8 ..........
9 ..........

Turn = 4.
  0123456789
0 rrrrrr.rr.
1 .rr..r....
2 .......r.r
3 .rr.......
4 r....rrrrr
5 rrrrrrrrrr
6 hrrrrhhhhh
7 .hhhhhhhhh
8 ..........
9 ..........

Turn = 6.
  0123456789
0 rrr...rr.r
1 .rr....r..
2 ...rr.....
3 .......r.r
4 rrr.rrrrrr
5 rrrrr.rrrr
6 rrrrrrrhrh
7 .rrhhhhhhh
8 ..........
9 ..........

*** Darwin 10x10 ***
Turn = 0.
  0123456789
0 tfrfffhf..
1 tfrfffhf..
2 tfrfffhf..
3 tfrfffhf..
4 tfrfffhf..
5 tfrfffhf..
6 tfrfffhf..
7 tfrfffhf..
8 tfrfffhf..
9 tfrfffhf..

Turn = 4.
  0123456789
0 ttrrrfhf..
1 tttrrfhf..
2 tttrrfhf..
3 ttrrffhf..
4 tttrffhf..
5 ttrrffhf..
6 trrfffhf..
7 tttfffhf..
8 ttrrffhf..
9 ttrrffhf..

Turn = 8.
  0123456789
0 ttttrrhf..
1 tttttrhf..
2 tttttthf..
3 tttrrthf..
4 ttttrrhf..
5 tttrrrhf..
6 tttttthf..
7 tttrrthf..
8 ttttrrhf..
9 tttttttt..

*** Darwin 15x15 ***
Turn = 0.
  012345678901234
0 .tttttttttttttt
1 .tttttttttttttt
2 ...............
3 ...............
4 ...............
5 rrrrrrrrrrrrrrr
6 ...............
7 rrrrrrrr.......
8 ...............
9 ...............
0 ...............
1 ...............
2 ...............
3 ...............
4 .tttttttttttttt

Turn = 5.
  012345678901234
0 .tttttttttttttt
1 .tttttttttttttt
2 ...............
3 ...............
4 r.rrr...r......
5 ...............
6 .....rr........
7 ...r...........
8 rr....r........
9 ...............
0 .......r.rrrrrr
1 r.rrrr.........
2 ...............
3 ...............
4 .tttttttttttttt

Turn = 10.
  012345678901234
0 trrrrttrrtttttt
1 .trrttrtttttttt
2 ..rrr.rr.......
3 ...............
4 ...............
5 ...............
6 ...............
7 ...............
8 r..............
9 ...............
0 ...............
1 .....r.........
2 ...............
3 rrrrrtrr.rrrrrr
4 rttttttrrrrrrrr

