*** Darwin 87x16 ***
Turn = 0.
  0123456789012345
0 ................
1 ................
2 ................
3 ................
4 ................
5 ................
6 ................
7 ................
8 ................
9 ................
0 ................
1 ................
2 ................
3 ................
4 ................
5 ................
6 ................
7 .........t......
8 ................
9 ................
0 ................
1 ................
2 ................
3 ............r...
4 ................
5 ................
6 ................
7 ................
8 ................
9 ................
0 ................
1 ................
2 ................
3 ................
4 ................
5 ................
6 ................
7 ................
8 ................
9 ................
0 ................
1 ................
2 ................
3 ..h.............
4 ................
5 ................
6 ................
7 ................
8 ................
9 ............r...
0 ................
1 ................
2 ................
3 ................
4 ................
5 ................
6 ................
7 ................
8 ................
9 ................
0 ................
1 ................
2 ................
3 ................
4 ................
5 ................
6 ................
7 ................
8 ................
9 ................
0 ......t.........
1 ................
2 ..............t.
3 ................
4 ................
5 ................
6 ................
7 ................
8 ................
9 ................
0 ................
1 ................
2 ................
3 ................
4 ................
5 ................
6 ................

Turn = 23.
  0123456789012345
0 ................
1 ................
2 ................
3 ................
4 ................
5 ................
6 ................
7 ................
8 ................
9 ................
0 ................
1 ................
2 ................
3 r...............
4 ................
5 ................
6 ................
7 .........t......
8 ................
9 ................
0 ..h.............
1 ................
2 ................
3 ................
4 ................
5 ................
6 ............r...
7 ................
8 ................
9 ................
0 ................
1 ................
2 ................
3 ................
4 ................
5 ................
6 ................
7 ................
8 ................
9 ................
0 ................
1 ................
2 ................
3 ................
4 ................
5 ................
6 ................
7 ................
8 ................
9 ................
0 ................
1 ................
2 ................
3 ................
4 ................
5 ................
6 ................
7 ................
8 ................
9 ................
0 ................
1 ................
2 ................
3 ................
4 ................
5 ................
6 ................
7 ................
8 ................
9 ................
0 ......t.........
1 ................
2 ..............t.
3 ................
4 ................
5 ................
6 ................
7 ................
8 ................
9 ................
0 ................
1 ................
2 ................
3 ................
4 ................
5 ................
6 ................

Turn = 46.
  0123456789012345
0 ..h....r........
1 ................
2 ................
3 ............r...
4 ................
5 ................
6 ................
7 ................
8 ................
9 ................
0 ................
1 ................
2 ................
3 ................
4 ................
5 ................
6 ................
7 .........t......
8 ................
9 ................
0 ................
1 ................
2 ................
3 ................
4 ................
5 ................
6 ................
7 ................
8 ................
9 ................
0 ................
1 ................
2 ................
3 ................
4 ................
5 ................
6 ................
7 ................
8 ................
9 ................
0 ................
1 ................
2 ................
3 ................
4 ................
5 ................
6 ................
7 ................
8 ................
9 ................
0 ................
1 ................
2 ................
3 ................
4 ................
5 ................
6 ................
7 ................
8 ................
9 ................
0 ................
1 ................
2 ................
3 ................
4 ................
5 ................
6 ................
7 ................
8 ................
9 ................
0 ......t.........
1 ................
2 ..............t.
3 ................
4 ................
5 ................
6 ................
7 ................
8 ................
9 ................
0 ................
1 ................
2 ................
3 ................
4 ................
5 ................
6 ................

Turn = 69.
  0123456789012345
0 ..rr............
1 ................
2 ................
3 ................
4 ................
5 ................
6 ................
7 ................
8 ................
9 ................
0 ................
1 ................
2 ................
3 ................
4 ................
5 ................
6 ................
7 .........t......
8 ...........r....
9 ................
0 ................
1 ................
2 ................
3 ................
4 ................
5 ................
6 ................
7 ................
8 ................
9 ................
0 ................
1 ................
2 ................
3 ................
4 ................
5 ................
6 ................
7 ................
8 ................
9 ................
0 ................
1 ................
2 ................
3 ................
4 ................
5 ................
6 ................
7 ................
8 ................
9 ................
0 ................
1 ................
2 ................
3 ................
4 ................
5 ................
6 ................
7 ................
8 ................
9 ................
0 ................
1 ................
2 ................
3 ................
4 ................
5 ................
6 ................
7 ................
8 ................
9 ................
0 ......t.........
1 ................
2 ..............t.
3 ................
4 ................
5 ................
6 ................
7 ................
8 ................
9 ................
0 ................
1 ................
2 ................
3 ................
4 ................
5 ................
6 ................

Turn = 92.
  0123456789012345
0 .........r......
1 ................
2 ................
3 ................
4 ................
5 .............r..
6 ................
7 ................
8 ................
9 ................
0 ................
1 ................
2 ................
3 ................
4 ................
5 ................
6 ................
7 .........t......
8 ................
9 ................
0 ................
1 ................
2 ................
3 ................
4 ................
5 ................
6 ................
7 ................
8 ................
9 ................
0 ................
1 ................
2 ................
3 ................
4 ................
5 ................
6 ................
7 ................
8 ................
9 ................
0 ................
1 ...........r....
2 ................
3 ................
4 ................
5 ................
6 ................
7 ................
8 ................
9 ................
0 ................
1 ................
2 ................
3 ................
4 ................
5 ................
6 ................
7 ................
8 ................
9 ................
0 ................
1 ................
2 ................
3 ................
4 ................
5 ................
6 ................
7 ................
8 ................
9 ................
0 ......t.........
1 ................
2 ..............t.
3 ................
4 ................
5 ................
6 ................
7 ................
8 ................
9 ................
0 ................
1 ................
2 ................
3 ................
4 ................
5 ................
6 ................

*** Darwin 51x28 ***
Turn = 0.
  0123456789012345678901234567
0 ............................
1 ............................
2 ............................
3 ............................
4 ............................
5 ............................
6 ............................
7 ............................
8 ............................
9 .t..........................
0 ............................
1 ............................
2 .................r..........
3 ............................
4 ............................
5 ............................
6 ............................
7 ............................
8 ..........f.................
9 ............................
0 ............................
1 ............................
2 ............................
3 ............................
4 ............................
5 ............................
6 ............................
7 ............................
8 ............................
9 ............................
0 ...............t............
1 ............................
2 ............................
3 .f..........................
4 ............................
5 ............................
6 ............................
7 ............................
8 ............................
9 ............................
0 ............................
1 ............................
2 ............................
3 h...........................
4 ............................
5 ............................
6 ............................
7 ............................
8 ............................
9 .r..........................
0 ............................

Turn = 30.
  0123456789012345678901234567
0 ............................
1 ............................
2 ............................
3 ............................
4 ............................
5 ............................
6 ............................
7 ............................
8 ............................
9 .t..........................
0 ............................
1 ............................
2 ............................
3 ............................
4 ............................
5 ............................
6 ............................
7 ............................
8 ..........f.................
9 ............................
0 ............................
1 ............................
2 ............................
3 ............................
4 ............................
5 ............................
6 ............................
7 ............................
8 ............................
9 ............................
0 ...............t............
1 ............................
2 ............................
3 .f..........................
4 ............................
5 ............................
6 ............................
7 ............................
8 ............................
9 ............................
0 ............................
1 ............................
2 .................r..........
3 ............................
4 ............................
5 ............................
6 ............................
7 .........................r..
8 .........................r..
9 ............................
0 ............................

Turn = 60.
  0123456789012345678901234567
0 ............................
1 ............................
2 ............................
3 ............................
4 ............................
5 ............................
6 ............................
7 ............................
8 ............................
9 .t..........................
0 ............................
1 ............................
2 ............................
3 ............................
4 ............................
5 ............................
6 ............................
7 ............................
8 ..........f.................
9 ............................
0 ............................
1 ............................
2 ............................
3 ............................
4 ............................
5 ............................
6 ............................
7 ...........................r
8 ............................
9 ............................
0 ...............t............
1 ............................
2 ............................
3 .f..........................
4 ............................
5 ............................
6 ............................
7 ............................
8 ............................
9 ............................
0 ............................
1 ............................
2 ............................
3 ............................
4 ............................
5 ............................
6 ............................
7 rr..........................
8 ............................
9 ............................
0 ............................

*** Darwin 38x24 ***
Turn = 0.
  012345678901234567890123
0 ........................
1 ........................
2 ........................
3 ........................
4 ............h...........
5 ........................
6 ........................
7 ........................
8 ........................
9 ....r...................
0 ........................
1 ........................
2 ........................
3 ........................
4 ........................
5 t.......................
6 ........................
7 ........................
8 ........................
9 ........................
0 ........................
1 ........................
2 ........................
3 ........................
4 ........................
5 ...r...........h........
6 ........................
7 ............t...........
8 ..............f.........
9 ........................
0 ........................
1 ........................
2 ........................
3 ........................
4 ........................
5 ........................
6 ........................
7 ........................

Turn = 17.
  012345678901234567890123
0 ........................
1 ........................
2 ........................
3 ........................
4 h.......................
5 ........................
6 ........................
7 ........................
8 ........................
9 ........................
0 ........................
1 ........................
2 ........................
3 ........................
4 ........................
5 t.......................
6 ........................
7 ........................
8 ........................
9 ........................
0 ........................
1 ........................
2 ........................
3 ........................
4 ........................
5 ........................
6 ....r...................
7 ............t...........
8 ..............f.........
9 ........................
0 ........................
1 ........................
2 ........................
3 ........................
4 ........................
5 ........................
6 ........................
7 r..............h........

Turn = 34.
  012345678901234567890123
0 ........................
1 ........................
2 ........................
3 ........................
4 h.......................
5 ........................
6 ........................
7 ........................
8 ........................
9 ........................
0 ........................
1 ........................
2 ........................
3 ........................
4 ........................
5 t.......................
6 ........................
7 ........................
8 ........................
9 ........................
0 ........................
1 ........................
2 r.......................
3 ........................
4 ........................
5 ........................
6 ........................
7 ............t...........
8 ..............f.........
9 ........................
0 ........................
1 ........................
2 ........................
3 ........................
4 ........................
5 ........................
6 ........................
7 r..............h........

Turn = 51.
  012345678901234567890123
0 ........................
1 ........................
2 ........................
3 ........................
4 h.......................
5 r.......................
6 r.......................
7 ........................
8 ........................
9 ........................
0 ........................
1 ........................
2 ........................
3 ........................
4 ........................
5 ........................
6 ........................
7 ........................
8 ........................
9 ........................
0 r.......................
1 ........................
2 ........................
3 ........................
4 ........................
5 ........................
6 ........................
7 ............t...........
8 ..............f.........
9 ........................
0 ........................
1 ........................
2 ........................
3 ........................
4 ........................
5 ........................
6 ........................
7 ...............h........

Turn = 68.
  012345678901234567890123
0 ........r...............
1 ........................
2 ........................
3 r.......................
4 ..............r.........
5 ...............r........
6 ........................
7 ........................
8 ........................
9 ........................
0 ........................
1 ........................
2 ........................
3 ........................
4 ........................
5 ........................
6 ........................
7 ........................
8 ........................
9 ........................
0 ........................
1 ........................
2 ........................
3 ........................
4 ........................
5 ........................
6 ........................
7 ............t...........
8 ..............f.........
9 ........................
0 ........................
1 ........................
2 ........................
3 ........................
4 ........................
5 ........................
6 ........................
7 ...............h........

Turn = 85.
  012345678901234567890123
0 ...........r..........r.
1 .......................r
2 ........................
3 ........................
4 ........................
5 ................r.......
6 ........................
7 ........................
8 ........................
9 ........................
0 ........................
1 ........................
2 ........................
3 ........................
4 ........................
5 ........................
6 ........................
7 ........................
8 ........................
9 ........................
0 ........................
1 ........................
2 ........................
3 ........................
4 ........................
5 ........................
6 ........................
7 ............t...........
8 ..............f.........
9 ........................
0 ........................
1 ........................
2 ........................
3 ........................
4 ........................
5 ........................
6 ........................
7 ...............h........

*** Darwin 13x40 ***
Turn = 0.
  0123456789012345678901234567890123456789
0 ................................f.......
1 ........................................
2 ........................................
3 ........................................
4 ........................................
5 ................h.......................
6 ........................................
7 ........................................
8 ........................................
9 ........................................
0 ........................................
1 ..........r.............................
2 ..............h.........................

Turn = 17.
  0123456789012345678901234567890123456789
0 ..............h.................f.......
1 ........................................
2 ........................................
3 ........................................
4 ........................................
5 h.......................................
6 ........................................
7 ........................................
8 ........................................
9 ........................................
0 r.......................................
1 ........................................
2 ........................................

Turn = 34.
  0123456789012345678901234567890123456789
0 ..............h.................f.......
1 ........................................
2 ........................................
3 ........................................
4 r.......................................
5 ........................................
6 ...........r............................
7 ........................................
8 ........................................
9 ........................................
0 ........................................
1 ........................................
2 ........................................

*** Darwin 24x16 ***
Turn = 0.
  0123456789012345
0 ................
1 ................
2 ................
3 ........h..t....
4 ................
5 ................
6 ................
7 ................
8 ................
9 ................
0 ................
1 .........r......
2 ..t.............
3 .........f......
4 ............f...
5 h...............
6 ..t.............
7 ................
8 ................
9 ..t.............
0 ................
1 ................
2 ................
3 ................

Turn = 10.
  0123456789012345
0 ................
1 ................
2 ................
3 ...........t....
4 ................
5 h...............
6 ................
7 ................
8 ................
9 ................
0 ................
1 ................
2 ..t.............
3 ........h.......
4 ............f...
5 ................
6 ..t.............
7 ................
8 ................
9 ..t.............
0 .........r......
1 ................
2 .........r......
3 ................

Turn = 20.
  0123456789012345
0 h...............
1 ................
2 ................
3 ...........t....
4 ................
5 ................
6 ................
7 ................
8 ................
9 ................
0 ................
1 ................
2 ..t.............
3 ................
4 ............f...
5 ................
6 ..t.............
7 ................
8 ................
9 ..t.............
0 ................
1 ................
2 ...............r
3 .r......h.......

Turn = 30.
  0123456789012345
0 h...............
1 ................
2 ................
3 ...........t....
4 ................
5 ................
6 ................
7 ................
8 ................
9 ................
0 ................
1 ................
2 ..t.............
3 ................
4 ............f...
5 r...............
6 ..t.............
7 ................
8 ................
9 ..t.............
0 ................
1 ................
2 ................
3 ........rr......

Turn = 40.
  0123456789012345
0 h...............
1 ................
2 ................
3 ...........t....
4 ................
5 r...............
6 ................
7 ................
8 ................
9 ................
0 ................
1 ................
2 ..t.............
3 ................
4 ............f...
5 ................
6 ..t.............
7 ................
8 ................
9 ..t.............
0 ................
1 ................
2 r...............
3 ...............r

Turn = 50.
  0123456789012345
0 ..r.............
1 ................
2 ................
3 ...........t....
4 r...............
5 ................
6 ................
7 ................
8 ................
9 ................
0 ................
1 ................
2 r.t.............
3 ................
4 ............f...
5 ................
6 ..t.............
7 ................
8 ................
9 ..t.............
0 ................
1 ................
2 ................
3 ........r.......

Turn = 60.
  0123456789012345
0 ............r...
1 ................
2 ................
3 ...........t....
4 ................
5 ................
6 ................
7 ................
8 .....r..........
9 ......r.........
0 ................
1 ................
2 ..t.............
3 ................
4 ............f...
5 ................
6 ..t.............
7 ................
8 ................
9 ..t.............
0 ................
1 ................
2 r...............
3 ................

Turn = 70.
  0123456789012345
0 ................
1 ................
2 ................
3 ...........t....
4 ................
5 ................
6 ...............r
7 ................
8 ...............r
9 ...............r
0 ................
1 ................
2 r.t.............
3 ................
4 ............f...
5 ................
6 ..t.............
7 ................
8 ................
9 ..t.............
0 ................
1 ................
2 ................
3 ................


