*** Darwin 2x2 ***
Turn = 0.
  01
0 t.
1 .h

Turn = 1.
  01
0 th
1 ..

Turn = 2.
  01
0 tt
1 ..

Turn = 3.
  01
0 tt
1 ..

*** Darwin 3x3 ***
Turn = 0.
  012
0 .h.
1 h.h
2 .h.

Turn = 1.
  012
0 ...
1 hhh
2 .h.

Turn = 2.
  012
0 ...
1 hhh
2 .h.

Turn = 3.
  012
0 ...
1 hhh
2 .h.

Turn = 4.
  012
0 ...
1 hhh
2 .h.

*** Darwin 10x1 ***
Turn = 0.
  0
0 r
1 .
2 .
3 .
4 f
5 .
6 .
7 .
8 .
9 r

Turn = 1.
  0
0 .
1 r
2 .
3 .
4 f
5 .
6 .
7 .
8 r
9 .

Turn = 2.
  0
0 .
1 .
2 r
3 .
4 f
5 .
6 .
7 r
8 .
9 .

Turn = 3.
  0
0 .
1 .
2 .
3 r
4 f
5 .
6 r
7 .
8 .
9 .

Turn = 4.
  0
0 .
1 .
2 .
3 r
4 r
5 r
6 .
7 .
8 .
9 .

Turn = 5.
  0
0 .
1 .
2 .
3 r
4 r
5 r
6 .
7 .
8 .
9 .

Turn = 6.
  0
0 .
1 .
2 .
3 r
4 r
5 r
6 .
7 .
8 .
9 .

Turn = 7.
  0
0 .
1 .
2 .
3 r
4 r
5 r
6 .
7 .
8 .
9 .

Turn = 8.
  0
0 .
1 .
2 .
3 r
4 r
5 r
6 .
7 .
8 .
9 .

Turn = 9.
  0
0 .
1 .
2 r
3 .
4 r
5 r
6 .
7 .
8 .
9 .

Turn = 10.
  0
0 .
1 r
2 .
3 .
4 r
5 r
6 .
7 .
8 .
9 .

*** Darwin 8x8 ***
Turn = 0.
  01234567
0 ........
1 .fh..tf.
2 .h......
3 ........
4 ........
5 ........
6 .f....f.
7 ........

Turn = 2.
  01234567
0 ........
1 .f..htf.
2 ........
3 ........
4 .h......
5 ........
6 .f....f.
7 ........

Turn = 4.
  01234567
0 ........
1 .f..htt.
2 ........
3 ........
4 ........
5 .h......
6 .f....f.
7 ........

Turn = 6.
  01234567
0 ........
1 .f..ttt.
2 ........
3 ........
4 ........
5 .h......
6 .f....f.
7 ........

Turn = 8.
  01234567
0 ........
1 .f..ttt.
2 ........
3 ........
4 ........
5 .h......
6 .f....f.
7 ........

Turn = 10.
  01234567
0 ........
1 .f..ttt.
2 ........
3 ........
4 ........
5 .h......
6 .f....f.
7 ........

Turn = 12.
  01234567
0 ........
1 .f..ttt.
2 ........
3 ........
4 ........
5 .h......
6 .f....f.
7 ........

Turn = 14.
  01234567
0 ........
1 .f..ttt.
2 ........
3 ........
4 ........
5 .h......
6 .f....f.
7 ........

Turn = 16.
  01234567
0 ........
1 .f..ttt.
2 ........
3 ........
4 ........
5 .h......
6 .f....f.
7 ........

Turn = 18.
  01234567
0 ........
1 .f..ttt.
2 ........
3 ........
4 ........
5 .h......
6 .f....f.
7 ........

Turn = 20.
  01234567
0 ........
1 .f..ttt.
2 ........
3 ........
4 ........
5 .h......
6 .f....f.
7 ........

*** Darwin 20x20 ***
Turn = 0.
  01234567890123456789
0 ....................
1 ..f.................
2 ....................
3 ....................
4 ...................r
5 ....r...............
6 ....................
7 ....................
8 ....................
9 h........t..........
0 ..........t........h
1 ....................
2 ...r................
3 ....................
4 ....................
5 ....................
6 ....................
7 ..............r.....
8 ....................
9 ....................

Turn = 4.
  01234567890123456789
0 ....................
1 ..f.................
2 ....................
3 ....................
4 ...............r....
5 ....................
6 ....................
7 ....................
8 ....................
9 ...hr....t..........
0 ..........t....h....
1 ....................
2 .......r............
3 ..............r.....
4 ....................
5 ....................
6 ....................
7 ....................
8 ....................
9 ....................

Turn = 8.
  01234567890123456789
0 ....................
1 ..f.................
2 ....................
3 ....................
4 ...........r........
5 ....................
6 ....................
7 ....................
8 ....................
9 ......h..t....r.....
0 ..........th........
1 ....................
2 ...........r........
3 ....r...............
4 ....................
5 ....................
6 ....................
7 ....................
8 ....................
9 ....................

Turn = 12.
  01234567890123456789
0 ....................
1 ..f.................
2 ....................
3 ....................
4 .......r............
5 ..............r.....
6 ....................
7 ....................
8 ....................
9 ........tt..........
0 ..........tt........
1 ....................
2 ...............r....
3 ....................
4 ....................
5 ....................
6 ....................
7 ....r...............
8 ....................
9 ....................

Turn = 16.
  01234567890123456789
0 ....................
1 ..f...........r.....
2 ....................
3 ....................
4 ...r................
5 ....................
6 ....................
7 ....................
8 ....................
9 ........tt..........
0 ..........tt........
1 ....................
2 ...................r
3 ....................
4 ....................
5 ....................
6 ....................
7 ....................
8 ....................
9 ...r................

Turn = 20.
  01234567890123456789
0 ................r...
1 ..f.................
2 ....................
3 ....................
4 r...................
5 ....................
6 ....................
7 ....................
8 ....................
9 ........tt.........r
0 ..........tt........
1 ....................
2 ....................
3 ....................
4 ....................
5 ....................
6 ....................
7 ....................
8 ....................
9 r...................

Turn = 24.
  01234567890123456789
0 r..................r
1 ..f.................
2 ....................
3 ....................
4 ....................
5 ...................r
6 ....................
7 ....................
8 ....................
9 ........tt..........
0 ..........tt........
1 ....................
2 ....................
3 ....................
4 ....................
5 r...................
6 ....................
7 ....................
8 ....................
9 ....................

Turn = 28.
  01234567890123456789
0 ....................
1 ..f.................
2 r.................r.
3 ...................r
4 ....................
5 ....................
6 ....................
7 ....................
8 ....................
9 ........tt..........
0 ..........tt........
1 r...................
2 ....................
3 ....................
4 ....................
5 ....................
6 ....................
7 ....................
8 ....................
9 ....................

Turn = 32.
  01234567890123456789
0 ...................r
1 ..f.................
2 ..............r.....
3 ....................
4 ....................
5 ....................
6 r...................
7 r...................
8 ....................
9 ........tt..........
0 ..........tt........
1 ....................
2 ....................
3 ....................
4 ....................
5 ....................
6 ....................
7 ....................
8 ....................
9 ....................

Turn = 36.
  01234567890123456789
0 .................r..
1 ..f.................
2 ..........r.........
3 ....................
4 ....................
5 ....................
6 ....................
7 ...r................
8 r...................
9 ........tt..........
0 ..........tt........
1 ....................
2 ....................
3 ....................
4 ....................
5 ....................
6 ....................
7 ....................
8 ....................
9 ....................

Turn = 40.
  01234567890123456789
0 .............r......
1 ..f.................
2 ......r.............
3 ....................
4 ....................
5 ....................
6 ....................
7 .......r............
8 ....................
9 ........tt..........
0 ..........tt........
1 ....................
2 r...................
3 ....................
4 ....................
5 ....................
6 ....................
7 ....................
8 ....................
9 ....................

Turn = 44.
  01234567890123456789
0 .........r..........
1 ..f.................
2 ..r.................
3 ....................
4 ....................
5 ....................
6 ....................
7 ...........r........
8 ....................
9 ........tt..........
0 ..........tt........
1 ....................
2 ....................
3 ....................
4 ....................
5 ....................
6 r...................
7 ....................
8 ....................
9 ....................

Turn = 48.
  01234567890123456789
0 .....r..............
1 ..f.................
2 ....................
3 r...................
4 ....................
5 ....................
6 ....................
7 ...............r....
8 ....................
9 ........tt..........
0 ..........tt........
1 ....................
2 ....................
3 ....................
4 ....................
5 ....................
6 ....................
7 ....................
8 ....................
9 r...................

Turn = 52.
  01234567890123456789
0 .r..................
1 ..f.................
2 ....................
3 ....................
4 ....................
5 ....................
6 ....................
7 r..................r
8 ....................
9 ........tt..........
0 ..........tt........
1 ....................
2 ....................
3 ....................
4 ....................
5 ....................
6 ....................
7 ....................
8 ....................
9 ....r...............

Turn = 56.
  01234567890123456789
0 r...................
1 ..f.................
2 ....................
3 ....................
4 ...................r
5 ....................
6 ....................
7 ....................
8 ....................
9 ........tt..........
0 ..........tt........
1 r...................
2 ....................
3 ....................
4 ....................
5 ....................
6 ....................
7 ....................
8 ....................
9 ........r...........

Turn = 60.
  01234567890123456789
0 ...r...............r
1 ..f.................
2 ....................
3 ....................
4 ....................
5 ....................
6 ....................
7 ....................
8 ....................
9 ........tt..........
0 ..........tt........
1 ....................
2 ....................
3 ....................
4 ....................
5 r...................
6 ....................
7 ....................
8 ....................
9 ............r.......
