*** Darwin 32x32 ***
Turn = 0.
  01234567890123456789012345678901
0 ...............r..r...........h.
1 ..f.............................
2 ......t....................t....
3 fr...........f..................
4 ..........r.....................
5 ..............................f.
6 ..................r....t........
7 ....f...........................
8 ..........................r.....
9 .......f......hr...f............
0 ................t...............
1 ............r..........r........
2 ......h....r..........r.........
3 .................t..............
4 ..........f.....................
5 ..r..........................t..
6 .t..........h...........t.......
7 .............f.................h
8 ......tf......t...t....r........
9 ........t.....................h.
0 ...............................h
1 .......h...............f........
2 ................................
3 ........t.......................
4 .fr.t............f....r.........
5 ..........................t.....
6 ............................f...
7 ....f...r.......................
8 ................................
9 ...........................r....
0 ...r......h..........h..........
1 ..............t.....t...........

Turn = 4.
  01234567890123456789012345678901
0 ..........................h.....
1 ..f.............................
2 r.....t.........rr.........t....
3 .............f..................
4 ......r.........................
5 ..............................f.
6 r......................t........
7 ....f...........................
8 ......................r.........
9 .......f...r.......f....r.......
0 ................t.r.............
1 ..r.....r.......................
2 ..h...............r.............
3 ..............h..t.............h
4 ..........f.....................
5 .............................t..
6 .t.........r....h.......t.......
7 .............f..................
8 ......tt......t...tr............
9 ........t.......................
0 ................................
1 ...h...................f........
2 ................................
3 ........r.....................h.
4 .f..t...r........f........t....h
5 ..........................t.....
6 ..........h.................f...
7 ....f...........................
8 ..r.............................
9 ................................
0 .................h..............
1 .r............t.....t.....r.....

Turn = 8.
  01234567890123456789012345678901
0 r.....................h.........
1 ..f.............................
2 ......t....................t....
3 .............f..................
4 ..r.............................
5 ..............................f.
6 ................rr.....t........
7 ..r.f...........................
8 ..................r.............
9 .......rr..........f........r..h
0 r...............t...............
1 ....r...........................
2 h.............r.................
3 .................tt.............
4 ..........f.....................
5 .............................t..
6 .t..................h...t.......
7 .............fh.................
8 ......tt......trr...............
9 ........r.......................
0 ........r..r....................
1 h.......r..............f........
2 ..........h.....................
3 ................................
4 .f..t............f........t.....
5 ..........................t.....
6 ............................f...
7 ....f.........................h.
8 ...............................h
9 ................................
0 .............h..................
1 r.r...........t.....t.r.........

Turn = 12.
  01234567890123456789012345678901
0 ...r..............h.............
1 ..f.............................
2 ......t....................t....
3 r.r..........f..................
4 ................................
5 .......r......................fh
6 .......................t........
7 ....f..............r............
8 ................................
9 ....r...........r..f...........r
0 ................rr..............
1 rr..............................
2 ..........r.....................
3 .................tt.............
4 r.........f.....................
5 ........r.......r............t..
6 .t.....................tt.......
7 .............fr.................
8 ......ttt.h...r.................
9 ................................
0 ...............r................
1 h...r..................f........
2 ................................
3 ................................
4 .f..t......r.....f........t.....
5 ..........................t.....
6 ............................f...
7 r...f...........................
8 ................................
9 ................................
0 .........h......................
1 ......r.......t...rr..........hh

Turn = 16.
  01234567890123456789012345678901
0 r......r......h.................
1 .r.............................h
2 ...r..tt...................t....
3 .............f..................
4 ................................
5 ..............................f.
6 .......................t........
7 r...f..................r........
8 ................................
9 r............r.....f............
0 ................................
1 ........r.......................
2 ......r.........r...............
3 ...............r.rt............r
4 ..........f.....................
5 .r........h......r...........t..
6 tt.....................tt.......
7 .............f....r.............
8 ......ttt.........r.............
9 ................................
0 ................................
1 rr.....................f........
2 ................................
3 r...............................
4 .f..t..........r.f........t.....
5 ..........................t.....
6 ............................f...
7 ....f...........................
8 ...........r....................
9 ................................
0 .....h..........................
1 ..........r...rrr.............hh

*** Darwin 32x32 ***
Turn = 0.
  01234567890123456789012345678901
0 ...............r................
1 ............................t...
2 ............t.f..f..........r...
3 .....f........h......h......r...
4 t...h........r..................
5 r..r.......t....................
6 ...rf...........................
7 ................................
8 ........................hh.....t
9 ......t...t...............f.....
0 ................................
1 ......h...............r.....r...
2 ......t.........................
3 ............h...................
4 ...f.........r..................
5 .......h........................
6 .....f.......................r..
7 .....................h..........
8 .....f........f....t............
9 ................................
0 ...t.......h....................
1 ...t....t.......................
2 .t...........hf....t............
3 ................................
4 ....r....h.....r...............r
5 .....r..............t...........
6 ................................
7 h....r.r.......t............r..r
8 ..............................t.
9 ....r.........t...t............f
0 ................................
1 ...........r....................

Turn = 4.
  01234567890123456789012345678901
0 ...........r....................
1 r...........................t...
2 r..r........ttf..f.......r......
3 .....f...................h.....r
4 r...............................
5 ...........t....................
6 r...f...........................
7 ..............h.................
8 ........................hh.....t
9 ......t...t.h.............f.....
0 ......t.........................
1 ...............................r
2 ......t......................r..
3 ................................
4 ...f............................
5 ......................r.........
6 .....f..........................
7 .........................h......
8 .....f.......rf....t............
9 .......h.....h..................
0 ...t...........r...............r
1 ...t....tt.....r................
2 .t............f....t............
3 h...............................
4 r...............................
5 .r..................t...........
6 ................................
7 ...r...........t................
8 ...r..........................tt
9 ........r.....t...t............t
0 ................................
1 ..............r.............r...

Turn = 8.
  01234567890123456789012345678901
0 ..r....r........................
1 r.r.........................t...
2 ............ttt..f...r..........
3 .....f.......................h..
4 ..r.............................
5 ..r........th...................
6 ....f...........................
7 ...............................r
8 ........................hh...r.t
9 ......t...t...............f.....
0 ......t.........................
1 ..............h.................
2 ......t.........................
3 ................................
4 ...f............................
5 ...............................r
6 .....f.........................r
7 ...............r.............h..
8 .....f.....r..f....t............
9 h.........r...........r.........
0 ...t...............r............
1 r..t....tt......................
2 .t............f....t............
3 .......h........................
4 ................................
5 ....................t...........
6 r...............................
7 r..............t................
8 r.............................tt
9 ............r.t...t............t
0 ................................
1 ..................r......r......

Turn = 12.
  01234567890123456789012345678901
0 r..r............................
1 ......r.....................t...
2 ............ttt..rr.............
3 .....f......t..................h
4 ......r......................r..
5 r.....r....t....................
6 ....f...........................
7 ................................
8 ........................hh..r..r
9 ......t...t...............f.....
0 ......t.........................
1 ................................
2 ......t.........................
3 ...............r................
4 ...f............................
5 h.............h.............r...
6 .....f.........................r
7 r..............................r
8 .....f.r......f....t............
9 ......r.........................
0 ...t...................r........
1 ...t....tt......................
2 .t............f....t............
3 ......................r.........
4 ................................
5 ....................t...........
6 r...r...........................
7 ...r...h.......t................
8 ..............................tt
9 .............tt...t............t
0 ................................
1 .....................rr.........

Turn = 16.
  01234567890123456789012345678901
0 r............................r..
1 ..........r.................t...
2 ............ttrr................
3 r....f......t..................h
4 ..........r.....................
5 ..........rt....................
6 ....f............r..............
7 ................................
8 ........................rrr.....
9 r.....t...t....r..........f.....
0 ......t.........................
1 h...............................
2 ......t........................r
3 r...............................
4 ...f............................
5 ........................r.......
6 .....f.......................r..
7 ..............h.................
8 ....r.........f....t...........r
9 ..r.............................
0 ...t.r.....................r....
1 ...t....tt......................
2 rt............f....t............
3 ................................
4 ................................
5 ....................t...........
6 ........r.......................
7 .......r.......t......r.........
8 ......................r.......tt
9 .............tt...t............t
0 ................................
1 .......h..........r.............

*** Darwin 32x32 ***
Turn = 0.
  01234567890123456789012345678901
0 fr..............................
1 ................................
2 ............h...................
3 ..............h.................
4 .......h.................t......
5 .......f.rt.....f...............
6 ...h....h....h...f..............
7 f..f.......f.........h.....t....
8 .f.......t..................t...
9 ...t........f..........h....f...
0 r...............................
1 h...............................
2 ....fr..........................
3 .r......................h......f
4 ............t...................
5 .....f.............f............
6 .t..............................
7 ................................
8 ...............................h
9 ...................r.h..........
0 ...........h..f....t............
1 .....h................f.........
2 .................f..............
3 ..........................r.....
4 ...........t....................
5 ......................t.........
6 ...rf......h....................
7 ................................
8 ......h..f....................t.
9 ...........rt...................
0 .f...t....r......ft.............
1 t..t............................

Turn = 4.
  01234567890123456789012345678901
0 .r..............................
1 ................................
2 .r......h....h..................
3 ................................
4 .......h.................t......
5 .......f..t.....f...............
6 ...h........h....f..............
7 f..f.....r.f..h..h.........t....
8 .f........r.................t...
9 ...t........f......h....h...t...
0 ....r...........................
1 r...............................
2 r...f....r......................
3 ...............................f
4 ............t..................h
5 .....f.............r............
6 .t.........h.......r............
7 ................................
8 ................................
9 .................h........r.....
0 ..............f....t............
1 .h....................f.........
2 .................f..............
3 ................................
4 ...........t....................
5 ......................t.........
6 r...f.....r.....................
7 ................................
8 ..h......f....................t.
9 ............t...................
0 .f...t.....h.....tt.............
1 t..t......r.....................

Turn = 8.
  01234567890123456789012345678901
0 .....r..h....h..................
1 ................................
2 ................................
3 ................................
4 .......h.................t......
5 .......f..t.....f.......h.......
6 .r.h.............f..............
7 f..f........rh.............t....
8 rf........r.r...............t...
9 ...t.......r.r.h............t...
0 ........r.......................
1 ..............h.................
2 ...rf......h.r.....r............
3 ...............................f
4 ............t..................h
5 .....f.........r..........r.....
6 .t..............................
7 ................................
8 ................................
9 .............h..................
0 ..............f....t............
1 h.....................f.........
2 ..........r......f..............
3 ................................
4 ...........t....................
5 ......................t.........
6 ....f...........................
7 ................................
8 h........f....................t.
9 ............t...................
0 rf...t...........tt.............
1 t..t..r....h....................

Turn = 12.
  01234567890123456789012345678901
0 .......rr....h..................
1 ........................h.......
2 ................................
3 ................................
4 .......h.................t......
5 r......f..t.r...f...............
6 ...h.............f..............
7 r..f...........r...........t....
8 ....r...........r..r........t...
9 .r.t........................t...
0 ..........r..rr.................
1 ............r..r..........r.....
2 ......r..rr.....................
3 ...............................f
4 ............t..................h
5 .....f.....r..r.................
6 .t..r...........................
7 ................................
8 ................................
9 .........rr.....................
0 ..............f....t............
1 h.....................f.........
2 .................f..............
3 ................................
4 ...........t....................
5 ......................t.........
6 ....f...........................
7 ................................
8 h........f....................t.
9 ............t...................
0 .f...t...........tt.............
1 r..rr.r....h....................

Turn = 16.
  01234567890123456789012345678901
0 .............h..........h.......
1 r...........r...................
2 ................................
3 r......r........................
4 .......rr..........r.....t......
5 ..........t.....f...............
6 ...h...r.....r...f..............
7 ...f........r......r......rt....
8 ........r...........r.......t...
9 ...t........................t...
0 ......r.........................
1 ................................
2 ..........r.....................
3 .r.............................f
4 ........r...t.r................h
5 .....f.r..r....r................
6 .t........r.....................
7 ................................
8 ................................
9 .....r........r.................
0 ....r.........f....t............
1 h.....................f.........
2 .................f..............
3 ................................
4 ...........t....................
5 ......................t.........
6 ....f...........................
7 ................................
8 h........f....................t.
9 r...........t...................
0 .f...t...........tt.............
1 .....r..r.rh....................

*** Darwin 32x32 ***
Turn = 0.
  01234567890123456789012345678901
0 ..................h.............
1 ...........fh...................
2 ..........f........f............
3 .....................r..........
4 .......h........................
5 .............................t..
6 ................................
7 ............t..f................
8 ............t..h............h...
9 ..f.............................
0 f......f........................
1 ..............rf.......r........
2 ................................
3 ...............h.......f........
4 ..r..h........................r.
5 ................................
6 ................................
7 .........f...........t..........
8 ........................h.......
9 ......................r.....r...
0 ....r......h..r....h............
1 ................................
2 ..h.........................h.f.
3 ............h...r....rt.........
4 h.......f.............h...h.....
5 ....f.......................ff..
6 .t...........t..................
7 h......................r........
8 ................................
9 f...f..r...........r..........h.
0 f...............................
1 h.........h.....r...............

Turn = 4.
  01234567890123456789012345678901
0 ......................h.........
1 ...........f....h...............
2 ..........f........f............
3 .........................r......
4 ...h............................
5 .............................t..
6 ................................
7 ............t..f................
8 ............t..h................
9 ..f.............................
0 f......f.......h................
1 .................r.r............
2 ............................h...
3 ................................
4 .........h.............r........
5 r...............................
6 .......................r.......r
7 .........f...........t..........
8 ............................h...
9 ..h.........h.....r............r
0 r......h..r............h........
1 ................................
2 ........................h.....f.
3 .................r....t.........
4 ....h...f.............th........
5 ....f..r....................ff..
6 .t...........t..................
7 .t........h.....r..........r....
8 ................r...............
9 f...f..........................h
0 f...............................
1 ....h.............r.............

Turn = 8.
  01234567890123456789012345678901
0 ..........................h.....
1 ...........f........h...........
2 ..........f........f............
3 .............................r..
4 h...............................
5 .............................t..
6 ................................
7 ............t..f................
8 ............t..h................
9 ..f............h................
0 f......f........................
1 .....................r.r........
2 ................................
3 ................................
4 .............h..................
5 ..h.........h...............h...
6 ............................h...
7 .........f...........t..........
8 r......................r........
9 r.............r.................
0 ...h..r................r...h...r
1 .......r........................
2 ..............................f.
3 ..........h..r........t........r
4 .......hf.............ttt.......
5 ....f.......................ff..
6 .t...........t..................
7 .t.................r...........r
8 ....................r...........
9 f...f..........................h
0 f...............................
1 ........h.....r.................

Turn = 12.
  01234567890123456789012345678901
0 ..............................h.
1 ...........f............h.......
2 ..........f........f............
3 ................................
4 h..............................r
5 .............................t..
6 ................................
7 ............t..f................
8 ............t..h................
9 ..f............h................
0 f......f........................
1 ..h.........h............r.r....
2 ................................
3 ................................
4 .................h..............
5 ............................h...
6 ............................h...
7 .......r.f...........t..........
8 ................................
9 r..r......r.....................
0 h.r.......h....................h
1 ................................
2 .......................r......f.
3 .........r............tt........
4 .......hf.............ttt......r
5 ....f.......................ff.r
6 .t...........t................r.
7 .t.....................r........
8 ........................r.......
9 f...f..........................h
0 f...............................
1 ...........rr...................

Turn = 16.
  01234567890123456789012345678901
0 ...............................h
1 ...........f................h...
2 ..........f........f............
3 ................................
4 h...............................
5 .............................t..
6 ................................
7 ............t..f................
8 ............t..h...............r
9 ..f.........t..h................
0 f.h....f........................
1 .............................r.r
2 ................................
3 .......r........................
4 .....................h..........
5 ............................h...
6 ..........h.................h...
7 .........f...........t..........
8 ................................
9 ..r...rr........................
0 ...............................h
1 r...............................
2 ..............................f.
3 r....r................ttt......r
4 .......hf.............t.t...r...
5 ....f.......................ff..
6 .t...........t.........r..r.....
7 .t.........rr..............r....
8 ............................r...
9 f...f..........................h
0 f...............................
1 ................................

*** Darwin 32x32 ***
Turn = 0.
  01234567890123456789012345678901
0 ........r..h....................
1 ............f......t............
2 ........................t.f.....
3 ..................f...........f.
4 ......................f........r
5 .............tt.................
6 ...f.r...........h..............
7 ...h............................
8 ............f....t..............
9 ................................
0 .................t.......f.....h
1 .............f.h......h.........
2 .................r....t.........
3 ..........................f.....
4 .f..........................f...
5 .....................r..........
6 ...............t...............t
7 .t.........................t....
8 ..h.......r...t......t.........t
9 ...................t............
0 ................................
1 ........................r.hf..r.
2 ...t............t...............
3 ..........................r.....
4 ............h.f.................
5 ..........f..............h......
6 .......t.....h..................
7 ......r................h..t.....
8 .....................t..........
9 ........r...............r..h....
0 ...........................r....
1 ................f...............

Turn = 4.
  01234567890123456789012345678901
0 ............r..h................
1 ............f......t............
2 .................h......t.f.....
3 ..................f...........f.
4 ......................f.........
5 .............tt.................
6 ...f.....r......................
7 ...............................r
8 ............f....t..............
9 ................................
0 .................t.......f......
1 ...h.........f....hh.r..........
2 ....................r.t.........
3 ..........................f.....
4 .f..........................f..h
5 ................................
6 ...............t...............t
7 .tt.....................r..t....
8 ..............t......t.........t
9 ...................t...........r
0 ............h...................
1 ...........................r....
2 ...t......r.....t.........r.....
3 ...........................r....
4 ..............f.................
5 ..........f.....................
6 .......t........................
7 .......t...........h......t.....
8 .....................t..........
9 ....................r..h.h......
0 .............h..................
1 .......r........f........r......

Turn = 8.
  01234567890123456789012345678901
0 ................rh.h............
1 ............f......t............
2 ........................t.f.....
3 ..................f...........f.
4 ......................f.........
5 .............tt.................
6 ...f.........r..................
7 .....................r..........
8 ............f....t..............
9 ................................
0 .................t.......f......
1 .............f....hh...........r
2 ......................t.........
3 ........................r.f.....
4 .f..........................f...
5 ...h...........................t
6 ............h..t....r.........rr
7 .tt........................t....
8 ..............t......t....r...r.
9 ...................t............
0 ................................
1 ...............................r
2 ...t............t...............
3 ................................
4 ..............f.................
5 ..........r.....................
6 .......t........................
7 .......t..r....h..........tr....
8 .....................t..........
9 ................r..h............
0 ................................
1 ...r.........h..f....r...h......

Turn = 12.
  01234567890123456789012345678901
0 .................r..r..h........
1 ............f......t............
2 ........................t.f.....
3 ..................f..r........f.
4 ......................f.........
5 .............tt.................
6 ...f.........t..................
7 ................................
8 ............f....t..............
9 ........................r.......
0 .................t.......f......
1 .............f....hh............
2 ............h.........t.........
3 ..........................f.....
4 .f........................r.f..r
5 ............................r.r.
6 ...............t..........r.....
7 .tt........................t....
8 ..............t.....tt....r.....
9 ...h...............t............
0 ................................
1 ................................
2 ...t............t...............
3 ................................
4 ..............f................r
5 ................................
6 .......t........................
7 .......t...h..............t.....
8 .....................t..........
9 ..........r.r..h................
0 ................................
1 r.........r..h..fr.......h.r....

Turn = 16.
  01234567890123456789012345678901
0 ....................rr..r..h....
1 ............f......t............
2 ........................t.f.....
3 ..................f...........f.
4 ......................f.........
5 .............tt.........r.......
6 ...f.........t..................
7 ................................
8 ............f....t..............
9 ............h...................
0 .................t.......f......
1 .............f....hh......r.....
2 ......................t.........
3 .............................r..
4 .f.........................rr...
5 ........................r.r.....
6 ...............t......r.........
7 .tt........................t....
8 ..............t.....ttr.........
9 ...................t............
0 ................................
1 ...t............................
2 ...t............t...............
3 ................................
4 ..............f.................
5 ................................
6 .......t........................
7 r......th.................t.....
8 ................r....t.........r
9 ........r..h....................
0 ............r...................
1 ............rrr..........h....r.
