*** Darwin 25x25 ***
Turn = 0.
  0123456789012345678901234
0 t.fr....tf.r...thr.r.rrt.
1 rth.f..f.ftt...h.....rrr.
2 .r..r.rf.h.f.th.....rtf.f
3 fhfthf.h..ftt.rfh......h.
4 f.fthh.f...f.......h....f
5 .fh.r..h...hrfhtf.th.t.f.
6 t..t..rfftr.t..frrr.tr.r.
7 t.fr..rttt......f......t.
8 ..r.tff....rhf......r..t.
9 .r.t...r.ht.rfh.ttrr...h.
0 .f.hf...ht..trrr..hfhf...
1 ..h..hf.r..rfftfh..t..f.t
2 ..h.hht..r.rf.....t..t.f.
3 f......rfttfrh.htf.fr.tth
4 ..trr.rr...f.rrf...f..h.t
5 .tfrffhf..t..h..rf.h..thr
6 .hff.tf..hf.r.r...hrf.f.r
7 f...tfff...h.hftr..r....r
8 r...rf.h..ttf....rhrtfhf.
9 .fhthtr...rfr..f..tr..t..
0 ..h.rt.tff...f.h....h..t.
1 .hrft.f.th..rt..htr...hf.
2 f.t..t..t.fh..tr...htf.f.
3 .t.tt...ft.r...htf.r.t.ht
4 ..h..h.ht..h..ff.t..r.f.t

Turn = 4.
  0123456789012345678901234
0 t.r.r...ttt....rrr..rrrr.
1 .tr....f.ttt...t......rr.
2 rtrt.t.fh..t.tt......tt.r
3 r.fttt.h..rrr.tf...hh...r
4 fhrrt.hf...f.r.h.r......r
5 .rrr..rrr....fhtt.t..t.f.
6 t.rrr..rttt.t.rtt.trttt..
7 trr.r..ttr......r.rr...t.
8 ....ttt..tt.hf..rr.....t.
9 r..t......trr.r.rr.....t.
0 ..rrf...r.r..r...rrrhf...
1 ...r..t.r.r.rrttt.rr..f.t
2 h..r.htrr.rrrrrt..t..t.f.
3 f.r...rr.r..r..ttf.r.tttt
4 ..tt.rrr.r.ttt..r.rr.tt.t
5 .tt....rrrt...r.r....ht.t
6 ..tf.tf...t......rr.f.t.t
7 ..r.ttff..rr..tt..r....t.
8 rr..ttr...rrtr.rr.r.ttttr
9 r..rrrr..h.rrr.f..r...t.r
0 h...rr.rtt..r...rr....tt.
1 .rr...rrtt.r...trr.r..tt.
2 ftt.tt..t.rr..tt.....t.t.
3 .t.tt...tt....rrtrr..t.tt
4 h....hh.t....hrr.rr.r.f.t

Turn = 8.
  0123456789012345678901234
0 t....r.tttt...r...r...trr
1 r.r....f.ttt......r...t.r
2 rrrt.t.rr.rr.ttt....rtt.r
3 rrrttt.hr.r...tt...rrr...
4 rrttt.hf...f..rr.t.......
5 rr.r...r..r..frtttt..t.f.
6 rrr...r.tr..rrrr.rtrttt..
7 r.r...trrr......rrrr...t.
8 rr.ttt.r....r.rrr.r....t.
9 ...t.....rrrr.r....rrr.t.
0 r..trr.rrr..r.rrr..r..r..
1 r....r..rr.....r.r..rtr.t
2 rr...rrrrr...r..rtt..trr.
3 r...r..rrr.t..tttt...rttt
4 .trrr.rr..tttt..t....tt.t
5 .tt...rr..t.....t...rtt.t
6 r.tt.trr..t....rr...f.t.t
7 ...tttrr..ttr.trr..r...t.
8 rr..tt...trr..rrr...tttt.
9 ....tt...t....r.rrr...t.r
0 rr..rt.rrt.r.rrtr.rr..ttt
1 rr.rrtrrtt....ttt.....tt.
2 r...rt..tr.r..tt.....t.t.
3 .t.tt...rrt...ttttrr.t.tt
4 h....hh.t....rtt.t....f.t

Turn = 12.
  0123456789012345678901234
0 tr....rrrtrr..r....r..ttt
1 tr....rfrrtt.........rr..
2 t..rrr.rrrt.rttt......tr.
3 .rrrr.r.rr....tt...r..r..
4 rrr.rrrr.r.r..tt.t..r.r..
5 rrr..r.r..r..ttrttt.r..f.
6 rr....rrr....rrrtttr..t.r
7 r.....tr.....r...t..rr.t.
8 .r.ttt.r...rr.r...r..r.t.
9 ..rt...........r.rrr..rrr
0 ..trttrrrrr.r..rr.r.rrrrr
1 r.rrr.t.............rr..r
2 ..rrrrr....r..r.r.t..rrr.
3 r.r.rr.r..trrtttrr.rrrrr.
4 rrt..r....tttt..t..r.tr.r
5 rrtr..t.r.tr...rtr....t.r
6 rtttrtt.r.t.r..r..r.f.t.r
7 rr.rrt...rtt.rttt....r.t.
8 ...rtt...ttt...rr...trtt.
9 ....rr..rtr....rr.rr..t.t
0 ....rrr.rt....rrt....tttt
1 .r...r.rtt....tttr....tt.
2 ....tt..rt....tt.....t.t.
3 rr.tt.r.tttt.rtttt...t.tt
4 h.r..rrtt..t..r.rt....f.t
