*** Darwin 25x25 ***
Turn = 0.
  0123456789012345678901234
0 t........h............r..
1 .....t............hh.....
2 r........................
3 ........t................
4 ....r..................r.
5 ........t................
6 ...t.....................
7 .t.....r.................
8 .......................r.
9 .....t............f......
0 .........................
1 .........................
2 ......t.............r....
3 .........h..r............
4 .......h..........t......
5 .......h.................
6 ...................h.....
7 ........................h
8 ....t....................
9 .........r........h..f...
0 .t.............r.........
1 f.h......................
2 r........................
3 f........................
4 ......................r..

Turn = 1.
  0123456789012345678901234
0 t.......h................
1 .....t............h.h.r..
2 .........................
3 r.......t..............r.
4 ...r.....................
5 ........t................
6 ...t.....................
7 .t......r................
8 .........................
9 .....t............f....r.
0 .........................
1 .........................
2 ......t..h.........r.....
3 .........................
4 ........h...r.....t......
5 .........................
6 .......h..........h.....h
7 .........................
8 ....t.............h......
9 .....................f...
0 .t.......r......r........
1 r..h.....................
2 r........................
3 f........................
4 .......................r.

Turn = 2.
  0123456789012345678901234
0 t......h.................
1 .....t.............h.h...
2 ......................rr.
3 ........t................
4 r.r......................
5 ........t................
6 ...t.....................
7 .t.......r...............
8 .........................
9 .....t............f......
0 .......................r.
1 .........h...............
2 ......t...........r......
3 .........................
4 .........h........t......
5 ............r...........h
6 .................h.......
7 .......h..........h......
8 ....t....................
9 .....................f...
0 rt...............r.......
1 r...h....r...............
2 .........................
3 f........................
4 ........................r

Turn = 3.
  0123456789012345678901234
0 t.....h..................
1 .....t..............h.hr.
2 .........................
3 ........t.............r..
4 .r.......................
5 r.......t................
6 ...t.....................
7 .t........r..............
8 .........................
9 .....t............f......
0 .........h...............
1 .......................r.
2 ......t..........r.......
3 .........................
4 ..........h.......t.....h
5 .........................
6 ............r...h.h......
7 .........................
8 ....t..h.................
9 r....................f...
0 rt................r......
1 .....h...................
2 .........r...............
3 f........................
4 ........................r

Turn = 4.
  0123456789012345678901234
0 t....h.................r.
1 .....t...............hh..
2 .........................
3 ........t................
4 r.....................r..
5 ........t................
6 r..t.....................
7 .t.........r.............
8 .........................
9 .....t...h........f......
0 .........................
1 .........................
2 ......t.........r......r.
3 ........................h
4 ...........h......t......
5 ..................h......
6 ...............h.........
7 ............r............
8 r...t....................
9 r......h.............f...
0 .t.................r.....
1 ......h..................
2 .........................
3 f........r...............
4 ........................r

Turn = 5.
  0123456789012345678901234
0 t...h..................r.
1 .....t...............h.h.
2 .........................
3 ........t................
4 r........................
5 ........t.............r..
6 ...t.....................
7 rt..........r............
8 .........h...............
9 .....t............f......
0 .........................
1 .........................
2 ......t........r........h
3 .......................r.
4 ............h.....t......
5 ..................t......
6 ..............h..........
7 r........................
8 r...t.......r............
9 .....................f...
0 .t.....h............r....
1 .......h.................
2 .........................
3 f........................
4 .........r..............r

*** Darwin 25x25 ***
Turn = 0.
  0123456789012345678901234
0 ...............t...t....h
1 .....f...........t.......
2 .....f................f..
3 ..........t..............
4 ...h.....................
5 ......h......f.......r...
6 ................f........
7 ...f.........t...f.....t.
8 .................f...r...
9 .f.......................
0 ...........h....f........
1 .......r.................
2 ....f....................
3 ......................f..
4 f........................
5 ....................h....
6 f..........r.....r.......
7 .h.h..........r..........
8 .....f.............f.....
9 ....................h....
0 ...f...............rh....
1 ...r........f............
2 .............t...........
3 rh....h.t................
4 ..r......h.....h.........

Turn = 1.
  0123456789012345678901234
0 ...............t...t....h
1 .....f...........t.......
2 .....f................f..
3 ..........t..............
4 .........................
5 ...h.........f........r..
6 ......h.........f........
7 ...f.........t...f.....t.
8 .................f....r..
9 .f.......................
0 .......r....h...f........
1 .........................
2 ....f....................
3 ......................f..
4 f........................
5 .................r.......
6 fh........r.........h....
7 ....h..........r.........
8 .....f.............f.....
9 ....................h....
0 ...f..............rh.....
1 ............f............
2 ...r.........t...........
3 rh...h..th...............
4 ...r..........h..........

Turn = 2.
  0123456789012345678901234
0 ...............t...t....h
1 .....f...........t.......
2 .....f................f..
3 ..........t..............
4 .........................
5 .............f.........r.
6 ...h............f........
7 ...f..h......t...f.....t.
8 .................f.....r.
9 .f.....r.................
0 .............h..f........
1 .........................
2 ....f....................
3 ......................f..
4 f................r.......
5 .h.......................
6 f........r...............
7 .....h..........r...h....
8 .....f.............f.....
9 .........................
0 ...f.............rh.h....
1 ............f............
2 r........h...t...........
3 h..rh...t................
4 ....r........h...........

Turn = 3.
  0123456789012345678901234
0 ...............t...t....h
1 .....f...........t.......
2 .....f................f..
3 ..........t..............
4 .........................
5 .............f..........r
6 ...h............f........
7 ...f.........t...f.....t.
8 ......hr.........f......r
9 .f.......................
0 ..............h.f........
1 .........................
2 ....f....................
3 .................r....f..
4 fh.......................
5 .........................
6 f.......r................
7 ......h..........r.......
8 .....f.............fh....
9 .........................
0 ...f............rh.......
1 r........h..f.......h....
2 .............t...........
3 h..h....t................
4 ...r.r......h............

Turn = 4.
  0123456789012345678901234
0 ...............t...t....h
1 .....f...........t.......
2 .....f................f..
3 ..........t..............
4 .........................
5 .............f..........r
6 ...h............f........
7 ...f...r.....t...f.....t.
8 .................f......r
9 .f....h..................
0 ...............hf........
1 .........................
2 ....f............r.......
3 .h....................f..
4 f........................
5 .........................
6 f......r.................
7 .......h..........r......
8 .....f.............f.....
9 ....................h....
0 r..f.....h.....rh........
1 ............f............
2 .............t......h....
3 h.h.....t................
4 ...r..r....h.............

Turn = 5.
  0123456789012345678901234
0 ...............t...t....h
1 .....f...........t.......
2 .....f................f..
3 ..........t..............
4 ........................r
5 .............f...........
6 ...h...r........f........
7 ...f.........t...f.....t.
8 .................f.......
9 .f......................r
0 ......h........hf........
1 .................r.......
2 .h..f....................
3 ......................f..
4 f........................
5 .........................
6 f.....r..................
7 ........h..........r.....
8 .....f.............f.....
9 r........h...............
0 ...f..........rh....h....
1 ............f............
2 .............t...........
3 hh......t...........h....
4 ..r....r..h..............

*** Darwin 25x25 ***
Turn = 0.
  0123456789012345678901234
0 .........................
1 .........................
2 .t..................t....
3 ...f.....................
4 .........................
5 .r.......................
6 ...................f.....
7 ...........t.....hr......
8 .........................
9 .........................
0 ...........h....hr.t..t..
1 .....t......h............
2 .........................
3 .............h...........
4 ................ft.......
5 .........................
6 .........................
7 .........................
8 .........................
9 ......................t..
0 .........................
1 .........................
2 .........................
3 ........h................
4 ......................f..

Turn = 1.
  0123456789012345678901234
0 .........................
1 .........................
2 .t..................t....
3 ...f.....................
4 .........................
5 .........................
6 .r.................f.....
7 ...........t....h..r.....
8 .........................
9 ...........h.....r.......
0 ...............h...t..t..
1 .....t.......h...........
2 .........................
3 .........................
4 .............h..ft.......
5 .........................
6 .........................
7 .........................
8 .........................
9 ......................t..
0 .........................
1 .........................
2 .........................
3 .......h.................
4 ......................f..

Turn = 2.
  0123456789012345678901234
0 .........................
1 .........................
2 .t..................t....
3 ...f.....................
4 .........................
5 .........................
6 ...................f.....
7 .r.........t...h....r....
8 ...........h.....r.......
9 .........................
0 ..............h....t..t..
1 .....t........h..........
2 .........................
3 .........................
4 ................tt.......
5 .............h...........
6 .........................
7 .........................
8 .........................
9 ......................t..
0 .........................
1 .........................
2 .........................
3 ......h..................
4 ......................f..

Turn = 3.
  0123456789012345678901234
0 .........................
1 .........................
2 .t..................t....
3 ...f.....................
4 .........................
5 .........................
6 ...................f.....
7 ...........t..h..r...r...
8 .r.........t.............
9 .........................
0 .............h.....t..t..
1 .....t.........h.........
2 .........................
3 .........................
4 ................tt.......
5 .........................
6 .............h...........
7 .........................
8 .........................
9 ......................t..
0 .........................
1 .........................
2 .........................
3 .....h...................
4 ......................f..

Turn = 4.
  0123456789012345678901234
0 .........................
1 .........................
2 .t..................t....
3 ...f.....................
4 .........................
5 .........................
6 .................r.f.....
7 ...........t.h........r..
8 ...........t.............
9 .r.......................
0 ............h......t..t..
1 .....t..........h........
2 .........................
3 .........................
4 ................tt.......
5 .........................
6 .........................
7 .............h...........
8 .........................
9 ......................t..
0 .........................
1 .........................
2 .........................
3 ....h....................
4 ......................f..

Turn = 5.
  0123456789012345678901234
0 .........................
1 .........................
2 .t..................t....
3 ...f.....................
4 .........................
5 .................r.......
6 ...................f.....
7 ...........th..........r.
8 ...........t.............
9 .........................
0 .r.........h.......t..t..
1 .....t...........h.......
2 .........................
3 .........................
4 ................tt.......
5 .........................
6 .........................
7 .........................
8 .............h...........
9 ......................t..
0 .........................
1 .........................
2 .........................
3 ...h.....................
4 ......................f..

*** Darwin 25x25 ***
Turn = 0.
  0123456789012345678901234
0 ..h...............h......
1 t....................t...
2 ..............h.....r....
3 .........................
4 ......h............r.....
5 .......f....r............
6 ..f......................
7 .t....t.................t
8 .............h...........
9 ...f.....................
0 ....................h.hht
1 .........................
2 .........................
3 r......................t.
4 ..........h..r...........
5 .......t..r.......t......
6 .....fhr......t..........
7 .....t.......h......h....
8 ...t.f.....r...t.t.f.....
9 ..............tf.........
0 .f........f..............
1 ............r.......h...t
2 .........................
3 .........................
4 .........h...............

Turn = 1.
  0123456789012345678901234
0 .................h.......
1 t.h...........h......t...
2 ...................r.....
3 .........................
4 ............r.....r......
5 ......hf.................
6 ..f......................
7 .t....t.................t
8 ............h............
9 ...f.....................
0 ...................h...tt
1 ......................h..
2 .........................
3 .......................t.
4 r.........rh..r..........
5 .......t..........t......
6 .....fh.r.....t.....h....
7 .....t........h..........
8 ...t.t....r....t.t.f.....
9 ..............tf.........
0 .f........f.........h....
1 ........................t
2 ............r............
3 .........................
4 ........h................

Turn = 2.
  0123456789012345678901234
0 ..............h.h........
1 t....................t...
2 ..h...............r......
3 ............r............
4 .................r.......
5 .......f.................
6 ..f...h..................
7 .t....t.................t
8 ...........h.............
9 ...f.....................
0 ..................h....tt
1 .........................
2 ......................h..
3 ..........r............t.
4 ............h..r.........
5 r......t..........t.h....
6 .....f.h.r....t..........
7 .....t........t..........
8 ...t.t...r.....t.t.f.....
9 ..............tf....h....
0 .f........f..............
1 ........................t
2 .........................
3 ............r............
4 .......h.................

Turn = 3.
  0123456789012345678901234
0 ..............hh.........
1 t....................t...
2 ............r....r.......
3 ..h......................
4 ................r........
5 .......f.................
6 ..f...t..................
7 .t....t.................t
8 ..........h..............
9 ...f.....................
0 .................h.....tt
1 .........................
2 ..........r..............
3 ......................ht.
4 .............h..r...h....
5 .......t..........t......
6 r....f.t..r...t..........
7 .....t........t..........
8 ...t.t..r......t.t.fh....
9 ..............tf.........
0 .f........f..............
1 ........................t
2 .........................
3 .........................
4 ......h.....r............

Turn = 4.
  0123456789012345678901234
0 ..............hh.........
1 t...........r........t...
2 ................r........
3 .........................
4 ..h............r.........
5 .......f.................
6 ..f...t..................
7 .t....t.................t
8 .........h...............
9 ...f.....................
0 ................h......tt
1 ..........r..............
2 .........................
3 ....................h..t.
4 ..............h..r....h..
5 .......t..........t......
6 .....t.t...r..t..........
7 r....t........t.....h....
8 ...t.t.r.......t.t.f.....
9 ..............tt.........
0 .f........f..............
1 ........................t
2 .........................
3 .........................
4 .....h......r............

Turn = 5.
  0123456789012345678901234
0 ............r.hh.........
1 t....................t...
2 ...............r.........
3 .........................
4 ..............r..........
5 ..h....f.................
6 ..f...t..................
7 .t....t.................t
8 ........h................
9 ...f.....................
0 ..........r....h.......tt
1 .........................
2 ....................h....
3 .......................t.
4 ...............h..r......
5 .......t..........t...h..
6 .....t.t....r.t.....h....
7 .....t........t..........
8 r..t.tr........t.t.f.....
9 ..............tt.........
0 .f........f..............
1 ........................t
2 .........................
3 .........................
4 ....h......r.............

*** Darwin 25x25 ***
Turn = 0.
  0123456789012345678901234
0 .........................
1 .f.............h....r....
2 ........................f
3 .....f.....r........r....
4 ...f.t....t..............
5 f........................
6 ..................h......
7 ..t.....f.....r..........
8 ......f............h.....
9 ...r.......f.............
0 .....................r...
1 ...........h.....f.t.....
2 .........................
3 ................r.f......
4 ...r..h..................
5 ..h............f.......h.
6 ....r...t..........t.....
7 .............fr..........
8 .........................
9 .h.h.....................
0 ....h..........h.........
1 .....t.......t.........f.
2 ........t................
3 ...........r...........r.
4 .........................

Turn = 1.
  0123456789012345678901234
0 ...............h....r....
1 .f.......................
2 ........................f
3 .....f.............r.....
4 ...f.t....tr.............
5 f........................
6 .........................
7 ..t.....f.........h......
8 ......f.......r.....h....
9 ....r......f.........r...
0 ...........h.............
1 .................f.t.....
2 .........................
3 ...r..h..........rf......
4 .......................h.
5 ...h...........f.........
6 ...r....t..........t.....
7 .............f...........
8 ..............r..........
9 ..hhh..........h.........
0 .........................
1 .....t.......t.........f.
2 ........t..r.............
3 ......................r..
4 .........................

Turn = 2.
  0123456789012345678901234
0 ...............h....r....
1 .f.......................
2 ........................f
3 .....t............r......
4 ...f.t....tt.............
5 f........................
6 .........................
7 ..t.....f................
8 ......f...........h..r...
9 .....r.....f..r......r...
0 ...........h.............
1 .................f.t.....
2 ...r..h..................
3 .................r.....h.
4 ..................r......
5 ....h..........f.........
6 ..r.....t..........t.....
7 .............f...........
8 ....h..........h.........
9 ..hh..........r..........
0 .........................
1 .....t.....r.t.........f.
2 ........t................
3 .....................r...
4 .........................

Turn = 3.
  0123456789012345678901234
0 ...............h.....r...
1 .f.......................
2 ........................f
3 .....t...........r.......
4 ...f.t....tt.............
5 f........................
6 .........................
7 ..t.....f................
8 ......f..............rr..
9 ......r....f......h......
0 ...........h..r..........
1 ...r..h..........f.t.....
2 .......................h.
3 ..................r......
4 .........................
5 .....h.........f..r......
6 .r......t..........t.....
7 ....h........f.h.........
8 .........................
9 ..hh.....................
0 ...........r..r..........
1 .....t.......t.........f.
2 ........t................
3 ....................r....
4 .........................

Turn = 4.
  0123456789012345678901234
0 ...............h......r..
1 .f.......................
2 ........................f
3 .....t..........r........
4 ...f.t....tt.............
5 f........................
6 .........................
7 ..t.....f............r...
8 ......f................r.
9 .......r...f.............
0 ...r..h....h......h......
1 ..............r..f.t...h.
2 .........................
3 ...................r.....
4 .........................
5 ......h........f.........
6 r...h...t......h..rt.....
7 .............f...........
8 .........................
9 ..hh.......r.............
0 .........................
1 .....t.......tr........f.
2 ........t................
3 ...................r.....
4 .........................

Turn = 5.
  0123456789012345678901234
0 ...............h.......r.
1 .f.......................
2 ........................f
3 .....t.........r.........
4 ...f.t....tt.............
5 f........................
6 .....................r...
7 ..t.....f................
8 ......f.................r
9 ...r..h.r..f.............
0 ...........h...........h.
1 .................fht.....
2 ..............r..........
3 ....................r....
4 .........................
5 ....h..h.......f.........
6 r.......t......h...t.....
7 .............f....r......
8 ...........r.............
9 ..hh.....................
0 .........................
1 .....t.......t.........f.
2 ........t.....r..........
3 ..................r......
4 .........................

