*** Darwin 99x27 ***
Turn = 0.
  012345678901234567890123456
0 .f.........................
1 .....................h.....
2 .....................h.....
3 ..........f................
4 ...........................
5 ...........h...............
6 .....................h.....
7 f..........................
8 ..........................f
9 ..t........................
0 ...........................
1 .....h.....................
2 ....h............h.........
3 ..h...................f....
4 ...........................
5 ...........................
6 ...........................
7 ...........................
8 ...........................
9 ...........................
0 .h.........................
1 ...........................
2 ...........................
3 ...........................
4 ...........................
5 ...........................
6 ...........................
7 ...........................
8 ...........................
9 ...........................
0 ...........................
1 ...........................
2 ...........................
3 ...........................
4 ...........................
5 ....f......................
6 ...........................
7 ...........................
8 ...........................
9 ...........................
0 ...........................
1 ...........................
2 ...........................
3 ...........................
4 ...........................
5 ......f.........h..........
6 ....h......................
7 .......h...................
8 ..h........................
9 ........................h..
0 ...........................
1 ...........................
2 ...........................
3 ...........................
4 ...........................
5 ...........................
6 ...........................
7 ...........................
8 ...........................
9 ...........................
0 ...........................
1 ...........................
2 ..h........................
3 ...........................
4 ...........................
5 ...........................
6 ..t.............h..........
7 ..h........................
8 ...........................
9 ...........................
0 ....................h......
1 ...........................
2 ...........................
3 h..........................
4 ...........................
5 ...........................
6 ...........................
7 ....................h......
8 h..........................
9 ...........................
0 ...........................
1 ...........................
2 ...........................
3 ...........................
4 ...........h.......t.......
5 ...........................
6 ...........................
7 ...........................
8 .h..t......................
9 ...........h.........t.....
0 ...........................
1 ...........................
2 ...........................
3 ...........................
4 ...........................
5 ...........................
6 ...........................
7 ...........................
8 ...........................

Turn = 2.
  012345678901234567890123456
0 .f...................h.....
1 ...........................
2 ...........................
3 ..........fh...............
4 .....................h.....
5 ...........................
6 ...........................
7 f..........................
8 .....................h....f
9 ..t..h.....................
0 ...........................
1 ...........................
2 ..h............h...........
3 ......................f....
4 ...........................
5 ..h........................
6 ...........................
7 ...........................
8 .h.........................
9 ...........................
0 ...........................
1 ...........................
2 ...........................
3 ...........................
4 ...........................
5 ...........................
6 ...........................
7 ...........................
8 ...........................
9 ...........................
0 ...........................
1 ...........................
2 ...........................
3 ...........................
4 ...........................
5 ....f......................
6 ...........................
7 ...........................
8 ...........................
9 ...........................
0 ...........................
1 ...........................
2 ...........................
3 ...........................
4 ...........................
5 ......f.......h............
6 ...........................
7 .........h.................
8 ....h......................
9 ..........................h
0 ..h........................
1 ...........................
2 ...........................
3 ...........................
4 ...........................
5 ...........................
6 ...........................
7 ...........................
8 ...........................
9 ...........................
0 ...........................
1 ...........................
2 ...........................
3 ...........................
4 ..h........................
5 ...........................
6 ..t........................
7 ..t........................
8 ................h..........
9 ...........................
0 ......................h....
1 ...........................
2 ...........................
3 ..h........................
4 ...........................
5 ...........................
6 ...........................
7 ......................h....
8 ..h........................
9 ...........................
0 ...........................
1 ...........................
2 ...........................
3 ...........................
4 .........h.........t.......
5 ...........................
6 .h.........................
7 ...........h...............
8 ....t......................
9 .....................t.....
0 ...........................
1 ...........................
2 ...........................
3 ...........................
4 ...........................
5 ...........................
6 ...........................
7 ...........................
8 ...........................

Turn = 4.
  012345678901234567890123456
0 .f...................h.....
1 ...........h...............
2 ...........................
3 ..........f................
4 ...........................
5 ...........................
6 .....................h.....
7 f....h.....................
8 ..........................f
9 ..t........................
0 .....................h.....
1 ...........................
2 h............h.............
3 ......................f....
4 ...........................
5 ...........................
6 .h.........................
7 ..h........................
8 ...........................
9 ...........................
0 ...........................
1 ...........................
2 ...........................
3 ...........................
4 ...........................
5 ...........................
6 ...........................
7 ...........................
8 ...........................
9 ...........................
0 ...........................
1 ...........................
2 ...........................
3 ...........................
4 ...........................
5 ....f......................
6 ...........................
7 ...........................
8 ...........................
9 ...........................
0 ...........................
1 ...........................
2 ...........................
3 ...........................
4 ...........................
5 ......f.....h..............
6 ...........................
7 ...........h...............
8 ...........................
9 ..........................h
0 ....h......................
1 ...........................
2 ..h........................
3 ...........................
4 ...........................
5 ...........................
6 ...........................
7 ...........................
8 ...........................
9 ...........................
0 ...........................
1 ...........................
2 ...........................
3 ...........................
4 ...........................
5 ..t........................
6 ..t........................
7 ..t........................
8 ...........................
9 ...........................
0 ................h.......h..
1 ...........................
2 ...........................
3 ....h......................
4 ...........................
5 ...........................
6 ...........................
7 ........................h..
8 ....h......................
9 ...........................
0 ...........................
1 ...........................
2 ...........................
3 ...........................
4 .h.....h...........t.......
5 ...........h...............
6 ...........................
7 ...........................
8 ....t......................
9 .....................t.....
0 ...........................
1 ...........................
2 ...........................
3 ...........................
4 ...........................
5 ...........................
6 ...........................
7 ...........................
8 ...........................

Turn = 6.
  012345678901234567890123456
0 .f.........h.........h.....
1 ...........................
2 ...........................
3 ..........f................
4 ...........................
5 .....h.....................
6 ...........................
7 f..........................
8 .....................h....f
9 ..t........................
0 ...........................
1 ...........................
2 h..........h.........h.....
3 ......................f....
4 .h.........................
5 ...........................
6 ...........................
7 ...........................
8 ...........................
9 ..h........................
0 ...........................
1 ...........................
2 ...........................
3 ...........................
4 ...........................
5 ...........................
6 ...........................
7 ...........................
8 ...........................
9 ...........................
0 ...........................
1 ...........................
2 ...........................
3 ...........................
4 ...........................
5 ....f......................
6 ...........................
7 ...........................
8 ...........................
9 ...........................
0 ...........................
1 ...........................
2 ...........................
3 ...........................
4 ...........................
5 ......f...h................
6 ...........................
7 .............h.............
8 ...........................
9 ..........................h
0 ...........................
1 ...........................
2 ....h......................
3 ...........................
4 ..h........................
5 ...........................
6 ...........................
7 ...........................
8 ...........................
9 ...........................
0 ...........................
1 ...........................
2 ...........................
3 ...........................
4 ...........................
5 ..t........................
6 ..t........................
7 ..t........................
8 ...........................
9 ...........................
0 ..........................h
1 ...........................
2 ................h..........
3 ......h....................
4 ...........................
5 ...........................
6 ...........................
7 ..........................h
8 ......h....................
9 ...........................
0 ...........................
1 ...........................
2 .h.........................
3 ...........h...............
4 .....h.............t.......
5 ...........................
6 ...........................
7 ...........................
8 ....t......................
9 .....................t.....
0 ...........................
1 ...........................
2 ...........................
3 ...........................
4 ...........................
5 ...........................
6 ...........................
7 ...........................
8 ...........................

Turn = 8.
  012345678901234567890123456
0 .f.........h.........h.....
1 ...........................
2 ...........................
3 .....h....f................
4 ...........................
5 ...........................
6 ...........................
7 f..........................
8 ..........................f
9 ..t........................
0 .....................h.....
1 ...........................
2 hh.......h.................
3 ......................f....
4 .....................h.....
5 ...........................
6 ...........................
7 ...........................
8 ...........................
9 ...........................
0 ...........................
1 ..h........................
2 ...........................
3 ...........................
4 ...........................
5 ...........................
6 ...........................
7 ...........................
8 ...........................
9 ...........................
0 ...........................
1 ...........................
2 ...........................
3 ...........................
4 ...........................
5 ....f......................
6 ...........................
7 ...........................
8 ...........................
9 ...........................
0 ...........................
1 ...........................
2 ...........................
3 ...........................
4 ...........................
5 ......f.h..................
6 ...........................
7 ...............h...........
8 ...........................
9 ..........................h
0 ...........................
1 ...........................
2 ...........................
3 ...........................
4 ....h......................
5 ...........................
6 ..h........................
7 ...........................
8 ...........................
9 ...........................
0 ...........................
1 ...........................
2 ...........................
3 ...........................
4 ...........................
5 ..t........................
6 ..t........................
7 ..t........................
8 ...........................
9 ...........................
0 ..........................h
1 ...........................
2 ...........................
3 ........h..................
4 ................h..........
5 ...........................
6 ...........................
7 ..........................h
8 ........h..................
9 ...........................
0 .h.........................
1 ...........h...............
2 ...........................
3 ...........................
4 ...h...............t.......
5 ...........................
6 ...........................
7 ...........................
8 ....t......................
9 .....................t.....
0 ...........................
1 ...........................
2 ...........................
3 ...........................
4 ...........................
5 ...........................
6 ...........................
7 ...........................
8 ...........................

*** Darwin 7x9 ***
Turn = 0.
  012345678
0 t........
1 ........t
2 ....r....
3 ..h......
4 .........
5 ....r....
6 ........t

Turn = 1.
  012345678
0 t........
1 ....r...t
2 .........
3 ...h.....
4 ....r....
5 .........
6 ........t

Turn = 2.
  012345678
0 t...r....
1 ........t
2 .........
3 ....r....
4 ....r....
5 .........
6 ........t

Turn = 3.
  012345678
0 t...r....
1 ........t
2 .........
3 ....rr...
4 .........
5 .........
6 ........t

Turn = 4.
  012345678
0 t....r...
1 ........t
2 ....r....
3 ......r..
4 .........
5 .........
6 ........t

Turn = 5.
  012345678
0 t.....r..
1 ....r...t
2 .........
3 .......r.
4 .........
5 .........
6 ........t

*** Darwin 7x9 ***
Turn = 0.
  012345678
0 t........
1 ........t
2 ....r....
3 ..h......
4 .........
5 ....r....
6 ........t

Turn = 1.
  012345678
0 t........
1 ....r...t
2 .........
3 ...h.....
4 ....r....
5 .........
6 ........t

Turn = 2.
  012345678
0 t...r....
1 ........t
2 .........
3 ....r....
4 ....r....
5 .........
6 ........t

Turn = 3.
  012345678
0 t...r....
1 ........t
2 .........
3 ....rr...
4 .........
5 .........
6 ........t

Turn = 4.
  012345678
0 t....r...
1 ........t
2 ....r....
3 ......r..
4 .........
5 .........
6 ........t

Turn = 5.
  012345678
0 t.....r..
1 ....r...t
2 .........
3 .......r.
4 .........
5 .........
6 ........t

*** Darwin 99x5 ***
Turn = 0.
  01234
0 .....
1 .....
2 .....
3 .....
4 .....
5 .....
6 .h...
7 .....
8 .....
9 .....
0 .....
1 .....
2 .....
3 .....
4 .....
5 .f...
6 ..h..
7 .....
8 .....
9 .....
0 .....
1 .....
2 ..h..
3 .....
4 .h...
5 .....
6 .f...
7 .....
8 .....
9 .....
0 .....
1 .....
2 .....
3 .....
4 .....
5 .....
6 .....
7 hf...
8 .....
9 .....
0 .....
1 .....
2 .....
3 .....
4 .....
5 .....
6 .....
7 h....
8 ..h..
9 .....
0 .....
1 .....
2 .....
3 .....
4 .....
5 .....
6 ..h..
7 .....
8 .h...
9 ..h..
0 .....
1 .....
2 .....
3 .....
4 .....
5 ..h..
6 .....
7 .....
8 .....
9 .....
0 .....
1 .....
2 .....
3 .....
4 h....
5 .....
6 .....
7 .....
8 .....
9 .....
0 .....
1 .....
2 ..h..
3 .....
4 .....
5 .....
6 .....
7 .h...
8 .....
9 .....
0 .....
1 ..h..
2 .....
3 .....
4 .....
5 .....
6 .....
7 .....
8 .....

Turn = 1.
  01234
0 .....
1 .....
2 .....
3 .....
4 .....
5 .....
6 .....
7 .h...
8 .....
9 .....
0 .....
1 .....
2 .....
3 .....
4 .....
5 .f...
6 .....
7 ..h..
8 .....
9 .....
0 .....
1 .....
2 .h...
3 .....
4 h....
5 .....
6 .f...
7 .....
8 .....
9 .....
0 .....
1 .....
2 .....
3 .....
4 .....
5 .....
6 .....
7 hf...
8 .....
9 .....
0 .....
1 .....
2 .....
3 .....
4 .....
5 .....
6 .....
7 .h...
8 .....
9 ..h..
0 .....
1 .....
2 .....
3 .....
4 .....
5 .....
6 .....
7 .hh..
8 .....
9 ...h.
0 .....
1 .....
2 .....
3 .....
4 .....
5 .....
6 ..h..
7 .....
8 .....
9 .....
0 .....
1 .....
2 .....
3 .....
4 .h...
5 .....
6 .....
7 .....
8 .....
9 .....
0 .....
1 .....
2 .....
3 ..h..
4 .....
5 .....
6 .h...
7 .....
8 .....
9 .....
0 ..h..
1 .....
2 .....
3 .....
4 .....
5 .....
6 .....
7 .....
8 .....

Turn = 2.
  01234
0 .....
1 .....
2 .....
3 .....
4 .....
5 .....
6 .....
7 .....
8 .h...
9 .....
0 .....
1 .....
2 .....
3 .....
4 .....
5 .f...
6 .....
7 .....
8 ..h..
9 .....
0 .....
1 .....
2 h....
3 .....
4 h....
5 .....
6 .f...
7 .....
8 .....
9 .....
0 .....
1 .....
2 .....
3 .....
4 .....
5 .....
6 .....
7 hf...
8 .....
9 .....
0 .....
1 .....
2 .....
3 .....
4 .....
5 .....
6 .....
7 ..h..
8 .....
9 .....
0 ..h..
1 .....
2 .....
3 .....
4 .....
5 .....
6 .h...
7 .....
8 ..h..
9 ....h
0 .....
1 .....
2 .....
3 .....
4 .....
5 .....
6 .....
7 ..h..
8 .....
9 .....
0 .....
1 .....
2 .....
3 .....
4 ..h..
5 .....
6 .....
7 .....
8 .....
9 .....
0 .....
1 .....
2 .....
3 .....
4 ..h..
5 .h...
6 .....
7 .....
8 .....
9 ..h..
0 .....
1 .....
2 .....
3 .....
4 .....
5 .....
6 .....
7 .....
8 .....

Turn = 3.
  01234
0 .....
1 .....
2 .....
3 .....
4 .....
5 .....
6 .....
7 .....
8 .....
9 .h...
0 .....
1 .....
2 .....
3 .....
4 .....
5 .f...
6 .....
7 .....
8 .....
9 ..h..
0 .....
1 .....
2 h....
3 .....
4 h....
5 .....
6 .f...
7 .....
8 .....
9 .....
0 .....
1 .....
2 .....
3 .....
4 .....
5 .....
6 .....
7 hf...
8 .....
9 .....
0 .....
1 .....
2 .....
3 .....
4 .....
5 .....
6 .....
7 ...h.
8 .....
9 .....
0 .....
1 ..h..
2 .....
3 .....
4 .....
5 .h...
6 .....
7 .....
8 .....
9 ..h.h
0 .....
1 .....
2 .....
3 .....
4 .....
5 .....
6 .....
7 .....
8 ..h..
9 .....
0 .....
1 .....
2 .....
3 .....
4 ...h.
5 .....
6 .....
7 .....
8 .....
9 .....
0 .....
1 .....
2 .....
3 .....
4 .h...
5 ..h..
6 .....
7 .....
8 ..h..
9 .....
0 .....
1 .....
2 .....
3 .....
4 .....
5 .....
6 .....
7 .....
8 .....

Turn = 4.
  01234
0 .....
1 .....
2 .....
3 .....
4 .....
5 .....
6 .....
7 .....
8 .....
9 .....
0 .h...
1 .....
2 .....
3 .....
4 .....
5 .f...
6 .....
7 .....
8 .....
9 .....
0 ..h..
1 .....
2 h....
3 .....
4 h....
5 .....
6 .f...
7 .....
8 .....
9 .....
0 .....
1 .....
2 .....
3 .....
4 .....
5 .....
6 .....
7 hf...
8 .....
9 .....
0 .....
1 .....
2 .....
3 .....
4 .....
5 .....
6 .....
7 ....h
8 .....
9 .....
0 .....
1 .....
2 ..h..
3 .....
4 .h...
5 .....
6 .....
7 .....
8 .....
9 ....h
0 ..h..
1 .....
2 .....
3 .....
4 .....
5 .....
6 .....
7 .....
8 .....
9 ..h..
0 .....
1 .....
2 .....
3 .....
4 ....h
5 .....
6 .....
7 .....
8 .....
9 .....
0 .....
1 .....
2 .....
3 .h...
4 .....
5 .....
6 ..h..
7 ..h..
8 .....
9 .....
0 .....
1 .....
2 .....
3 .....
4 .....
5 .....
6 .....
7 .....
8 .....

Turn = 5.
  01234
0 .....
1 .....
2 .....
3 .....
4 .....
5 .....
6 .....
7 .....
8 .....
9 .....
0 .....
1 .h...
2 .....
3 .....
4 .....
5 .f...
6 .....
7 .....
8 .....
9 .....
0 .....
1 ..h..
2 h....
3 .....
4 h....
5 .....
6 .f...
7 .....
8 .....
9 .....
0 .....
1 .....
2 .....
3 .....
4 .....
5 .....
6 .....
7 hf...
8 .....
9 .....
0 .....
1 .....
2 .....
3 .....
4 .....
5 .....
6 .....
7 ....h
8 .....
9 .....
0 .....
1 .....
2 .....
3 .hh..
4 .....
5 .....
6 .....
7 .....
8 .....
9 ....h
0 .....
1 ..h..
2 .....
3 .....
4 .....
5 .....
6 .....
7 .....
8 .....
9 .....
0 ..h..
1 .....
2 .....
3 .....
4 ....h
5 .....
6 .....
7 .....
8 .....
9 .....
0 .....
1 .....
2 .h...
3 .....
4 .....
5 .....
6 ..h..
7 ..h..
8 .....
9 .....
0 .....
1 .....
2 .....
3 .....
4 .....
5 .....
6 .....
7 .....
8 .....

Turn = 6.
  01234
0 .....
1 .....
2 .....
3 .....
4 .....
5 .....
6 .....
7 .....
8 .....
9 .....
0 .....
1 .....
2 .h...
3 .....
4 .....
5 .f...
6 .....
7 .....
8 .....
9 .....
0 .....
1 .....
2 h.h..
3 .....
4 h....
5 .....
6 .f...
7 .....
8 .....
9 .....
0 .....
1 .....
2 .....
3 .....
4 .....
5 .....
6 .....
7 hf...
8 .....
9 .....
0 .....
1 .....
2 .....
3 .....
4 .....
5 .....
6 .....
7 ....h
8 .....
9 .....
0 .....
1 .....
2 .h...
3 .....
4 ..h..
5 .....
6 .....
7 .....
8 .....
9 ....h
0 .....
1 .....
2 ..h..
3 .....
4 .....
5 .....
6 .....
7 .....
8 .....
9 .....
0 .....
1 ..h..
2 .....
3 .....
4 ....h
5 .....
6 .....
7 .....
8 .....
9 .....
0 .....
1 .h...
2 .....
3 .....
4 .....
5 .....
6 ..h..
7 ..h..
8 .....
9 .....
0 .....
1 .....
2 .....
3 .....
4 .....
5 .....
6 .....
7 .....
8 .....

Turn = 7.
  01234
0 .....
1 .....
2 .....
3 .....
4 .....
5 .....
6 .....
7 .....
8 .....
9 .....
0 .....
1 .....
2 .....
3 .h...
4 .....
5 .f...
6 .....
7 .....
8 .....
9 .....
0 .....
1 .....
2 h....
3 ..h..
4 h....
5 .....
6 .f...
7 .....
8 .....
9 .....
0 .....
1 .....
2 .....
3 .....
4 .....
5 .....
6 .....
7 hf...
8 .....
9 .....
0 .....
1 .....
2 .....
3 .....
4 .....
5 .....
6 .....
7 ....h
8 .....
9 .....
0 .....
1 .h...
2 .....
3 .....
4 .....
5 ..h..
6 .....
7 .....
8 .....
9 ....h
0 .....
1 .....
2 .....
3 ..h..
4 .....
5 .....
6 .....
7 .....
8 .....
9 .....
0 .....
1 .....
2 ..h..
3 .....
4 ....h
5 .....
6 .....
7 .....
8 .....
9 .....
0 .h...
1 .....
2 .....
3 .....
4 .....
5 .....
6 ..h..
7 ..h..
8 .....
9 .....
0 .....
1 .....
2 .....
3 .....
4 .....
5 .....
6 .....
7 .....
8 .....

Turn = 8.
  01234
0 .....
1 .....
2 .....
3 .....
4 .....
5 .....
6 .....
7 .....
8 .....
9 .....
0 .....
1 .....
2 .....
3 .....
4 .h...
5 .f...
6 .....
7 .....
8 .....
9 .....
0 .....
1 .....
2 h....
3 .....
4 h.h..
5 .....
6 .f...
7 .....
8 .....
9 .....
0 .....
1 .....
2 .....
3 .....
4 .....
5 .....
6 .....
7 hf...
8 .....
9 .....
0 .....
1 .....
2 .....
3 .....
4 .....
5 .....
6 .....
7 ....h
8 .....
9 .....
0 .h...
1 .....
2 .....
3 .....
4 .....
5 .....
6 ..h..
7 .....
8 .....
9 ....h
0 .....
1 .....
2 .....
3 .....
4 ..h..
5 .....
6 .....
7 .....
8 .....
9 .....
0 .....
1 .....
2 .....
3 ..h..
4 ....h
5 .....
6 .....
7 .....
8 .....
9 .h...
0 .....
1 .....
2 .....
3 .....
4 .....
5 .....
6 ..h..
7 ..h..
8 .....
9 .....
0 .....
1 .....
2 .....
3 .....
4 .....
5 .....
6 .....
7 .....
8 .....

*** Darwin 100x15 ***
Turn = 0.
  012345678901234
0 ......f........
1 ...............
2 .f.............
3 .....h.........
4 h..............
5 ...............
6 ...............
7 ....h..........
8 ..rh...........
9 ..r............
0 ...............
1 ...............
2 ...............
3 ...............
4 ...............
5 ...............
6 ..h......h.....
7 ...............
8 .hh.h..........
9 ...............
0 .h.............
1 ...............
2 ...............
3 ...............
4 .h.............
5 .f.............
6 ...............
7 r..............
8 ...............
9 ...............
0 ....f..........
1 ..h...........h
2 ...............
3 ...............
4 ...............
5 ...............
6 ..h............
7 .f.............
8 ...............
9 .f.........f...
0 ...............
1 ...............
2 ..t...h........
3 ...............
4 ...............
5 ...............
6 ...............
7 ...............
8 ...............
9 ...............
0 ...............
1 ...............
2 ...............
3 ...............
4 ...............
5 ...............
6 ...............
7 ...............
8 ...............
9 .h.....t.......
0 ...............
1 ...............
2 ..h............
3 t..............
4 ...............
5 ..h.......h....
6 ...............
7 h.h............
8 ...............
9 ...............
0 ...............
1 ...............
2 ...............
3 ...............
4 h............h.
5 ...............
6 h........h.....
7 ...............
8 ...............
9 ...............
0 ...............
1 ...............
2 ...............
3 ...............
4 .h.............
5 ...............
6 ...............
7 .h..........h..
8 ...............
9 ...............
0 ...............
1 ...............
2 ...............
3 ...............
4 ...............
5 ...............
6 .h.............
7 ...............
8 ...............
9 ...............

Turn = 50.
  012345678901234
0 ...r..f........
1 ............r..
2 .f.............
3 .h.............
4 ..............h
5 ...............
6 ...............
7 ..............h
8 ...r...........
9 ...............
0 ...............
1 ...............
2 ...............
3 ...............
4 ...............
5 ...............
6 ...............
7 ...............
8 ...............
9 ...............
0 ...............
1 ...............
2 ...............
3 ..h............
4 ..h............
5 .fh............
6 ...............
7 ...............
8 r..............
9 ....h..........
0 ....f..........
1 r..............
2 ...............
3 ...............
4 ...............
5 ...............
6 ...............
7 .f.............
8 ............h..
9 .f.........f...
0 .h.............
1 ..t............
2 ..tt...........
3 ..............r
4 ...............
5 ...............
6 ...............
7 ...............
8 ...............
9 ...............
0 ...............
1 ...............
2 ...............
3 .....h.........
4 ...............
5 ...............
6 ...............
7 ...............
8 ...............
9 .......t.......
0 ...............
1 ...............
2 ..............r
3 tt.............
4 ...............
5 ...............
6 .........h.....
7 ...............
8 ...............
9 ...............
0 ...............
1 ...............
2 ...............
3 ...............
4 .............hh
5 ...............
6 .............hh
7 ...............
8 ...............
9 ...............
0 ...............
1 ...............
2 ...............
3 h..............
4 h..............
5 ...............
6 ...............
7 ...............
8 ...............
9 ...............
0 ...............
1 ...............
2 ...............
3 ...............
4 ...............
5 ...............
6 ...............
7 ..h............
8 ..h............
9 .hh.......h....

