*** Darwin 8x8 ***
Turn = 0.
  01234567
0 f.......
1 ........
2 ........
3 ...hh...
4 ...hh...
5 ........
6 ........
7 .......f

Turn = 5.
  01234567
0 f..h....
1 ........
2 ........
3 .......h
4 h.......
5 ........
6 ........
7 ....h..f

*** Darwin 7x9 ***
Turn = 0.
  012345678
0 t........
1 .........
2 .........
3 ..h......
4 .........
5 ....r....
6 ........t

Turn = 5.
  012345678
0 t........
1 ....r....
2 .........
3 .......r.
4 .........
5 .........
6 ........t

*** Darwin 5x5 ***
Turn = 0.
  01234
0 t....
1 r....
2 .....
3 .....
4 .....

Turn = 1.
  01234
0 r....
1 r....
2 .....
3 .....
4 .....

Turn = 2.
  01234
0 r....
1 r....
2 .....
3 .....
4 .....

Turn = 3.
  01234
0 r....
1 r....
2 .....
3 .....
4 .....

*** Darwin 5x5 ***
Turn = 0.
  01234
0 t....
1 r....
2 .....
3 .....
4 .....

Turn = 1.
  01234
0 t....
1 t....
2 .....
3 .....
4 .....

Turn = 2.
  01234
0 t....
1 t....
2 .....
3 .....
4 .....

Turn = 3.
  01234
0 t....
1 t....
2 .....
3 .....
4 .....

*** Darwin 5x5 ***
Turn = 0.
  01234
0 f....
1 r....
2 .....
3 .....
4 .....

Turn = 1.
  01234
0 r....
1 r....
2 .....
3 .....
4 .....

Turn = 2.
  01234
0 r....
1 r....
2 .....
3 .....
4 .....

Turn = 3.
  01234
0 r....
1 r....
2 .....
3 .....
4 .....

*** Darwin 5x5 ***
Turn = 0.
  01234
0 h....
1 r....
2 .....
3 .....
4 .....

Turn = 1.
  01234
0 r....
1 r....
2 .....
3 .....
4 .....

Turn = 2.
  01234
0 r....
1 r....
2 .....
3 .....
4 .....

Turn = 3.
  01234
0 .r...
1 r....
2 .....
3 .....
4 .....

*** Darwin 5x5 ***
Turn = 0.
  01234
0 f....
1 .....
2 r....
3 .....
4 .....

Turn = 1.
  01234
0 f....
1 r....
2 .....
3 .....
4 .....

Turn = 2.
  01234
0 r....
1 r....
2 .....
3 .....
4 .....

Turn = 3.
  01234
0 r....
1 r....
2 .....
3 .....
4 .....

*** Darwin 20x20 ***
Turn = 0.
  01234567890123456789
0 ft.................t
1 tf..................
2 ..fr................
3 ...f................
4 ....f.r.............
5 .....f..............
6 ..r...f........r....
7 .......fr...........
8 ........f.r.........
9 ......r..f.....r....
0 ..........f.........
1 ...........f.....r..
2 ............f.......
3 .............f......
4 ..............f.....
5 ...............f....
6 ................f...
7 ......r..........f..
8 ..r...............f.
9 t..................f

Turn = 50.
  01234567890123456789
0 tttttt........r.....
1 tt..t...............
2 tr.r.......r........
3 t.r.................
4 t.r.f...............
5 .....f..............
6 ....r...............
7 ......rr......rr....
8 r..................r
9 ....................
0 ....................
1 ...........f........
2 ....................
3 ........rr..........
4 ....................
5 ....................
6 ................f...
7 ....................
8 ..r...............f.
9 ................r..r

Turn = 100.
  01234567890123456789
0 tttttttt.........r..
1 ttttt...............
2 ttt.............r...
3 t......r............
4 ttt.................
5 t...................
6 t...................
7 ........r......r....
8 ......r.......r....r
9 ......r.............
0 ....................
1 ....................
2 ....................
3 ....................
4 ....................
5 ....................
6 .r..................
7 ....................
8 rr..................
9 .................r..

