*** Darwin 1x1 ***
Turn = 0.
  0
0 f

Turn = 1.
  0
0 f

Turn = 2.
  0
0 f

Turn = 3.
  0
0 f

Turn = 4.
  0
0 f

Turn = 5.
  0
0 f

*** Darwin 3x3 ***
Turn = 0.
  012
0 .h.
1 h.h
2 .h.

Turn = 1.
  012
0 h.h
1 ...
2 h.h

Turn = 2.
  012
0 h.h
1 ...
2 h.h

Turn = 3.
  012
0 h.h
1 ...
2 h.h

Turn = 4.
  012
0 h.h
1 ...
2 h.h

Turn = 5.
  012
0 h.h
1 ...
2 h.h

Turn = 6.
  012
0 h.h
1 ...
2 h.h

Turn = 7.
  012
0 h.h
1 ...
2 h.h

Turn = 8.
  012
0 h.h
1 ...
2 h.h

Turn = 9.
  012
0 h.h
1 ...
2 h.h

Turn = 10.
  012
0 h.h
1 ...
2 h.h

*** Darwin 5x5 ***
Turn = 0.
  01234
0 r.r.r
1 .....
2 r.r.r
3 .....
4 r.r.r

Turn = 1.
  01234
0 r.r.r
1 r.r.r
2 .....
3 r.r.r
4 .....

Turn = 2.
  01234
0 rrr.r
1 ..r.r
2 r.r.r
3 .....
4 .....

Turn = 3.
  01234
0 rrr.r
1 r.rrr
2 ....r
3 .....
4 .....

Turn = 4.
  01234
0 r.rrr
1 rr.rr
2 ...r.
3 .....
4 .....

Turn = 5.
  01234
0 r.rrr
1 r..rr
2 .rr..
3 .....
4 .....

Turn = 6.
  01234
0 rr.rr
1 r..r.
2 .r..r
3 .r...
4 .....

Turn = 7.
  01234
0 rr.r.
1 .r..r
2 r..r.
3 ....r
4 .r...

Turn = 8.
  01234
0 rr.r.
1 ..r..
2 r...r
3 ...r.
4 .r..r

Turn = 9.
  01234
0 r...r
1 r..r.
2 r....
3 ....r
4 ..rrr

Turn = 10.
  01234
0 r...r
1 r...r
2 .r...
3 ....r
4 ..rrr

*** Darwin 8x8 ***
Turn = 0.
  01234567
0 f...t...
1 .f......
2 ..fh..r.
3 ..tf....
4 ....f...
5 .....f.t
6 ..r...f.
7 .....h.f

Turn = 1.
  01234567
0 f...t...
1 .f......
2 ..fh...r
3 ..tt....
4 ....f...
5 .....f.t
6 ...r.hf.
7 .......f

Turn = 2.
  01234567
0 f...t...
1 .f......
2 ..ft...r
3 ..tt....
4 ....f...
5 .....f.t
6 ....rhf.
7 .......f

Turn = 3.
  01234567
0 f...t...
1 .f......
2 ..tt....
3 ..tt...r
4 ....f...
5 .....r.t
6 ....rrf.
7 .......f

Turn = 4.
  01234567
0 f...t...
1 .f......
2 ..tt....
3 ..tt....
4 ....f..r
5 .....r.t
6 ....rrf.
7 .......f

Turn = 5.
  01234567
0 f...t...
1 .f......
2 ..tt....
3 ..tt....
4 ....f..r
5 ......rr
6 .....r.r
7 ....r..f

Turn = 6.
  01234567
0 f...t...
1 .f......
2 ..tt....
3 ..tt....
4 ....f..r
5 ......rr
6 ......rr
7 ....r..f

Turn = 7.
  01234567
0 f...t...
1 .f......
2 ..tt....
3 ..tt....
4 ....f.r.
5 ......rr
6 ......rr
7 ...r..r.

Turn = 8.
  01234567
0 f...t...
1 .f......
2 ..tt....
3 ..tt....
4 ....fr..
5 .....rrr
6 ........
7 ..r..r.r

Turn = 9.
  01234567
0 f...t...
1 .f......
2 ..tt....
3 ..tt....
4 ....rrr.
5 ....r.r.
6 ........
7 .r..r..r

Turn = 10.
  01234567
0 f...t...
1 .f......
2 ..tt....
3 ..ttr.r.
4 ....r...
5 ...r.r..
6 ........
7 r..r..r.

Turn = 11.
  01234567
0 f...t...
1 .f......
2 ..ttr.r.
3 ..tt....
4 ...r....
5 ..r.r...
6 ........
7 r.r..r..

Turn = 12.
  01234567
0 f...t...
1 .f..r.r.
2 ..tt....
3 ..tt....
4 ..r.....
5 .r.r....
6 ........
7 rr..r...

Turn = 13.
  01234567
0 f...r.r.
1 .f..r...
2 ..tt....
3 ..tt....
4 ..t.....
5 r.r.....
6 ........
7 rr.r....

Turn = 14.
  01234567
0 f...r.r.
1 .f..r...
2 ..tt....
3 ..tt....
4 ..t.....
5 r.t.....
6 r.......
7 .rr.....

Turn = 15.
  01234567
0 f..r...r
1 .f.t....
2 ..tt....
3 ..tt....
4 r.t.....
5 r.t.....
6 ........
7 rr......

Turn = 16.
  01234567
0 f.r....r
1 .f.t....
2 ..tt....
3 r.tt....
4 r.t.....
5 ..t.....
6 ........
7 rr......

Turn = 17.
  01234567
0 fr.....r
1 .f.t....
2 r.tt....
3 r.tt....
4 ..t.....
5 ..t.....
6 ........
7 rr......

Turn = 18.
  01234567
0 rr.....r
1 rf.t....
2 r.tt....
3 ..tt....
4 ..t.....
5 ..t.....
6 ........
7 rr......

Turn = 19.
  01234567
0 rr......
1 rf.t...r
2 r.tt....
3 ..tt....
4 ..t.....
5 ..t.....
6 ........
7 rr......

Turn = 20.
  01234567
0 rr......
1 r..t....
2 rrtt...r
3 ..tt....
4 ..t.....
5 ..t.....
6 ........
7 rr......

Turn = 21.
  01234567
0 r.r.....
1 .r.t....
2 ..tt....
3 rttt...r
4 ..t.....
5 ..t.....
6 .r......
7 r.......

Turn = 22.
  01234567
0 r..r....
1 ..tt....
2 ..tt....
3 .ttt....
4 r.t....r
5 .rt.....
6 ........
7 r.......

Turn = 23.
  01234567
0 r...r...
1 ..tt....
2 ..tt....
3 .ttt....
4 .rt.....
5 r.t....r
6 ........
7 r.......

Turn = 24.
  01234567
0 r....r..
1 ..tt....
2 ..tt....
3 .rtt....
4 .rt.....
5 ..t.....
6 r......r
7 .r......

Turn = 25.
  01234567
0 .r....r.
1 ..tt....
2 ..tt....
3 rrtt....
4 ..t.....
5 ..t.....
6 ........
7 r.r....r

Turn = 26.
  01234567
0 ..r....r
1 ..tt....
2 .rtt....
3 r.tt....
4 ..t.....
5 ..t.....
6 ........
7 r..r...r

Turn = 27.
  01234567
0 ...t...r
1 .rtt....
2 ..tt....
3 ..tt....
4 r.t.....
5 ..t.....
6 ........
7 r...r..r

Turn = 28.
  01234567
0 .r.t...r
1 ..tt....
2 ..tt....
3 ..tt....
4 ..t.....
5 r.t.....
6 r......r
7 .....r..

Turn = 29.
  01234567
0 .r.t..r.
1 ..tt....
2 ..tt....
3 ..tt....
4 ..t.....
5 r.t....r
6 r.......
7 ......r.

Turn = 30.
  01234567
0 r..t.r..
1 ..tt....
2 ..tt....
3 ..tt....
4 ..t....r
5 r.t.....
6 .r......
7 .......r

Turn = 31.
  01234567
0 r..tr...
1 ..tt....
2 ..tt....
3 ..tt...r
4 r.t.....
5 ..t.....
6 ..r.....
7 .......r

Turn = 32.
  01234567
0 ...tt...
1 r.tt....
2 ..tt...r
3 r.tt....
4 ..t.....
5 ..t.....
6 ...r....
7 .......r

Turn = 33.
  01234567
0 ...tt...
1 ..tt...r
2 r.tt....
3 r.tt....
4 ..t.....
5 ..t.....
6 ....r...
7 .......r

Turn = 34.
  01234567
0 ...tt..r
1 ..tt....
2 r.tt....
3 .ttt....
4 ..t.....
5 ..t.....
6 .....r.r
7 ........

Turn = 35.
  01234567
0 ...tt..r
1 ..tt....
2 r.tt....
3 .ttt....
4 ..t.....
5 ..t....r
6 ......r.
7 ........

Turn = 36.
  01234567
0 ...tt..r
1 r.tt....
2 ..tt....
3 .ttt....
4 ..t....r
5 ..t.....
6 .......r
7 ........

Turn = 37.
  01234567
0 r..tt..r
1 ..tt....
2 ..tt....
3 .ttt...r
4 ..t.....
5 ..t.....
6 .......r
7 ........

Turn = 38.
  01234567
0 r..tt..r
1 ..tt....
2 ..tt...r
3 .ttt....
4 ..t.....
5 ..t....r
6 ........
7 ........

Turn = 39.
  01234567
0 .r.tt..r
1 ..tt...r
2 ..tt....
3 .ttt....
4 ..t....r
5 ..t.....
6 ........
7 ........

Turn = 40.
  01234567
0 ..ttt..r
1 ..tt...r
2 ..tt....
3 .ttt...r
4 ..t.....
5 ..t.....
6 ........
7 ........

Turn = 41.
  01234567
0 ..ttt..r
1 ..tt..r.
2 ..tt...r
3 .ttt....
4 ..t.....
5 ..t.....
6 ........
7 ........

Turn = 42.
  01234567
0 ..ttt..r
1 ..tt.r.r
2 ..tt....
3 .ttt....
4 ..t.....
5 ..t.....
6 ........
7 ........

Turn = 43.
  01234567
0 ..ttt..r
1 ..ttr..r
2 ..tt....
3 .ttt....
4 ..t.....
5 ..t.....
6 ........
7 ........

Turn = 44.
  01234567
0 ..ttt..r
1 ..ttr.r.
2 ..tt....
3 .ttt....
4 ..t.....
5 ..t.....
6 ........
7 ........

Turn = 45.
  01234567
0 ..ttt..r
1 ..tttr..
2 ..tt....
3 .ttt....
4 ..t.....
5 ..t.....
6 ........
7 ........

Turn = 46.
  01234567
0 ..ttt.r.
1 ..ttrr..
2 ..tt....
3 .ttt....
4 ..t.....
5 ..t.....
6 ........
7 ........

Turn = 47.
  01234567
0 ..tttr..
1 ..tttt..
2 ..tt....
3 .ttt....
4 ..t.....
5 ..t.....
6 ........
7 ........

Turn = 48.
  01234567
0 ..ttrr..
1 ..tttt..
2 ..tt....
3 .ttt....
4 ..t.....
5 ..t.....
6 ........
7 ........

Turn = 49.
  01234567
0 ..tttr..
1 ..tttt..
2 ..tt....
3 .ttt....
4 ..t.....
5 ..t.....
6 ........
7 ........

Turn = 50.
  01234567
0 ..tttt..
1 ..tttt..
2 ..tt....
3 .ttt....
4 ..t.....
5 ..t.....
6 ........
7 ........

*** Darwin 8x8 ***
Turn = 0.
  01234567
0 f...t...
1 .f......
2 ..fh..r.
3 ..tf....
4 ....f...
5 .....f.t
6 ..r...f.
7 .....h.f

Turn = 2.
  01234567
0 f...t...
1 .f......
2 ..ft...r
3 ..tt....
4 ....f...
5 .....f.t
6 ....rhf.
7 .......f

Turn = 4.
  01234567
0 f...t...
1 .f......
2 ..tt....
3 ..tt....
4 ....f..r
5 .....r.t
6 ....rrf.
7 .......f

Turn = 6.
  01234567
0 f...t...
1 .f......
2 ..tt....
3 ..tt....
4 ....f..r
5 ......rr
6 ......rr
7 ....r..f

Turn = 8.
  01234567
0 f...t...
1 .f......
2 ..tt....
3 ..tt....
4 ....fr..
5 .....rrr
6 ........
7 ..r..r.r

Turn = 10.
  01234567
0 f...t...
1 .f......
2 ..tt....
3 ..ttr.r.
4 ....r...
5 ...r.r..
6 ........
7 r..r..r.

Turn = 12.
  01234567
0 f...t...
1 .f..r.r.
2 ..tt....
3 ..tt....
4 ..r.....
5 .r.r....
6 ........
7 rr..r...

Turn = 14.
  01234567
0 f...r.r.
1 .f..r...
2 ..tt....
3 ..tt....
4 ..t.....
5 r.t.....
6 r.......
7 .rr.....

Turn = 16.
  01234567
0 f.r....r
1 .f.t....
2 ..tt....
3 r.tt....
4 r.t.....
5 ..t.....
6 ........
7 rr......

Turn = 18.
  01234567
0 rr.....r
1 rf.t....
2 r.tt....
3 ..tt....
4 ..t.....
5 ..t.....
6 ........
7 rr......

Turn = 20.
  01234567
0 rr......
1 r..t....
2 rrtt...r
3 ..tt....
4 ..t.....
5 ..t.....
6 ........
7 rr......

Turn = 22.
  01234567
0 r..r....
1 ..tt....
2 ..tt....
3 .ttt....
4 r.t....r
5 .rt.....
6 ........
7 r.......

Turn = 24.
  01234567
0 r....r..
1 ..tt....
2 ..tt....
3 .rtt....
4 .rt.....
5 ..t.....
6 r......r
7 .r......

Turn = 26.
  01234567
0 ..r....r
1 ..tt....
2 .rtt....
3 r.tt....
4 ..t.....
5 ..t.....
6 ........
7 r..r...r

Turn = 28.
  01234567
0 .r.t...r
1 ..tt....
2 ..tt....
3 ..tt....
4 ..t.....
5 r.t.....
6 r......r
7 .....r..

Turn = 30.
  01234567
0 r..t.r..
1 ..tt....
2 ..tt....
3 ..tt....
4 ..t....r
5 r.t.....
6 .r......
7 .......r

Turn = 32.
  01234567
0 ...tt...
1 r.tt....
2 ..tt...r
3 r.tt....
4 ..t.....
5 ..t.....
6 ...r....
7 .......r

Turn = 34.
  01234567
0 ...tt..r
1 ..tt....
2 r.tt....
3 .ttt....
4 ..t.....
5 ..t.....
6 .....r.r
7 ........

Turn = 36.
  01234567
0 ...tt..r
1 r.tt....
2 ..tt....
3 .ttt....
4 ..t....r
5 ..t.....
6 .......r
7 ........

Turn = 38.
  01234567
0 r..tt..r
1 ..tt....
2 ..tt...r
3 .ttt....
4 ..t.....
5 ..t....r
6 ........
7 ........

Turn = 40.
  01234567
0 ..ttt..r
1 ..tt...r
2 ..tt....
3 .ttt...r
4 ..t.....
5 ..t.....
6 ........
7 ........

Turn = 42.
  01234567
0 ..ttt..r
1 ..tt.r.r
2 ..tt....
3 .ttt....
4 ..t.....
5 ..t.....
6 ........
7 ........

Turn = 44.
  01234567
0 ..ttt..r
1 ..ttr.r.
2 ..tt....
3 .ttt....
4 ..t.....
5 ..t.....
6 ........
7 ........

Turn = 46.
  01234567
0 ..ttt.r.
1 ..ttrr..
2 ..tt....
3 .ttt....
4 ..t.....
5 ..t.....
6 ........
7 ........

Turn = 48.
  01234567
0 ..ttrr..
1 ..tttt..
2 ..tt....
3 .ttt....
4 ..t.....
5 ..t.....
6 ........
7 ........

Turn = 50.
  01234567
0 ..tttt..
1 ..tttt..
2 ..tt....
3 .ttt....
4 ..t.....
5 ..t.....
6 ........
7 ........

*** Darwin 8x8 ***
Turn = 0.
  01234567
0 f...t...
1 .f......
2 ..fh..r.
3 ..tf....
4 ....f...
5 .....f.t
6 ..r...f.
7 .....h.f

Turn = 50.
  01234567
0 ..tttt..
1 ..tttt..
2 ..tt....
3 .ttt....
4 ..t.....
5 ..t.....
6 ........
7 ........

*** Darwin 8x8 ***
Turn = 0.
  01234567
0 f...t...
1 .f......
2 ..fh..r.
3 ..tf....
4 ....f...
5 .....f.t
6 ..r...f.
7 .....h.f

*** Darwin 10x20 ***
Turn = 0.
  01234567890123456789
0 ffffffffff..........
1 ffffffffff..........
2 ffffffffff..........
3 fffrffffff..........
4 ffffffffff..........
5 ffffffffff..........
6 ffffffffff..........
7 ffffffftff..........
8 ffffffffff..........
9 ffffffffff..........

Turn = 1.
  01234567890123456789
0 ffffffffff..........
1 ffffffffff..........
2 fffrffffff..........
3 fffrffffff..........
4 ffffffffff..........
5 ffffffffff..........
6 ffffffftff..........
7 ffffffftff..........
8 ffffffffff..........
9 ffffffffff..........

Turn = 2.
  01234567890123456789
0 ffffffffff..........
1 ffffffffff..........
2 ffrrffffff..........
3 fffrffffff..........
4 ffffffffff..........
5 ffffffffff..........
6 ffffffttff..........
7 ffffffftff..........
8 ffffffffff..........
9 ffffffffff..........

Turn = 3.
  01234567890123456789
0 ffffffffff..........
1 ffffffffff..........
2 ffrrffffff..........
3 ffrrrfffff..........
4 ffrfrfffff..........
5 ffrfrfffff..........
6 ffrfrfttff..........
7 ffrfrfttff..........
8 ffrfrftfff..........
9 ffrfrftfff..........

Turn = 4.
  01234567890123456789
0 ffffffffff..........
1 ffffffffff..........
2 ffrrffffff..........
3 ffrrrfffff..........
4 ffrfrfffff..........
5 ffrfrfffff..........
6 ffrfrfttff..........
7 ffrfrfttff..........
8 ffrfrftttt..........
9 frrrrftttt..........

Turn = 5.
  01234567890123456789
0 ffffffffff..........
1 ffffffffff..........
2 frrrffffff..........
3 ffrrrrffff..........
4 frrfrrffff..........
5 frrfrrfftf..........
6 frrrrrtttf..........
7 ffrrrrttft..........
8 frrrrrtttt..........
9 frrrrftttt..........

Turn = 6.
  01234567890123456789
0 ffffffffff..........
1 ffffffffff..........
2 rrrrrfffff..........
3 ffrrrrffff..........
4 rrrfrrffff..........
5 rrrfrrtttf..........
6 rrrrrrtttf..........
7 ffrrrrtttt..........
8 rrrrrrtttt..........
9 frrrrftttt..........

Turn = 7.
  01234567890123456789
0 ffffffffff..........
1 ffrfffffff..........
2 rrrrrrffff..........
3 rfrrrrffff..........
4 rrrrrrrfff..........
5 rrrrrrtttf..........
6 rrrrrrtttf..........
7 rfrrrrrttt..........
8 rrrrrttttt..........
9 rrrrrttttt..........

Turn = 8.
  01234567890123456789
0 ffffffffff..........
1 ffrrrrrrr.r.........
2 rrrrrrrrr.r.........
3 rrrrrrffff..........
4 rrrrrrrrr.r.........
5 rrrrrrrttf..........
6 rrrrrrtttf..........
7 rfrrrrrttt..........
8 rrrrrrrttt..........
9 rrrrrttttt..........

Turn = 9.
  01234567890123456789
0 ffffffffff..........
1 ffrrrrrr.r.r........
2 rrrrrrrr.r.r........
3 rrrrrrffff..........
4 rrrrrrrt.t.r........
5 rrrrrrrttt..........
6 rrrrrrtttt..........
7 rfrrrrtttt..........
8 rrrrrrrttt..........
9 rrrrrrrttt..........

Turn = 10.
  01234567890123456789
0 ffffrrfrff..........
1 ffrrrrrr..r.r.......
2 rrrrrrrr..r.r.......
3 rrrrrrrfff..........
4 rrrrrrrt.t..r.......
5 rrrrrrrttt..........
6 rrrrrrtttt..........
7 rrrrrrtttt..........
8 rrrrrrrrtt..........
9 rrrrrrrrtt..........

Turn = 11.
  01234567890123456789
0 ffffrrfrff..........
1 frrrrrrr...r.r......
2 rrrrrrrr...r.r......
3 rrrrrrrfft..........
4 rrrrrrr.tt...r......
5 rrrrrrtttt..........
6 rrrrrrtttt..........
7 rrrrrrtttt..........
8 rrrrrrrrtt..........
9 rrrrrrrttt..........

Turn = 12.
  01234567890123456789
0 fffrrrrrr.r.........
1 frrrrrrr....r.r.....
2 rrrrrrrr....r.r.....
3 rrrrrrrrr.r.........
4 rrrrrr.rtt....r.....
5 rrrrrrrttt..........
6 rrrrrrtttt..........
7 rrrrrrrrtt..........
8 rrrrrrrttt..........
9 rrrrrrrttt..........

Turn = 13.
  01234567890123456789
0 ffrrrrrr.r.r........
1 frrrrrrr.....r.r....
2 rrrrrrrr.....r.r....
3 rrrrrr.rrr.r........
4 rrrrrrrr.t.....r....
5 rrrrrrrttt..........
6 rrrrrrrrtt..........
7 rrrrrrrrtt..........
8 rrrrrrrttt..........
9 rrrrrrrrtt..........

Turn = 14.
  01234567890123456789
0 frrrrrrr..r.r.......
1 rrrrrrr.r.....r.r...
2 rrrrrrrrr.....r.r...
3 rrrrrr.r..r.r.......
4 rrrrrrr.rt......r...
5 rrrrrrrttt..........
6 rrrrrrrrtt..........
7 rrrrrrrttt..........
8 rrrrrrrrrt..........
9 rrrrrrrrtt..........

Turn = 15.
  01234567890123456789
0 frrrrrr.r..r.r......
1 rrrrrrrrrr.....r.r..
2 rrrrrrr........r.r..
3 rrrrr.r.r..r.r......
4 rrrrrrr.r.r......r..
5 rrrrrrrrtt..........
6 rrrrrrrrtt..........
7 rrrrrrrttt..........
8 rrrrrrrtrt..........
9 rrrrrrrrrt..........

Turn = 16.
  01234567890123456789
0 rrrrrr.rrr..r.r.....
1 rrrrrrrr..r.....r.r.
2 rrrrrr..........r.r.
3 rrrrrrrr.r..r.r.....
4 rrrrrr..rr.r......r.
5 rrrrrrrr.t..........
6 rrrrrrrttt..........
7 rrrrrrrrtt..........
8 rrrrrrrrrr..........
9 rrrrrrrrr.r.........

Turn = 17.
  01234567890123456789
0 rrrrrr.rr.r..r.r....
1 rrrrrr..r..r.....r.r
2 rrrrrrr..........r.r
3 rrrrrrr.r.r..r.r....
4 rrrrrr..r.r.r......r
5 rrrrrrr.rt..........
6 rrrrrrrttt..........
7 rrrrrrrttt..........
8 rrrrrrrrr...........
9 rrrrrrrrrr.r........

Turn = 18.
  01234567890123456789
0 rrrrr.rr.r.r..r.r...
1 rrrrrrr..r..r.....rr
2 rrrrr.r...........rr
3 rrrrrr.r.r.r..r.r...
4 rrrrrr...r.r.r.....r
5 rrrrrrr.r.r.........
6 rrrrrrrttt..........
7 rrrrrrrrtt..........
8 rrrrrrrrr...........
9 rrrrrrrrrr..r.......

Turn = 19.
  01234567890123456789
0 rrrrrrrr..r.r..r.r.r
1 rrrr.r.r..r..r....r.
2 rrrrrr............r.
3 rrrrrr..r.r.r..r.r.r
4 rrrrr.r...r.r.r.....
5 rrrrrrr..r.r.......r
6 rrrrrrrttt..........
7 rrrrrrrrrt..........
8 rrrrrrrr.r..........
9 rrrrrrrrr.r..r......

Turn = 20.
  01234567890123456789
0 rrrrrrrr...r.r..r.rr
1 rrrr..r.r..r..r...r.
2 rrrrrr............r.
3 rrrrrr...r.r.r..r.r.
4 rrrrrr.r...r.r.r...r
5 rrrrr..t..r.r.......
6 rrrrrrrttt.........r
7 rrrrrrrrrt..........
8 rrrrrrrr..r.........
9 rrrrrrrrr..r..r.....

Turn = 21.
  01234567890123456789
0 rrrrrrr.r...r.r..rrr
1 rrr.rr.r.r..r..r...r
2 rrrrr............r..
3 rrrrrr....r.r.r..r.r
4 rrrrrr..r...r.r.r...
5 rrrrrrrt...r.r.....r
6 rrrrr..rrt..........
7 rrrrrrrrrt.........r
8 rrrrrrr.r..r........
9 rrrrrrrrr...r..r....

Turn = 22.
  01234567890123456789
0 rrrrrrr..r...r.r.r.r
1 rrrrrr..r.r..r..r.rr
2 rrrr.r..........r...
3 rrrrrr.....r.r.r..rr
4 rrrr.rr..r...r.r.r..
5 rrrrr.rt....r.r.....
6 rrrr.rrrrt.........r
7 rrrrrrr.tt..........
8 rrrrrr.r.r..r......r
9 rrrrrrrrr....r..r...

Turn = 23.
  01234567890123456789
0 rrrrrr.r..r...r.rrrr
1 rrrr..r..r.r..r..r..
2 rrrrrrr........r..r.
3 rrrrrr......r.r.r.r.
4 rrrrr..r..r...r.r.rr
5 rrrr.r.r.....r.r....
6 rrrrrrrrtt..........
7 rrrrr..rtt.........r
8 rrrrrrrrr.r..r......
9 rrrrrr...r....r..r.r

Turn = 24.
  01234567890123456789
0 rrrr..r.r..r...rrrrr
1 rrrrrr.r..r.r..r..r.
2 rrrrrr.r......r...r.
3 rrrrr........r.r.rr.
4 rrrrr...r..r...r.rr.
5 rrrrrrrr......r.r..r
6 rrrrr..rtt..........
7 rrrrrrrrrt..........
8 rrrrr..r.r.r..r....r
9 rrrrrr....r....r..rr

Turn = 25.
  01234567890123456789
0 rrrr.r.r.r..r..r..rr
1 rrrrrr..r..r.r.rrr.r
2 rrrrr...r....r...r..
3 rrrrr.........r.rrr.
4 rrrr.rr..r..r...rr..
5 rrrrrrr........r.rr.
6 rrrrrrr.rt.........r
7 rrrr.rrrrt..........
8 rrrr.r..r.r.r..r...r
9 rrrrrr.....r....r.rr

Turn = 26.
  01234567890123456789
0 rrr.rr..r.r..r.r.r.r
1 rrrrrr...r..r.rr.r.r
2 rrrrr....r..r...rr..
3 rrrrr.r........rrr..
4 rrrrrr....r..r..rrr.
5 rrrrrr..........rr..
6 rrrrrrr.rt........r.
7 rrr.rrr.rt.........r
8 rrrrr.rr.r.r.r..r.r.
9 rrrr..r.....r....rrr

Turn = 27.
  01234567890123456789
0 rr.rrr...r.r..r.rrr.
1 rrrrr.r...r..rrrr...
2 rrrrrrr...rr....rr.r
3 rrrrr..........rrr..
4 rrrr.r.....r..r.rr..
5 rrrrrrr..r......r.r.
6 rrrrrrr.r........r..
7 rrr.r...rr........r.
8 rrrrrrr...r.r.r..rrr
9 rrrr..rr.....r...rrr

Turn = 28.
  01234567890123456789
0 rr.rrr....r.r.rrrrr.
1 rrrrrrrr...r.r.rr...
2 rrrrrr....rr....rr..
3 rrrr...........r.r.r
4 rrrrr.r..r..r.rrrr..
5 rrrrrrr.........r...
6 rrrrr.r..r........r.
7 rr.rr...rr.......rr.
8 rrrrr.r....r.r.r.rrr
9 rrr.rrrr......r..rrr

Turn = 29.
  01234567890123456789
0 rrrrrrr....r.rrrrrr.
1 rrrrrr..r.rrrrr.r...
2 rr.rrr...........r..
3 rrrrr....r....r.rr..
4 rrrrr..r.....rr.rr.r
5 rrrrr..r.......rr...
6 rrrrrr....r.......r.
7 rr.r.r..r........r.r
8 rrr.rr..r...r.r.rrrr
9 rrrrrrrr.......r.rrr

Turn = 30.
  01234567890123456789
0 rrrrrrr...rrrrrrrr.r
1 rr.rrr...r..rrrr....
2 rrrrr.r..r......r...
3 rrrrr........r..rr..
4 rrrrr...r....r.rr...
5 rrrrr...r........r.r
6 rrrrr......r...rrr..
7 rr..r.rr........r.rr
8 rrrrrr.......r.rrr.r
9 rrrrrrrrr.......rrrr

Turn = 31.
  01234567890123456789
0 rrrrrrr...rrrrrr..rr
1 rrrrr.r..rr.r.r.r...
2 r.rrr..r.....rrr....
3 rrrrr.......r...rr..
4 rrrrr....r.....r....
5 rrrrr....r...r..rr..
6 rrrrr.......r...rrrr
7 rrr.r.rr.......rrr.r
8 rr.rrr........rrr.r.
9 rrrrrrrrr.......rrrr

Turn = 32.
  01234567890123456789
0 rrrrrrr..r.rrrrr..r.
1 rrrrr..r.r.rrr.....r
2 .rrrr...r.....r.rr..
3 rrrrr......r.rrrr...
4 rrrrr.....r.........
5 rrrrr.....r.....r.r.
6 rrrrr.r.....rr..rrrr
7 rrrr...........rrrr.
8 rr.rr.rr......rrrrr.
9 rrrrrrrr.r.....r.r.r

Turn = 33.
  01234567890123456789
0 rrrrrr.rr..rrr..r.r.
1 rrrrr...rr.rrrr..r..
2 rrrrr....r...r.rr..r
3 .rrr.r....r....r....
4 rrrrr......r.rr.....
5 rrrrr.r....rr..r...r
6 rrrrr...........rrrr
7 rrrrr........rr.rrr.
8 rr.r.rrr......rrrrr.
9 rrrrrrr...r....rr.r.

Turn = 34.
  01234567890123456789
0 rrrrr..rrr.rr.r..r.r
1 rrrrrr..r..r.r.r.r..
2 rrrrr.....rrr.r..r..
3 rrrr..r..r....r....r
4 rr.rr.r.....r.......
5 rrrrr......rrrrr.r.r
6 rrrrr..........r.rrr
7 rr.rrr.......r.rr.r.
8 rrrrr.rr.....rrr.r..
9 rrr.rrr....r..rr.rr.

Turn = 35.
  01234567890123456789
0 rrrrr...rr.r.r.r..rr
1 rrrrr..r..r.r..r..r.
2 rrrrrr..r.rr..r...r.
3 rrrr..rrr..r.r......
4 rrrr.........r...r.r
5 rrrrr.......r..r.r.r
6 rrrr.r.....r.rrr..rr
7 rr.rrr......r.rrrr..
8 rrrr.rr.......r.r.r.
9 rr.rrrrr....rrrr.r..

Turn = 36.
  01234567890123456789
0 rrrrr..rr...r.r.r.rr
1 rrrr.r...rrr..r....r
2 rrrrr.rrr.r....r...r
3 rrr.rr.rr...r....r..
4 rrrr.......r..r..r.r
5 rrrrr..........rr.rr
6 rrrrr.r.....r.r.....
7 rrrr..r....rrrrrrrr.
8 r.rr.rr......rrr..r.
9 rr.rrrrr....rr.r..r.

Turn = 37.
  01234567890123456789
0 rrrr.rrr..r..r.r.r.r
1 rrrr..r.r.r..r....rr
2 rrrrr.rr.rr.....rr.r
3 rrr.r..r...r.....r..
4 rrrr.r..r......r...r
5 rrrrr......r...r.rrr
6 rrrrr..r....r..r.r..
7 rrrr...r.....rrrr.r.
8 rrrr.r.r...rrrrr.r..
9 ..rrrrrr....r.r.r..r

Turn = 38.
  01234567890123456789
0 rrrr.rrr..r...r.r.rr
1 rrrr...rrr..r....r.r
2 rrrr.rr.rr......rrrr
3 rrr.....r.rr.......r
4 rrrrr...........r.r.
5 rrrrrr..r.......rr.r
6 rrrr.r..r..rr...rr..
7 rrrr....r....rrr...r
8 rrr.rr.rr...r.rrrr..
9 ..rrrrr....rrr.r.r.r

Turn = 39.
  01234567890123456789
0 rrrr.r.r...r...r.rrr
1 rrrr..rrrr.r....rr.r
2 rrr..r..r........rrr
3 rrrr..r.rr........r.
4 rrrrr.....rr.....rr.
5 rrrr.r..r.......rr..
6 rrrrr.r..r......r.rr
7 rrrr...r.r.rr.rr.r.r
8 rrr.rrr..r.rrrrr....
9 ..rrrr.....r.r.rr.rr

Turn = 40.
  01234567890123456789
0 rrrr..rrr...r...rrrr
1 rrr.r...r.r.....r.rr
2 rr.r..r.rr......rr.r
3 rrrr.r............r.
4 rrrr.rr.rr......rrr.
5 rrr.r.rr..rr......r.
6 rrrr...r..r......rrr
7 rrr.r.rr..rrr.rrr..r
8 rrrrrr....rrrrrr....
9 .r.rr.r.....r.rrr.rr

Turn = 41.
  01234567890123456789
0 rrr...rr.r...r..rrrr
1 rr.r.r..rr.......rrr
2 rrr.r...r......rr..r
3 rrrrrrr..r......rr..
4 rrr..rr..........rr.
5 rrr..rrrrrr......r.r
6 rrr...r.r.rr.......r
7 rrrrrrr...rr.rrr..rr
8 rrrrr.....rrrrrrr...
9 r..rr..r.....rrr.rrr

Turn = 42.
  01234567890123456789
0 rrr...r.r.r...r.rrrr
1 rr....r.rr.......rrr
2 rrrr.r..r.....rrr...
3 rrrrrrr.........r..r
4 rrr..r.r.r......rr.r
5 rr.r.rrrrr.........r
6 rrr..rr.rrrr..r....r
7 rrrrrr....rrrrrr....
8 rrrrr.....rr.rrr..rr
9 r.r.r...r....rr.rrrr

Turn = 43.
  01234567890123456789
0 rr...r..rr.r...rrrrr
1 rrr....r.r......r.rr
2 rrrr.rrr.....rr..r..
3 rrrr.r.........r.r.r
4 rr..rr..rr.....r...r
5 rrr.rrrrrr....r....r
6 rrr.rr.r.r..rr.r..r.
7 rrrrr...rrrrrr.r....
8 rrrr.r...r..rrr..rrr
9 rr...r...r.r...rr.rr

Turn = 44.
  01234567890123456789
0 rr..r...r.r.r..rrrrr
1 rrr..r..rr......r.r.
2 rrr.r.rr....rr...r.r
3 rrr.r.........r..rrr
4 rr.rrr.rrr....r.....
5 rrr.rr..rr...rrr...r
6 rrrrrrr.rrrrr..r.r..
7 rrrr.....r..rr...r..
8 rrr.r.r.rr.r.r.r..rr
9 rr....r...rr...rr.rr

Turn = 45.
  01234567890123456789
0 rr.r.r.r.r.r.r.rrr.r
1 rr.r..rrr......r.rr.
2 rr.r.r.....rr.....rr
3 rrrr...r.....r...rrr
4 r.r.rr..rr...r.r....
5 rrrrrr..r.rrrrrr....
6 rrrrrr..rrr..r..rr.r
7 rrrr..r.rr.........r
8 rr...r.r..r.r.rrr.r.
9 rrr....rr.rr....r.rr

Turn = 46.
  01234567890123456789
0 rrr..rrrrr..r.rrrrr.
1 rr..r.r.......r....r
2 rr..r.rr..rr.....rrr
3 rrrrr.......r..r.rrr
4 r.rr.r.rr..rr..r....
5 rr.rrr..r.r.rr...r..
6 rrrr..r.rr.r.rrr...r
7 rr..r..r.r.....r...r
8 rrrr.rr.rr.r..r..r.r
9 rrr....rr.r.r....rrr

Turn = 47.
  01234567890123456789
0 rrr..rrrrr...rr.r.r.
1 rr...rrr.....r.r.rrr
2 rr..rrr..rr....r.r.r
3 rrrr.......r...r.rrr
4 rr..rrrrr.rrr....r..
5 r.rr...r.r.r.r......
6 rrr.r..rr...rrrr..r.
7 rr.r.rr...rr..r...r.
8 rrr.r..rrr....r...rr
9 rrrr..rr...rr....rrr

Turn = 48.
  01234567890123456789
0 rrr..rrrrr...r....rr
1 rr..rrrr....r.rrrrr.
2 rrr..rr.rr.....r.rrr
3 rrr..r....r....r.rrr
4 r...r.rr.rrr........
5 rrr...r.r.r.r.rr....
6 rrrr.r.r...rrr...r..
7 rr..rr.rrrr..rr..r.r
8 rrrr....r......r.rr.
9 rrrrr.rr...r.r...rr.

Turn = 49.
  01234567890123456789
0 rrr.rr.rr.........rr
1 r.r.rrrrr..r.rr..rrr
2 rrr..rrrr.....rrrrr.
3 rr...rr..r....r..rr.
4 rrr...r..rr....r...r
5 rrr.rr.r.r.rr.r.....
6 rr...r.rrrrrrr..r..r
7 rrrrr...r......rrrr.
8 rr.rr..r.....r..r...
9 rrrrr.rr...r..r.rr..

Turn = 50.
  01234567890123456789
0 rrrrr..rr........r.r
1 rr.rrrrrr.r..r...rrr
2 rr..r.rrr....rr.r.r.
3 rrr.r.r.r.r..r.rrrr.
4 rrr..r.r.r.....r....
5 rr..r..rrrrrr......r
6 rrr.rr..r.r.r.rr.rrr
7 rr.rr....r...r.rr...
8 r.rrr.r..........r..
9 rrrr.rrr..r..r.rrr..

Turn = 51.
  01234567890123456789
0 rrrrrr.rr.......r.r.
1 rr.rr.rrrrr.r...rrr.
2 rrrr..r...r..rrr.r..
3 rrrr..rrr...r..r.r.r
4 rr..r..r.rr...r.r...
5 rrrr...rrr.rr....rrr
6 rr..r..r.r....r...r.
7 r..rrr....r.r.r.....
8 rrrrrr.r.....r.rrrr.
9 rrr.rrr..r...r.rr...

Turn = 52.
  01234567890123456789
0 rrrrrrrrr......r.r..
1 rrrr.rr..rrr..rrrr..
2 rrr...rr..r..rr.r...
3 rrrr...r..rr....r.rr
4 rrrr..rrrr.r.r...rr.
5 rrr...r...rr....r.r.
6 r..r..r.rr...r...r..
7 rrrrrr.r...r.....r..
8 rr.rrr......rrrrr..r
9 rrr.rrr.r...r..rr...

Turn = 53.
  01234567890123456789
0 rrrrrrrrrr....r.r...
1 rrr.rrr...rr.rrrrr..
2 rrr...rr..rr.r.r...r
3 rrrr..rr..rr.....rr.
4 rrrr..r.....r....rr.
5 rr...r..rrrr.....r..
6 rrr.rr.r....r...rr..
7 rrrr.rr.rr..r....r..
8 rr.rr.......rrrrr..r
9 rr.rrr.rr..r..rr....

Turn = 54.
  01234567890123456789
0 rrrrrrrrrr...r.rrr..
1 rrrrrrr...rr.rrr...r
2 rrr...rr..rrrrr...r.
3 rrr..r.r.r.......r..
4 rrr....r..rr.....r.r
5 rr.rr..r...r....r...
6 rrr.rr..rr.r.....r..
7 rrrr.r.r.....r..rr.r
8 rr.rrr..rr..rrrrr...
9 r.rrr..rr.r...rr....

Turn = 55.
  01234567890123456789
0 rrrrrrrrrr..r.r.rr.r
1 rrrrr..r..rr.rrr..r.
2 rrr.r.rr..rrrr......
3 rrr.r.r.r.r..r...r..
4 rr.....rr.r......r.r
5 rrrr........r..r....
6 rrrrrr....r.....r..r
7 rrr.rr.rrr..r.r.r...
8 r.rrrr.rr....rrrrr..
9 r.rrr...rrr...r.r...

Turn = 56.
  01234567890123456789
0 rrrrrrrrr..r.r..r.rr
1 rrrrr...rrrr.rr...r.
2 rrrrr.rr..rrr..r....
3 rr.r.r.r..r.r...r..r
4 rr.....r.rr..r..r...
5 rrrr.........rr....r
6 rrr.rrrr.r..r..r....
7 rrrrr..rr......rr...
8 r.rrrr.rrrr..rr.r...
9 r.rrr....r...rr.rr..

Turn = 57.
  01234567890123456789
0 rrrrrrrrr.r.r...r.rr
1 rrrrr..rrrrrr....r..
2 rrrrrr...rrr..r....r
3 rrr.r.r..rr....rr...
4 rr....r..r..rr.r...r
5 rrr..r.r....rrr.....
6 rrrrr.rrr.....r.....
7 r.rrr..rr.r....rr...
8 rrrrr.r..r..rr...r..
9 rr.rrr..r....r.rrr..

Turn = 58.
  01234567890123456789
0 rrrrrr.rrrrr.....rrr
1 rrrrr.rrrrrrr...r..r
2 rrr.rr...rr.........
3 rrrrrr..r.r...rr...r
4 rrr..r.r....r.rrr...
5 rr...rrr.r..r.r.....
6 rrrrr..rr.r..rrr....
7 rrrr..r........r....
8 rrrrrr....rrr.....r.
9 rr.rrr.r......rrrr..

Turn = 59.
  01234567890123456789
0 rrrrr.rrrrrrr....rrr
1 rrrrr..rrrrr...r...r
2 rrr.rrr..rr........r
3 rrr.r..r.r....rr....
4 rrrrrrrr...r..rr....
5 rr..r..rr.rr.r.rr...
6 rrrrr.r..r..........
7 rrrr.r.......rrr....
8 rr.rrr....rrr......r
9 rrrrrrr.......rrrr..

Turn = 60.
  01234567890123456789
0 rrrrr.rrrrrrr......r
1 rrrr.r..rrrr..r..rrr
2 rrr.rr.r.rr........r
3 rr.rr.rrr....rrr....
4 rrr.r.r.r.r....rr...
5 rrrrrr.rr.rrr.......
6 rrrr.r.........rr...
7 rr.rrr...rr.r.......
8 rrr.rr.......rr....r
9 rrrrrrr....r..rrrr..

Turn = 61.
  01234567890123456789
0 rrrr.rrrrrrr.r.....r
1 rrrr..r.rrr.rr.....r
2 rr.r...rrr....r..rrr
3 rrrrrrrrr...r..rr...
4 rrr..rr..rrr.....r..
5 rrrr.r...rrr...r....
6 rrrrrr.r..r.r.......
7 rr.rrr..........r...
8 rrr.r.r..r....r..r..
9 rrrrrrr....r.rrrr..r

Turn = 62.
  01234567890123456789
0 rrrr.rrrrrr...r....r
1 rrrr..rr.rrrrrr....r
2 rrr....rrr.....r....
3 rrr.rrrr...r....rrrr
4 rrrr.rr.rrrr...r..r.
5 rrrr.rr..rrrr.......
6 rrrrr.....r.........
7 rr..r.rr.........r..
8 rrrrrr.r.......rr...
9 rrrrrr...r..rrrrr..r

Turn = 63.
  01234567890123456789
0 rrr.r.rrrrr.r.rr...r
1 rrr.rrrrrr.....r...r
2 rrr.r.rrr.rr.r......
3 rrr.r..r.rr....r..r.
4 rrrr.r.r.rr.r...rrrr
5 rrrr.r.rrrr.........
6 rr.rr.....rr.....r..
7 rrr.rrrr............
8 rrrrr...r......rr...
9 rrrrrr...r..rrrrr..r

Turn = 64.
  01234567890123456789
0 rrr..rrrrr.rr.rrr..r
1 rrr.rrrrrr.........r
2 rrr.rrr..rr....r....
3 rrrr....rrrrrr...r..
4 rrr.rr..rrr.........
5 rrr.rr.rr.r.....rrrr
6 rr..rrr.r........r..
7 rrrrr...r.rr...r....
8 rrrrr....r..r....r.r
9 rrrrrr..r....rrrr...

Turn = 65.
  01234567890123456789
0 rr.rrrrrrr.rrr.r.rr.
1 rrr.r.r.r.r....r....
2 rrrr.r.r.r.rr......r
3 rrrr.r..rrr.....r...
4 rrr.rr..rrrr.r......
5 rrr.rrrr.r.......r..
6 rr..rr.rr......rrrrr
7 rrrrr....r..r......r
8 rrrrr....rrr......r.
9 rrrrr.rr.....rrrr...

Turn = 66.
  01234567890123456789
0 rr.rrrr.r..rrrrr.rr.
1 rrrrrr.rrr.rr.......
2 rrr.r....r.r........
3 rrr..r.rrrr....r...r
4 rrrrr.r.rr..........
5 rrr.rrrrrr.r.r.r..r.
6 rrr.r.r..r..r......r
7 rrr..r.r.rr.....rrrr
8 rrrrr........rr....r
9 rrrr.rrr..rr..r..r..

Turn = 67.
  01234567890123456789
0 rrrrrrr.r.r.rrrr.rr.
1 rr.rrr..rr.rr.......
2 rrrr...r..r.........
3 rr.rr..rr.rr..r.....
4 rrr..rrrrr.....r...r
5 rrrrrrrr.r..r......r
6 rrrr...rrrrr.r....r.
7 rrr...r....r.rr...r.
8 rrrrr.rr........rrrr
9 rrrr.r.r..rr.r....r.

Turn = 68.
  01234567890123456789
0 rrrrrr.r.rr.rrr.rrr.
1 rr.rrr..rr...r......
2 rrr....r..rr........
3 rrrrr.rrrr...r.r....
4 rrrr.rrr.r.rr......r
5 rr.rr.rr.rr........r
6 rrrrr..r..rr.rr..r..
7 rrr...rrr...rr...r..
8 rrrr.r.r..........r.
9 rrrrr.r...r.rr..rrrr

Turn = 69.
  01234567890123456789
0 rrrrr.r.rrr.rr.rrr..
1 rrr.r...rr....r...r.
2 rrr.r.r.r......r....
3 rrrrrrr.r.rrr.......
4 rrr.r.rrrr..r......r
5 rr.rrrrr..rr..r.....
6 rrrr..rr....rr..r..r
7 rrr.rr.r..r.rr..r...
8 rrrr..r.r.r........r
9 rrrrrr......rr..rrrr

Turn = 70.
  01234567890123456789
0 rrrrr..rrr.rr..rr.r.
1 rrrr....r.r.r..r....
2 rrr.rr..r......r..r.
3 rrrrrrrr.r.r........
4 rrrrrrrrr.rrr.r.....
5 rrr...rr..r..r.....r
6 rrr.rrr.r..rr..r....
7 r.r..r....r....r...r
8 rrrrrr.r..r.rr.....r
9 rrrrrr..r...r.rrrrr.

Turn = 71.
  01234567890123456789
0 rrrr.r.rr.rrr..r.r.r
1 rrrr....r..r....r...
2 rrrrr.rr.r..r...r...
3 rrrrrrr...r...r...r.
4 rrrrrrrr..r..r......
5 rrrr.r..r.rrr.......
6 rr..rrrr.r....r....r
7 rr.rr....r.rr.r....r
8 rrr.rr...r..r.......
9 rrrrrr.rr..r.rrrrrrr

Turn = 72.
  01234567890123456789
0 rrrrr.rr..rrr...r.rr
1 rrr...rrrr..r....r..
2 rrrrr.r.......r..r..
3 rrrrrrr..r..rr......
4 rrrrrr.....r......r.
5 rrr.rrrr............
6 r.rrrrr.rrrrrr.....r
7 rr.r.r.rr...rr....r.
8 rrrr....r..rr.r.r.r.
9 rrrrr.rr.rr..r.r.r.r

Turn = 73.
  01234567890123456789
0 rrrr.rrr.rrrr....rr.
1 rrr.r.r......rr...rr
2 rrrrrrrrr....r....r.
3 rrrrrr..r...........
4 rrrrrr.....rr.......
5 rr.rr.r...........r.
6 .rrrrrrrr...rr....r.
7 rrr..r.r.rrrrrr.rrr.
8 rrrr...rr...r.......
9 rrrrr.r.rrrr..r.r.rr

Turn = 74.
  01234567890123456789
0 rrrrrrrr.rrr..r..rr.
1 rrr.rrr.....rr....r.
2 rrrrr...r....r....rr
3 rrrrrrrrr..r........
4 rrrrr...............
5 rr.rrrr.....r.....r.
6 rrrrr..rr...rrr.rrr.
7 rrrrrrr.....r...r...
8 .rr.....rrrrrr.....r
9 rrrrr.rrrrrr...r.rr.

Turn = 75.
  01234567890123456789
0 rrrrrrrr.rrr.rr...rr
1 rrr.rrr..........r..
2 rrrrrr.r...rrr......
3 rrrrr.r...........rr
4 rrrrr.rrr...........
5 rr.rrr......r.r.r.rr
6 rrrrrrr.....rr..r...
7 rrrr.r..r..rr..r...r
8 .r.rr..r.rrr........
9 rrrrrr.rrrrr.r..rrr.

Turn = 76.
  01234567890123456789
0 rrrrrrrr.r...rr...rr
1 rrrrrr.r.r.r.r......
2 rrrrrrr....r.....r..
3 rrrr..r.....r.......
4 rrrrrrr.......r.r.rr
5 rr.rrr.rr....r....rr
6 rrrrrr.....rr..r...r
7 rrrrr.....r..rr.....
8 .rrrr.r.rrrr.....r..
9 rr.rrrrr.rrr.r..rr..

Turn = 77.
  01234567890123456789
0 rrrrrrr.rr...r....r.
1 rrrrrr..r..r.rr....r
2 rrrrrrr..rr.........
3 rrrrrr........r.rr..
4 rrrr.rr.....r.....rr
5 rr.rrr......r.r..r.r
6 rrrrrr.rr.r...r....r
7 rrrrr....rr..r...r..
8 rrrr.rr..r.r.r..r...
9 .r.rrrrrrrr.r.r.r...

Turn = 78.
  01234567890123456789
0 rrrrrrr.r....r......
1 rrrrrrr.rr..rr....r.
2 rrrrrr...r....r.r..r
3 rrrrrr...r....r.....
4 rrrr.r......r....rrr
5 rrr.rrr.....r..rr..r
6 rrrrr....rr..r...rr.
7 rrrrrrrrrr..r...r...
8 rrr.rrrrr...r.......
9 r..rrr..rrr.rr.rr...

Turn = 79.
  01234567890123456789
0 rrrrrrr.r.....r.....
1 rrrrrrr..r..r...r...
2 rrrrrr..rr...rr...r.
3 rrrrrr.........r...r
4 rrrr.r...r...r.....r
5 rrrr.r....r..r.rrrr.
6 rrrrr.r.rr..r...rrrr
7 rrrrrrrrr..r........
8 rr.rrrrrr...rr......
9 r.r.rr.r.rr..r.rr...

Turn = 80.
  01234567890123456789
0 rrrrrrr..r.....rr...
1 rrrrrr.rr...........
2 rrrrrr......rr......
3 rrrrrr..rr...r..r.rr
4 rrrrr.....r...rrr.r.
5 rrrrr....r....r.rrr.
6 rrrrr.rr.r.r.....r..
7 rrrrrrrr.rr.r.....rr
8 rr.rrrrr..r...r.....
9 r.rr..rrrr..r..r.r..

Turn = 81.
  01234567890123456789
0 rrrrrrr...r....rr...
1 rrrrr.rrr...........
2 rrrrrr......r.......
3 rrrrrr....r.r..rrrrr
4 rrrrr...rr...rr.rr..
5 rrrrr....r.....rrr.r
6 rrrr.rrrr.r.r.......
7 rr.rrrrr.rr.........
8 rrrrrrrr..r....r..rr
9 rrr...rrr.rr....r.r.

Turn = 82.
  01234567890123456789
0 rrrrrrrr...r...r....
1 rrrr.rr........r....
2 rrrrrr..r.rr...rr...
3 rrrrrr..........rrr.
4 rrrrr....r..r...rr.r
5 rrrr...rrr..rrrrr..r
6 rrrrrrrr.rr.........
7 r.rrrrrr............
8 rrrrrr..rr.r....r.r.
9 rrr.r.rrr.rr.....rrr

Turn = 83.
  01234567890123456789
0 rrrrrrrr....r.r.....
1 rrrrrrr...r....rr...
2 rrrrr.....r....rrrr.
3 rrrrr...r........r..
4 rrrrrr.rr...r..r...r
5 rrrr.....rr.r.......
6 rr.rrrrrrr...rrrr..r
7 rrrrrr.r............
8 rrrrrrr.r...r....rr.
9 rrr.rr.rrrrr.....rrr

Turn = 84.
  01234567890123456789
0 rrrrrrrr..r..rr.r...
1 rrrrrr........r.rrr.
2 rrrrrr...r.....r.r..
3 rrrrr..rr...........
4 rrrrr..r..r..rr....r
5 rrr.rrrrr..r........
6 rrr.rr..............
7 rrrrrrrrrr...rrrr.rr
8 rrr.r...r....r...r..
9 rrrrrrrrrrrr.....rrr

Turn = 85.
  01234567890123456789
0 rrrrrrr...r..rr.rrr.
1 rrrrrr.r.....r..rr..
2 rrrrr..rr...........
3 rrrrrr...rr....r....
4 rrrrr.rr.....rr.....
5 rr.rrrrr..r........r
6 rrr.rr............r.
7 rrr.rrr.r....r...r..
8 rrrrr..rrrrr.rrrr..r
9 rrrrrrrrrr......r.rr

Turn = 86.
  01234567890123456789
0 rrrrrr...r...rrr.rr.
1 rrrrrrrr....r...rr..
2 rrrrrr.rr.r.........
3 rrrrr..r.r...rr.....
4 rrrr.rr........r....
5 rrrrrrrr.r........r.
6 rrr.r.r..........r.r
7 rrr.rrr..rrrrr......
8 rr.rr..rrr......r..r
9 rrrrrrrrrr....rrr.rr

Turn = 87.
  01234567890123456789
0 rrrrrr..r....rr.rr..
1 rrrrrr..r.rr..r.r.r.
2 rrrrrrrrr....rr.....
3 rrrrr.rr............
4 rrrr.rr..r........r.
5 rrrrrr..r......r.r..
6 rrrr..rr..rr.r......
7 rrrr.r...r.r.......r
8 rrrr.rrrrr.......r.r
9 rrrrrrr.r.r...rrr.rr

Turn = 88.
  01234567890123456789
0 rrrrrr.r..r..r.rr...
1 rrrrrr...rr..rr..r.r
2 rrrrrrrr.r...rr.....
3 rrrr.rr.r.........r.
4 rrrrr.r..........r..
5 rrrrr.rr.rrr.r......
6 rrrr..r........r....
7 rrrrr..r.rr........r
8 rrrr.rrrr.........rr
9 rrrrrrrr.r.r.rr..rrr

Turn = 89.
  01234567890123456789
0 rrrrrrr...r.r.rr....
1 rrrrr.r..rr..rr...rr
2 rrrrrrr.r.r..rr...r.
3 rrrr.r.r.r.......r..
4 rrrrrr....rr.r......
5 rrrr.rrr............
6 rrrr...r.r..........
7 rrrrr..rrr.....r...r
8 rrrr.rrr.r........rr
9 rrrrrrrr.r..rrr..rrr

Turn = 90.
  01234567890123456789
0 rrrrrrr..r.r.rr.....
1 rrrrr.rr.rr.r.r...r.
2 rrrrrr...r.r..r..rrr
3 rrr.rr..r.rr.r......
4 rrrrr..r..r..r......
5 rrrrrr..............
6 rrrrr.r.rr..........
7 rrrr.r.rrr.........r
8 rrr.rr.r..r...rr.rrr
9 rrrrrrrr..r.rr...r.r

Turn = 91.
  01234567890123456789
0 rrrrr.r.r.r.rr....r.
1 rrrrrrr.rr.rr..r.r..
2 rrr.r.r...rrr..r.r..
3 rrrrr.rr.rr..r.....r
4 rrrrr......r..r.....
5 rrrrr...............
6 rrrrrr..rr..........
7 rrr..rrrr.....r..r.r
8 rrrrrrr.rr.r.....r.r
9 rrrrrr..r..rr.rrr..r

Turn = 92.
  01234567890123456789
0 rrrr.rrr.r.rr....rr.
1 rrrrr..rrr.rr...r...
2 rrr.rr.r..rr.r..rr..
3 rrrrr.rr.r....r.....
4 rrrrr.....r.r..r...r
5 rrrrr...rr..........
6 rrr.rr........r..r.r
7 rrrrrrrrr..........r
8 rrrrr.r.r...r...r...
9 rrrrrr..rr.rr.rrr..r

Turn = 93.
  01234567890123456789
0 rrrr.rr.r.rr.....rr.
1 rrrrrrrrr.rrr....r..
2 rrrr..r.rrr...r.rr..
3 rrrrrr..r.r....r....
4 rr.rrr..rr...r..r...
5 rrrr......r...r..r.r
6 rrr.rrr............r
7 rrrrrr..r..........r
8 rrrrrr.rr..r.r.r...r
9 rrrrrr..rr..r.rrr...

Turn = 94.
  01234567890123456789
0 rrrrrrrr.rr.r...r.r.
1 rrrr.rrr.rrr......r.
2 rrr.r.r.rrr....rr...
3 rrrrrr..rr.....rr...
4 rr.rr.r..rr...r..r..
5 rrrr.r........r..r.r
6 rrrr...r..r.......r.
7 rrrrrr...r.r.......r
8 rrrrrr...r....rr...r
9 rrrrrr.rrr.r.r.r.r..

Turn = 95.
  01234567890123456789
0 rrrrrrrrrr.rr..r...r
1 rrrr.rrr.rr........r
2 rrr..r.rrr.....rr...
3 rrrrr.r.rrr....r....
4 r.rr.r.rr......rr.r.
5 rrrr.r....r....r..rr
6 rrrr.r..r..r.....r.r
7 rrrrrr...rr.........
8 rrrrr...rrr...rr..r.
9 rrrrrr.r..r.r...r.r.

Turn = 96.
  01234567890123456789
0 rrrrrrrrrr.r.rr....r
1 rrr..r.r.rr....rr..r
2 rrrr.rrrrr..........
3 rrrr...rrr....r.....
4 .rrrr.rrr.r....r...r
5 rrrrrr.....r...rr.rr
6 rrrrrr...rr.....r..r
7 rrrr....rrr...r.....
8 rrrrr....r.r....rr..
9 rrrrr.r.rr.r.....r.r

Turn = 97.
  01234567890123456789
0 rrr..rrrrrr..rrrr..r
1 rrrrrrrrrr.........r
2 rrrr.r..r.r.........
3 rrrrr.rrr.r..r.r....
4 .rr.rrr....r.......r
5 rrrrrr.rr.r.....r.r.
6 rrrrr...rrr...rrr.rr
7 rrrr....rr..........
8 rrrrr.....r.r...rr..
9 rrrrr..rrrr.......rr

Turn = 98.
  01234567890123456789
0 rrr..rrrrrr...rrr..r
1 rrrr.rrrr....r.....r
2 rrrrr.rr.rr....r....
3 .rrr.rrr...rr.......
4 rrrrrrrr...r........
5 rrrr.r..r.r...r..rrr
6 rrrr.r.rrr.r........
7 rrrrr..rr......rr.rr
8 rrr.r...rr.r.r.....r
9 rrrr.r.r.r......rrr.

Turn = 99.
  01234567890123456789
0 rrr.r.rrr.....rrr..r
1 rrrr..rrrrr....r....
2 rrrr.rrr.r...r.....r
3 .rrrrrrr.r.rr.......
4 rrrrrrr...r...r...r.
5 rrrrr..rr..r.....r..
6 rrrrr.rrrr..r......r
7 rrr..rrrrr.........r
8 rrr..r.r....r.rrr.rr
9 rrrr..r.r.......rrr.

Turn = 100.
  01234567890123456789
0 rrrr..rrr......rr.r.
1 rrrr.r.rrr....rr....
2 .rrr.rrrr.rrr.......
3 rrrrrrrr.....rr...rr
4 rrrrr.r.rrr.........
5 rrrrrr.rr...r.......
6 rrrr.rrrrr...r...r.r
7 rr.r.rrr.r........r.
8 rr.r..rr.....rr.r.rr
9 rrr.r..rr......rrr.r

