*** Darwin 7x6 ***
Turn = 0.
  012345
0 t....h
1 ......
2 ..r..h
3 .th...
4 .rf...
5 .....f
6 .f.rh.

Turn = 30.
  012345
0 tt...r
1 ......
2 ..t...
3 .tt...
4 .tt...
5 .t.r..
6 rr....

*** Darwin 5x8 ***
Turn = 0.
  01234567
0 ...f....
1 .r..t.r.
2 ...tr...
3 .rrh.f.f
4 ..r.t...

Turn = 30.
  01234567
0 r..r.rrr
1 ......r.
2 r......r
3 ..r...rr
4 ..rr....

*** Darwin 7x19 ***
Turn = 0.
  0123456789012345678
0 ........t.f..r.....
1 ..ft....rh.......rh
2 ..f............h...
3 .....r.t...........
4 .h.....t...........
5 ..................f
6 .......r.f...t.....

Turn = 30.
  0123456789012345678
0 rttrr..............
1 ..ttt..............
2 ..t.....t..........
3 ..t................
4 ......ttt..........
5 ...................
6 r..........ttrr....

*** Darwin 10x18 ***
Turn = 0.
  012345678901234567
0 .h..r.............
1 h.fh..............
2 ..................
3 ..................
4 ..............f...
5 .............h....
6 ..................
7 ...............h..
8 ..................
9 ......r.h.........

Turn = 30.
  012345678901234567
0 ..................
1 ..fh..............
2 .................r
3 ..................
4 ...............r..
5 ..................
6 ..................
7 ..................
8 .h................
9 hh.........rr.r...

*** Darwin 13x8 ***
Turn = 0.
  01234567
0 ........
1 f.......
2 ........
3 ..r....f
4 ........
5 ........
6 ...f..f.
7 ..r.t...
8 h.......
9 ........
0 h.......
1 ...h...r
2 ........

Turn = 30.
  01234567
0 ........
1 r.....r.
2 ........
3 ...r.r.r
4 ........
5 ........
6 ...f..f.
7 ....t...
8 h.......
9 h.......
0 ........
1 ........
2 .......r

*** Darwin 9x11 ***
Turn = 0.
  01234567890
0 ..f.....h..
1 ....h......
2 .h.........
3 ...t.r....t
4 ff.....t..f
5 ..h........
6 ...........
7 ......f....
8 rh......h..

Turn = 30.
  01234567890
0 ......r.r.r
1 ......r....
2 ........rr.
3 ...r.......
4 ...r.......
5 r..........
6 ........r..
7 ......r.r..
8 .h...rrr...

*** Darwin 6x13 ***
Turn = 0.
  0123456789012
0 .........h...
1 .............
2 f.t....t.r...
3 .frr.....f...
4 ....f.r......
5 .....h.......

Turn = 30.
  0123456789012
0 .r.r......r..
1 .............
2 .............
3 .tt..rr....rr
4 ..........r.r
5 ........r....

*** Darwin 13x18 ***
Turn = 0.
  012345678901234567
0 .hh...............
1 ......h......r.f..
2 ...........h......
3 ..................
4 ..................
5 ........h.........
6 ..................
7 ..........f.......
8 ..................
9 .....t.....r......
0 ...f..............
1 ...t..............
2 ..................

Turn = 30.
  012345678901234567
0 .hh...h...........
1 ...............f..
2 ..................
3 ..................
4 r.................
5 ..r...............
6 ..r...............
7 ..........f.......
8 ..................
9 .....t............
0 ...t..............
1 ...t..............
2 ........h.........

*** Darwin 8x10 ***
Turn = 0.
  0123456789
0 ...t...r..
1 ......tf..
2 ...t..f...
3 ..rh......
4 .f.......r
5 .tr.......
6 .h.t.f....
7 ......h...

Turn = 30.
  0123456789
0 ...t...t..
1 ......tt..
2 ...t..t...
3 ..........
4 .ttt......
5 .ttt......
6 ..tt.f....
7 ......h...

*** Darwin 10x7 ***
Turn = 0.
  0123456
0 .....t.
1 f..hftr
2 .f...f.
3 .....h.
4 ....f..
5 ..f....
6 .......
7 .......
8 ...t...
9 .......

Turn = 30.
  0123456
0 .....tt
1 fh..tt.
2 .f...t.
3 ......h
4 ....f..
5 ..f....
6 .......
7 .......
8 ...t...
9 .......

*** Darwin 7x10 ***
Turn = 0.
  0123456789
0 .r........
1 .......h.h
2 ........r.
3 ......h..r
4 ..f.....fr
5 .r..r....f
6 ..h.....h.

Turn = 30.
  0123456789
0 ....r..r..
1 ..........
2 ....rr....
3 r..r..r...
4 r........r
5 rr........
6 r.....r..r

*** Darwin 5x5 ***
Turn = 0.
  01234
0 .....
1 .h...
2 .h...
3 .hh..
4 f..t.

Turn = 30.
  01234
0 .....
1 h....
2 .....
3 ....h
4 tttt.

*** Darwin 6x8 ***
Turn = 0.
  01234567
0 t.h...r.
1 t.h.rh..
2 ..rf..t.
3 ..h.....
4 hrt.t..h
5 ........

Turn = 30.
  01234567
0 .rr...rr
1 .r..r...
2 ...r.r..
3 ......rr
4 r.r..r..
5 .r..rr..

*** Darwin 9x11 ***
Turn = 0.
  01234567890
0 ..t..r.....
1 ...........
2 ....tt...th
3 ..f......r.
4 ..t.......f
5 ..r....h...
6 .......t...
7 .f.........
8 ........rr.

Turn = 30.
  01234567890
0 r.........t
1 ..r.......t
2 ....ttt...t
3 ...........
4 rr...r...t.
5 ...........
6 .r..r..t...
7 ...........
8 ......r....

*** Darwin 13x19 ***
Turn = 0.
  0123456789012345678
0 ............f....h.
1 ...........t...r...
2 .......h...........
3 ................h.f
4 ............t......
5 ...............h..f
6 ......r............
7 ...................
8 .r..............f..
9 .r................t
0 ...............t...
1 ...................
2 ...................

Turn = 30.
  0123456789012345678
0 ..........rtt...h..
1 ...........t.......
2 ...........t.......
3 ...........t.......
4 ............t......
5 ............tt.....
6 ..................r
7 ...................
8 ................f..
9 ...............t..t
0 ...............t...
1 ...................
2 .................h.

*** Darwin 14x13 ***
Turn = 0.
  0123456789012
0 .............
1 .............
2 .............
3 .......h.....
4 .............
5 .............
6 ...........r.
7 ........t..h.
8 .............
9 ...r.........
0 .............
1 ........t....
2 ...........t.
3 .............

Turn = 30.
  0123456789012
0 .............
1 .............
2 .............
3 .............
4 .............
5 .............
6 .............
7 ........t....
8 ............r
9 .............
0 .............
1 .......tt....
2 ...........t.
3 .r........r..

*** Darwin 13x16 ***
Turn = 0.
  0123456789012345
0 ................
1 ................
2 h...............
3 ................
4 ................
5 ................
6 ................
7 ......f....h....
8 ...f....r.......
9 ................
0 .............r..
1 ...............f
2 ................

Turn = 30.
  0123456789012345
0 ...r.....r......
1 ............r...
2 ................
3 ................
4 ................
5 ................
6 ................
7 ......f.........
8 ................
9 r...............
0 ................
1 ...............f
2 ...............r

*** Darwin 10x17 ***
Turn = 0.
  01234567890123456
0 .h...............
1 ...........t.....
2 ...........r...t.
3 .................
4 ............t....
5 .................
6 .................
7 .................
8 .................
9 ..........h......

Turn = 30.
  01234567890123456
0 ...........t.....
1 ...........t.....
2 ...............t.
3 .................
4 ............t....
5 .................
6 .................
7 .................
8 .................
9 .h........h......

*** Darwin 5x6 ***
Turn = 0.
  012345
0 ...ft.
1 .....f
2 .tfrr.
3 .r.f..
4 ..t...

Turn = 30.
  012345
0 r...tt
1 .t....
2 .tt...
3 .tt...
4 ..tr..

*** Darwin 10x6 ***
Turn = 0.
  012345
0 r....f
1 ......
2 rt...h
3 h.h...
4 .h....
5 .h....
6 h.....
7 .f..h.
8 ...t.h
9 .tr...

Turn = 30.
  012345
0 rrrr..
1 .r...r
2 r...r.
3 .....r
4 ......
5 ......
6 r.r...
7 ......
8 ..t...
9 .tt.rr
