*** Darwin 10x15 ***
Turn = 0.
  012345678901234
0 ...............
1 ...............
2 .t....f........
3 ....r..........
4 ...............
5 ...............
6 ..........f....
7 .t......h......
8 ...............
9 ...............

Turn = 2.
  012345678901234
0 ...............
1 ....r..........
2 .t....f........
3 ...............
4 ...............
5 ...............
6 ..........f....
7 .t.............
8 ...............
9 ........h......

Turn = 4.
  012345678901234
0 ....r..........
1 ...............
2 .t....f........
3 ...............
4 ...............
5 ...............
6 ..........f....
7 .t.............
8 ...............
9 ........h......

Turn = 6.
  012345678901234
0 ......r........
1 ...............
2 .t....f........
3 ...............
4 ...............
5 ...............
6 ..........f....
7 .t.............
8 ...............
9 ........h......

*** Darwin 40x32 ***
Turn = 0.
  01234567890123456789012345678901
0 .......f........h...............
1 ......................f.........
2 ........................h.......
3 .h...............h..............
4 ..........................rf....
5 ...f............................
6 ......r.........................
7 ............t...................
8 .................h.........t....
9 ...................r............
0 t.............f......h.r........
1 ..........f...f..t.r........r...
2 ..................t.............
3 ...........f...................h
4 ................................
5 ................................
6 ....f.........t.f...............
7 ....h...........................
8 ...........h................t...
9 ......h.......f.................
0 ...............h.........h......
1 ........h.......................
2 ....................t...........
3 ...................h............
4 ................................
5 ...f..................r.......h.
6 ................................
7 ...f............................
8 ...h................h...........
9 ........h.................r.r...
0 ................................
1 .h...........f..................
2 .t............h.................
3 .f..............................
4 .r............f..r..............
5 ........t....r...f..............
6 ...........hr..........t........
7 ................................
8 ..........................t.f...
9 ......................r..t......

Turn = 1.
  01234567890123456789012345678901
0 .......f........................
1 ................h.....f.........
2 .................h.......h......
3 ................................
4 .h........................r.r...
5 ...f..r.........................
6 ................................
7 ............t...................
8 ................h..........t....
9 .....................h..........
0 t.............f....r..r.........
1 ..........f...f..t..............
2 ..................tr........r...
3 ...........f....................
4 ...............................h
5 ................................
6 ....f.........t.f...............
7 ...........h....................
8 ....h.h.....................t...
9 ..............f.................
0 ........h.....h.................
1 .........................h......
2 ....................t...........
3 ....................h...........
4 ..............................h.
5 ...f............................
6 ......................r.........
7 ...f............................
8 ...h............................
9 ....................h...........
0 .h......h.................r.r...
1 .............f..................
2 .t.............h................
3 .r...............r..............
4 .r............f.................
5 ........t...r....f..............
6 .......................t........
7 ...........hr...................
8 ..........................t.f...
9 .....................r...t......

Turn = 2.
  01234567890123456789012345678901
0 .......f........................
1 .................h....f.........
2 ................h.........h.....
3 ................................
4 ......r....................r.r..
5 .h.f............................
6 ................................
7 ............t...................
8 ...............h.....h.....t....
9 ................................
0 t.............f......r..........
1 ..........f...f..t.r............
2 ..................t.............
3 ...........f.......r........r...
4 ................................
5 ...............................h
6 ....f......h..t.f...............
7 ......h.........................
8 ............................t...
9 ....h...h.....f.................
0 .............h..................
1 ................................
2 ....................t....h......
3 .....................h........h.
4 ................................
5 ...f............................
6 ................................
7 ...f..................r.........
8 ...h............................
9 .h..............................
0 ....................h...........
1 ........h....f............r.r...
2 .t..............hr..............
3 .r..............................
4 .r............f.................
5 ........t..r.....f..............
6 .......................t........
7 ................................
8 ...........hr.............t.f...
9 ....................r....t......

*** Darwin 30x20 ***
Turn = 0.
  01234567890123456789
0 t............f......
1 .t..h...............
2 ..................rf
3 ....................
4 ...............t....
5 ....................
6 .....r....f......t.t
7 ....................
8 .............r......
9 .h...........f.....r
0 ..................t.
1 ..r....f............
2 ..............r.....
3 .......rh...........
4 ....................
5 .....ff.............
6 ..................r.
7 r........f.......t..
8 ..........r.......t.
9 .......h............
0 ...r...........h....
1 ........h...........
2 ................t..f
3 ................f...
4 ....t........r......
5 f....t..h...........
6 ....h.............f.
7 ......f.............
8 ..............r.....
9 ...f....f...........

Turn = 3.
  01234567890123456789
0 t............f.....r
1 .t.....h............
2 ...................r
3 ....................
4 ...............t....
5 ....................
6 .hr.......f......t.t
7 ....................
8 ..........r.........
9 .............f......
0 ..................tt
1 .......f............
2 ...........r........
3 ....rh..............
4 r.r.................
5 .....ff...r........r
6 ....................
7 .........f.....h.t..
8 ........h.........t.
9 ....h...............
0 ....................
1 ....................
2 ................t..f
3 ...r............t...
4 ....t...........r...
5 f...tt..............
6 ..................f.
7 ......f.............
8 ........h........r..
9 ...f....f...........

Turn = 6.
  01234567890123456789
0 t............f......
1 .t........h.........
2 ...................r
3 .h..................
4 ...............t....
5 ...................r
6 r.........f......t.t
7 ....................
8 .......r............
9 .............f......
0 ..................tt
1 r......f............
2 ........r.r........r
3 .rh.................
4 ...............h....
5 .....ff.h...........
6 ....................
7 ..r......f.......t..
8 ..................t.
9 .h..................
0 ....................
1 ....................
2 ................t..f
3 ................t...
4 ....t..............r
5 f...tt..............
6 ...r..............f.
7 ......f.............
8 ........h..........r
9 ...f....f...........

*** Darwin 50x50 ***
Turn = 0.
  01234567890123456789012345678901234567890123456789
0 ..................................................
1 ..................................................
2 ................h...............t.................
3 ..................................................
4 .....f.....................................f......
5 ....................r.............................
6 .........r.....................f..................
7 ...........................hf.......r.............
8 ..................................r.t.r...........
9 ...........r..................................t..r
0 .......................t..f.......................
1 .....t............r...............................
2 r.....t.....t..r..............t...................
3 ........t.........................................
4 ..............................................r...
5 ..........r....f.................r................
6 ..................................................
7 .....................f..r..t....................f.
8 ....h......................................h......
9 .......t.......h..................................
0 ...................h..............................
1 ..h........................f....................t.
2 .........f....f.h.............f..r................
3 ....f.......r.....t...............................
4 ...........................f......................
5 .....t.......r.......................f............
6 ................................................t.
7 ...f....................f.........................
8 ...................................t..............
9 .....................................r............
0 .............................f....................
1 ..................................................
2 .........f.................................f......
3 ..................................................
4 ..................................................
5 .........t........................................
6 ...........t........................f.............
7 .......................t..........................
8 .f................................t.........h.....
9 ........h...........................f.t....t...t.r
0 ..................h............t....f.f..........h
1 ..................................................
2 ..f....h........t.......t.........................
3 .......................r............r....r..t...r.
4 .......................................h..........
5 .......................r..........................
6 ................................r..h..............
7 ................r..............t..................
8 .............r.........h..............r...........
9 .............r....................................

Turn = 2.
  01234567890123456789012345678901234567890123456789
0 ..................................................
1 ..................................................
2 ..............h.................t.................
3 ..................................................
4 .....f.....................................f......
5 ..................................................
6 ...............................f..................
7 ....................r....h..f.........r...........
8 .........r.........................tt.............
9 ..................r...........................t...
0 .......................t..f...........r..........r
1 .....t.....r......................................
2 ..r...t.....t....r............t...................
3 ........t.........................................
4 ............................................r.....
5 ...............f...............r..................
6 ....h.............................................
7 ..........r....h.....f....rt....................f.
8 .............................................h....
9 ..h....t..........................................
0 ..................................................
1 ...........................f....................t.
2 .........f....fh...h..........f....r..............
3 ....f........rr...t...............................
4 ...........................f......................
5 .....t...............................f............
6 ................................................t.
7 ...f....................f............r............
8 ...................................t..............
9 ..................................................
0 .............................f....................
1 ..................................................
2 .........f.................................f......
3 ..................................................
4 ..................................................
5 .........t........................................
6 ...........t........................f.............
7 .......................t..........................
8 .f................................t...........h...
9 ..........h.........................f.t....t...tt.
0 ................h..............t....f.f..........h
1 .......................r........................r.
2 ..f.............t.......t.........................
3 ..................................r....r....t.....
4 .......h.............................h............
5 .....................r............................
6 .............r...................rr...r...........
7 .............r.................t..................
8 ..................................................
9 ................r......h..........................

Turn = 4.
  01234567890123456789012345678901234567890123456789
0 ..................................................
1 ..................................................
2 ............h...................t.................
3 ..................................................
4 .....f.....................................f......
5 ..................................................
6 ...............................f..................
7 ..................r....h....f...........r.........
8 ...................................tt.............
9 ....................r.........................t...
0 .........r.............t..f.......................
1 .....t............................................
2 ....r.t.....t......r..........t.......r..........r
3 ........t..r......................................
4 ....h.....................................r.......
5 ...............f.............r....................
6 ...............h...........r......................
7 ..h..................f....r.....................f.
8 ...............................................h..
9 .......t..r.......................................
0 ..................................................
1 .............r.............f....................t.
2 .........f....fh..............f......r............
3 ....f...........r.tt..............................
4 ...........................f......................
5 .....t...............................r............
6 .....................................r..........t.
7 ...f....................f.........................
8 ...................................t..............
9 ..................................................
0 .............................f....................
1 ..................................................
2 .........f.................................f......
3 ..................................................
4 ..................................................
5 .........t........................................
6 ...........t........................f.............
7 .......................t..........................
8 .f................................t.............h.
9 ............h..........r............f.t....t...tr.
0 ..............h................t....f.t.........rh
1 ..................................................
2 ..f.............t.......t.........................
3 ................................r....r......t.....
4 .............r.....................h..r...........
5 .............r.....r..............................
6 .......h..........................................
7 ...............................t.r................
8 ..................................r...............
9 ...............r.......h..........................

*** Darwin 20x20 ***
Turn = 0.
  01234567890123456789
0 ....................
1 ...................t
2 ....................
3 ....................
4 ..r.................
5 ....................
6 ......h.............
7 ....................
8 ....................
9 ....................
0 ....................
1 .t.................r
2 ................t...
3 ...........t........
4 ....................
5 ....................
6 ..............f.....
7 ....................
8 ....................
9 ....................

Turn = 2.
  01234567890123456789
0 ....................
1 ...................t
2 ....................
3 ....................
4 ....r...............
5 ....................
6 ........h...........
7 ....................
8 ....................
9 ...................r
0 ....................
1 .t..................
2 ................t...
3 ...........t........
4 ....................
5 ....................
6 ..............f.....
7 ....................
8 ....................
9 ....................

Turn = 4.
  01234567890123456789
0 ....................
1 ...................t
2 ....................
3 ....................
4 ......r.............
5 ....................
6 ..........h.........
7 ...................r
8 ....................
9 ....................
0 ....................
1 .t..................
2 ................t...
3 ...........t........
4 ....................
5 ....................
6 ..............f.....
7 ....................
8 ....................
9 ....................

Turn = 6.
  01234567890123456789
0 ....................
1 ...................t
2 ....................
3 ....................
4 ........r...........
5 ...................r
6 ............h.......
7 ....................
8 ....................
9 ....................
0 ....................
1 .t..................
2 ................t...
3 ...........t........
4 ....................
5 ....................
6 ..............f.....
7 ....................
8 ....................
9 ....................

Turn = 8.
  01234567890123456789
0 ....................
1 ...................t
2 ....................
3 ...................r
4 ..........r.........
5 ....................
6 ..............h.....
7 ....................
8 ....................
9 ....................
0 ....................
1 .t..................
2 ................t...
3 ...........t........
4 ....................
5 ....................
6 ..............f.....
7 ....................
8 ....................
9 ....................

Turn = 10.
  01234567890123456789
0 ....................
1 ...................r
2 ...................r
3 ....................
4 ............r.......
5 ....................
6 ................h...
7 ....................
8 ....................
9 ....................
0 ....................
1 .t..................
2 ................t...
3 ...........t........
4 ....................
5 ....................
6 ..............f.....
7 ....................
8 ....................
9 ....................


