*** Darwin 41x21 ***
Turn = 0.
  012345678901234567890
0 ........r............
1 .h.......r.......t..r
2 .t.h.......r.........
3 .....................
4 ........f....t.......
5 ....h.......h.......h
6 t....................
7 t...............t....
8 ..................f..
9 ...h.f..t............
0 .....r...............
1 .r..r..........f.....
2 t....................
3 ..h.f...r..........t.
4 ..f....h..hr.........
5 .....t............t..
6 ........h....t.......
7 ....t.....t..........
8 ..r...f.........t....
9 .....................
0 .............r.......
1 ............tf.......
2 .....r.......r.......
3 r.....r.........h.h..
4 .....................
5 ...t.t...............
6 .......t...f.........
7 .......tf......t.....
8 ..h...f..r...........
9 .........t.......f...
0 .......t..........h..
1 .........hf..tt......
2 .....................
3 .....f...............
4 ..h...............rt.
5 ............h........
6 ..r..................
7 .......hf............
8 .....t.......t.r.....
9 ...t.t.f..h..........
0 .......t......f......

Turn = 2.
  012345678901234567890
0 ......r..r..........r
1 .t...............t...
2 .t...........r.......
3 .....................
4 ...h....f....t.......
5 ....................h
6 t....................
7 t...h.......h...t....
8 ..................f..
9 .....f..t............
0 ...r.................
1 r..h.r.........f.....
2 t......h..hr.........
3 ..h.f..............t.
4 ..f..................
5 .....t..r.........t..
6 ..........h..t.......
7 ....t.....t..........
8 ......f......r..t....
9 .....................
0 ..r..................
1 ............tf....h..
2 .......r.............
3 ..r..r........h......
4 .............r.......
5 ...t.t...............
6 .......t...f.........
7 .......tf......t.....
8 h.....f..............
9 .........r.......f...
0 .......t.r..........h
1 .........r.r.tt......
2 .....................
3 .....f......h........
4 ....h...........r..t.
5 .....................
6 .....................
7 ........f............
8 ..r..t.h.....t...r...
9 ...t.t.th............
0 .......t......f......

Turn = 4.
  012345678901234567890
0 ....r......r.........
1 .t...............t..r
2 .t.............r.....
3 .....................
4 ........f....t.......
5 ....................h
6 t..h.................
7 t...............t....
8 ..................f..
9 r...hf..t...h........
0 .r.....r..hr.........
1 ......r........f.....
2 t....................
3 ..hhf..............t.
4 ..f..................
5 .....t............t..
6 ............hr.......
7 ....t...r.t..r.......
8 ......f.........t....
9 ..................h..
0 .....................
1 ............tt.......
2 ..r......r...........
3 ...rr.......h........
4 .....................
5 ...t.t...............
6 .......t...f.r.......
7 .......tt......t.....
8 h.....f..............
9 ..........r......f...
0 .......t..r..r......h
1 ...........rr.t......
2 ............h........
3 .....f...............
4 ......h.......r....t.
5 .....................
6 .....................
7 ........f............
8 .....t.t.....t.....r.
9 ...t.t.th............
0 ..r....t......f......

Turn = 6.
  012345678901234567890
0 ..r..........r.......
1 .t...............t...
2 .t...............r...
3 ....................r
4 ........f....t.......
5 ....................h
6 t....................
7 r...............t....
8 r..h...r..hr......f..
9 .....f..t............
0 r....................
1 ....h...r...h..f.....
2 t....................
3 ..h.f..............t.
4 ..f..........r.......
5 ...h.t.......r....t..
6 ............h........
7 ....t.....t.......h..
8 ......f.........t....
9 ........r............
0 .....................
1 ....r.......tt.......
2 ...........r.........
3 ..........h..........
4 ..rr.................
5 ...r.t...............
6 .......t...f.........
7 .......tt......t.....
8 h.....f......r.......
9 ............rr...f...
0 .......t...rr.......h
1 ............hrr......
2 .....................
3 .....f...............
4 ........h...r......t.
5 .....................
6 .....................
7 ........f............
8 .....t.t.....t......r
9 ...t.t.th............
0 .r.....t......f......

Turn = 8.
  012345678901234567890
0 r..............r.....
1 .t...............t...
2 .t.................r.
3 .....................
4 ........f....t......r
5 ....................r
6 r......r..hr.........
7 r...............t....
8 r.................f..
9 .....f..t............
0 ...h.................
1 r.........r....f.....
2 r...h........r.......
3 ..h.f.......hr.....t.
4 ..f..................
5 .....t............t..
6 ..............h...h..
7 ...ht.....t..........
8 ......f.........t....
9 ....r................
0 .....................
1 ........r...tt.......
2 .............r.......
3 ........h............
4 ....r................
5 ....r.r..............
6 ..r....t...f.........
7 .......tt......t.....
8 h.....f....r..r......
9 ............r..r.f...
0 .......t....rrr.....h
1 .....................
2 .....................
3 .....f........r......
4 ..........rr.......t.
5 .....................
6 ....................r
7 ........f............
8 .....t.t.....t.......
9 ...t.t.tt............
0 r......t......f......

Turn = 10.
  012345678901234567890
0 r................r...
1 .t...............t...
2 .t..................r
3 .....................
4 r......rf.hr.t.....r.
5 .....................
6 .....................
7 ................t...r
8 r.................f..
9 .....f..t............
0 r............r.......
1 .r..........rr.f.....
2 ...hh................
3 r.h.f..............t.
4 ..f..................
5 .....t......h.....t..
6 ................h.h..
7 ....r.....t..........
8 ....r.f.........t....
9 ...h.................
0 .....................
1 ............tt.......
2 ...............r.....
3 ......h.r............
4 ......r..............
5 ......r.r............
6 .......t...r.........
7 .......tt..r...t.....
8 h.r...f......r.t.....
9 ...........r....rr...
0 .......t........r...h
1 ............r........
2 .....................
3 .....f...............
4 ...................tr
5 ..........rr..r......
6 .....................
7 ........f............
8 r....t.t.....t.......
9 ...t.t.tt............
0 .......t......f......

Turn = 12.
  012345678901234567890
0 ..r................rr
1 .t...............t...
2 rt.....r..hr.........
3 .....................
4 ........f....t...r...
5 .....................
6 .....................
7 ................t....
8 .............r....f..
9 .....f..t....r......r
0 r....................
1 ...r...........f.....
2 r...h.......r........
3 ..h.f..............t.
4 ..fh.................
5 r....t............t..
6 .................tt..
7 ...r......t.h........
8 .....rf.........t....
9 .....................
0 .....................
1 ...h........tt.......
2 .................r...
3 ....h................
4 .......r.............
5 .......rr.rr.........
6 .......t.r...r.......
7 .......tt......t.r...
8 h.....f........tr....
9 .........r...........
0 ..r....t..........r.h
1 .....................
2 .....................
3 .....f......r........
4 ...................tt
5 .....................
6 r....................
7 ........f.rr..r......
8 .....t.t.....t.......
9 ...t.t.tt............
0 .......t......f......

Turn = 14.
  012345678901234567890
0 r...r..r..hr.......rr
1 .t...............t...
2 .t...................
3 .....................
4 ........f....t.r.....
5 .....................
6 .............r.......
7 .............r..t....
8 ..................f..
9 .....f..t............
0 .....................
1 .....r.........f....r
2 r...h................
3 ..h.f..............t.
4 r.f.........r........
5 .....t............t..
6 ...h..r..........tt..
7 rr........t..........
8 ......r.........t....
9 ............h........
0 .....................
1 ............tt.......
2 ...h...............r.
3 ..h........r.........
4 ........r.r..r.......
5 ........r........r...
6 .......trr......r....
7 .......tt......t.....
8 h.....f........t.....
9 .......r.............
0 .......t...........rr
1 .....................
2 ..r..................
3 .....f...............
4 r..................tt
5 ............r........
6 .....................
7 ........f............
8 .....t.t.....t.......
9 ...t.t.tt.rr..r......
0 .......t......f......

Turn = 16.
  012345678901234567890
0 .r....rr..rr.......rr
1 .t...............t...
2 .t...................
3 .....................
4 ........f....rr......
5 .............r.......
6 .............r.......
7 ................t....
8 ..................f..
9 .....f..t............
0 .....................
1 .......r.......f.....
2 ....h................
3 ..h.f..............tt
4 r.f..................
5 .....tt...........t..
6 r...........r....tt..
7 r.........t..........
8 ...h....r.......t....
9 r....................
0 ............h........
1 ...........rtt.......
2 ..........r..r......r
3 h................r...
4 ...h......r.....r....
5 ..........r..........
6 .......ttt...........
7 .......tt......t.....
8 h.....f........t....r
9 .....r...............
0 .......t.............
1 ...................r.
2 r....................
3 .....f...............
4 ..r................tt
5 .....................
6 .....................
7 ........f...r........
8 .....t.t.....t.......
9 ...t.t.tt.....r......
0 .......t..rr.r.......

Turn = 18.
  012345678901234567890
0 ...r..r...r........r.
1 .t.........r.....t.r.
2 .t.....r.............
3 ..............r......
4 ........f....r.......
5 ...............r.....
6 ...........r.........
7 ................t....
8 ..................f..
9 .....f..t............
0 .....................
1 .........r.....f.....
2 ....h................
3 ..h.f..............tt
4 ..f..................
5 r....tt...........t..
6 .r...............tt..
7 .r........t..........
8 ..........r.r...t....
9 ...........r.........
0 ...h......r.t........
1 r...........rr...r...
2 .............r..r....
3 h....................
4 ............r.......r
5 ............r........
6 ...h...ttt..........r
7 .......tt......t.....
8 h.....f........t.....
9 ...r.................
0 r......t.............
1 .....................
2 .....................
3 .....f.............r.
4 ...................tt
5 .....................
6 ..r..................
7 ........f............
8 .....t.t.....t.......
9 ...t.t.tt.r.rr.......
0 .......t...rr........

Turn = 20.
  012345678901234567890
0 ....rr...r.......r...
1 .t............r..t...
2 .t...........r.......
3 ...........r.......r.
4 .......rf............
5 .................r...
6 .........r...........
7 ................t....
8 ..................f..
9 .....f..t............
0 .....................
1 ...........r...f.....
2 ....h................
3 ..h.f..............tt
4 ..f..................
5 .....tt...........t..
6 r..r.............tt..
7 ...r......tr.........
8 ..........r.....t....
9 ..........r.r....r...
0 ............r...r....
1 ..........rr.........
2 r..h...........r.....
3 r....................
4 ..............r......
5 ..............r.....r
6 .......ttt.........r.
7 .......tt......t.....
8 r..h..f........t.....
9 rr...................
0 .......t.............
1 .....................
2 .....................
3 .....f...............
4 ...................tt
5 .....................
6 ...................r.
7 ........f.r..........
8 ..r..t.t.....t.......
9 ...t.t.tt..r.t.......
0 .......t.r...r.......

*** Darwin 13x50 ***
Turn = 0.
  01234567890123456789012345678901234567890123456789
0 ................r.....t........t..................
1 .f..h........................................f....
2 ................f.................................
3 ...r..............r.....r...h.h...................
4 ............t........h.............t...t..........
5 ...t....................................h......f..
6 ................rt....................r...r.......
7 ....h...h........f...r.........hr.h.fr............
8 ....tf..........t..t.............f................
9 ..r....t........ht...f....r.....h....f...t........
0 .......h.................ft...r.........t.........
1 .hr....r.........................f...........f.r..
2 h....h....f....r...........r...f..t.h.............

Turn = 2.
  01234567890123456789012345678901234567890123456789
0 .................r....t........t..................
1 .fh..........................................f....
2 ................f.................................
3 ....................r.....h.............h.........
4 ...r........t......................t...t..........
5 ....r...................r.....hh.....r.........f..
6 ..............r..t...h............................
7 ....t.....h......f..............h...f.............
8 ....tf..........t..t.r...........f....r...r.......
9 .h..r..t.........t....r.........r....f...t.....r..
0 .........h...............fr.............t.........
1 r........r......h.........r.....hf...........f....
2 ..h..h....f.....r........r....rf..t...h...........

Turn = 4.
  01234567890123456789012345678901234567890123456789
0 ...................r..t........t..................
1 .fh.....................................h....f....
2 ................f.................................
3 ......................r.h......h.....r............
4 ............t......................t...t..........
5 ......r........................................f..
6 ...r........r....t................................
7 .h..t.......h....t......r.....hh....f..........r..
8 ....tf..........t..t.h...........f................
9 ......rt.........t......r............f...t........
0 r..........h.........r...rr...........r.t.r.......
1 ...........r............r.......rf...........f....
2 ....hh....f.....h.r....r.....r.fh.t.....h.........

Turn = 6.
  01234567890123456789012345678901234567890123456789
0 .....................rt........t........h.........
1 .fh............................h.....r.......f....
2 ................f.................................
3 .......................rr.........................
4 ............t......................t...t..........
5 .h......r......................................r..
6 ..........r......t.............................r..
7 ...tt.........h..t...........h......f.............
8 r...tt..........t..t.............f................
9 ......r..........t......r.r...h......f...t........
0 .......r.....h.......h..r.r.............t.........
1 .............r........r.........rf...........f....
2 ....hh....f.....h...rrr....r...rr.t...r..hr.......

Turn = 8.
  01234567890123456789012345678901234567890123456789
0 .....................rr........t.....r..h.........
1 .fh............................h.............f....
2 ................f......r..........................
3 .h................................................
4 ............t......................t...t.......r..
5 ..........r.............r........................r
6 r.......r........t................................
7 ...tt...........ht.........h........f.............
8 ....tt..........t..t.............f................
9 .................t.......r..r........f...t........
0 ...............h......r.r...............t.........
1 ......r........r....rrr.......rrrf...........f....
2 ....hh.r..f.....h....r.r.r.....r..t..r...h.r......

Turn = 10.
  01234567890123456789012345678901234567890123456789
0 ....................r..r.......t.......rh.........
1 .fh............................t.............f....
2 .h..............f.....r........................r..
3 ..................................................
4 r...........t......................t...t.........r
5 ............r.....................................
6 ......r..........t................................
7 ...tt...........tt......rh..........f.............
8 ....tt..........t..t.............f................
9 .................t..r.r....r..r.r....f...t........
0 .................h..r.r.................t.........
1 .................r.r.....r...r...f...........f....
2 ....hhrr..f.....h...r...r.....rr..tr.......h.r....

Turn = 12.
  01234567890123456789012345678901234567890123456789
0 ..................r.....r......t.......rr......r..
1 .fh............................t.............f....
2 rh..............f................................r
3 ..................................................
4 ............t.........r............t...t..........
5 ............t.....................................
6 ....r............t................................
7 ...tt...........tt..r.rh........r...f.............
8 ....tt..........t..t.............f................
9 .................t......rr...r..r....f...t........
0 ..................rrr...................t.........
1 ..................rr.......r.....f...........f....
2 ....hrr.r.f.....h.r......r..rr....tt.........h.r..

Turn = 14.
  01234567890123456789012345678901234567890123456789
0 r...............r.........r....t..............r..r
1 .fh............................t.............f....
2 .h..............f......................rr.........
3 ..................................................
4 ............t......................t...t..........
5 ............t.......r.r.........r.................
6 ..r..............t....r...........................
7 ...tt...........tt...h...r..........f.............
8 ....tt..........t..t.............f................
9 .................t.............r..r..f...t........
0 ..................rr....................t.........
1 ..................rrr...rr.......f...........f....
2 ....rrr..rr.....rr........rrr.....tt...........h.r

Turn = 16.
  01234567890123456789012345678901234567890123456789
0 r.............r.............r..t............r....r
1 .fh............................t.............f....
2 .h..............f.................................
3 ....................r...........r......r..........
4 ............t......................t...rr.........
5 ............t.......r....r........................
6 r................t..r.............................
7 ...tt...........tt.t................f.............
8 ....tt..........t..t.............f................
9 .................t...............r..rf...t........
0 .....rr.........r....r......r...........t.........
1 .........r.......r.....r.........f...........f...r
2 .....r......r..r.rr.r...rr..r.....tt............h.

Turn = 18.
  01234567890123456789012345678901234567890123456789
0 ............r.................rt..........r.....r.
1 .fh.................r..........tr............f....
2 rh..............f.................................
3 .........................r..............r.........
4 ............t......................t..r...........
5 ............t.....r...............................
6 .................tr.....................r.........
7 r..tt...........tt.t................f.............
8 ....trr.........t..t........r....f................
9 .....r...r.......t.................r.r.r.t.......r
0 ..............r........r................t.........
1 ...............r.....r...........f...........f....
2 .......r.....rrrr.....rrr.....r...tt.............h

Turn = 20.
  01234567890123456789012345678901234567890123456789
0 ..........r.........r..........r.r......r.....r...
1 .fh......................r.....tt............f....
2 .h..............f.................................
3 ..........................................r.......
4 r...........t......................tr.............
5 ............t...r.................................
6 ......r..........rr.........r.....................
7 ...ttr...r......t..t................f............r
8 ....tr..........tr.t.............f......r.........
9 r................t...................r.rrr........
0 ............r............r..............t.........
1 .............r.....r..r..........f...........f....
2 .........r..rr.rr.....rr........r.tt.............h

*** Darwin 7x8 ***
Turn = 0.
  01234567
0 ........
1 ........
2 r..f...f
3 ........
4 .r......
5 .....r..
6 ........

Turn = 2.
  01234567
0 r.......
1 ........
2 ...f...f
3 ........
4 ........
5 ...r....
6 .r......

Turn = 4.
  01234567
0 .r......
1 ........
2 ...f...f
3 ........
4 ........
5 .r......
6 ..r.....

Turn = 6.
  01234567
0 ...r....
1 ........
2 ...f...f
3 ........
4 ........
5 r.......
6 ....r...

Turn = 8.
  01234567
0 .....r..
1 ........
2 ...f...f
3 r.......
4 ........
5 ........
6 ......r.

Turn = 10.
  01234567
0 .......r
1 r.......
2 ...f...f
3 ........
4 ........
5 ........
6 .......r

Turn = 12.
  01234567
0 r.......
1 .......r
2 ...f...f
3 ........
4 ........
5 ........
6 ......r.

Turn = 14.
  01234567
0 ........
1 r......r
2 ...f....
3 .......r
4 ........
5 ........
6 ....r...

Turn = 16.
  01234567
0 ........
1 .....r..
2 ...f....
3 r.......
4 ........
5 .......r
6 ..r.....

Turn = 18.
  01234567
0 ........
1 ...r....
2 ...f....
3 ........
4 ........
5 r.......
6 r......r

Turn = 20.
  01234567
0 ........
1 .r......
2 ...f....
3 ........
4 ........
5 r.......
6 r......r

*** Darwin 30x30 ***
Turn = 0.
  012345678901234567890123456789
0 ...............rr.....f......r
1 ...h..........f...r...........
2 ..........f...........t.......
3 ...................h.........t
4 .........................r....
5 ...t......hr...f............h.
6 f..................t..........
7 ........................f.t...
8 ............t...f.............
9 ..t.h...rr.......r.h.....ht...
0 f..............t....r.........
1 ..........r...ht.......f....r.
2 ................t....f........
3 ............................h.
4 h.r...........................
5 ..........r.r..........h...f..
6 ........r..f..r....h.h........
7 ..............................
8 h..h...............f..r.......
9 ....h........h................
0 ...f............t.............
1 .......t.h...........f......fr
2 .........h....rf...f..........
3 .....................f........
4 ..t....r...t..ff..............
5 .r.........t...........tt.....
6 ...f.............r...........t
7 ...............t..............
8 .......f...................r..
9 .................rr.t........f

Turn = 2.
  012345678901234567890123456789
0 .................r....f.......
1 ..............f.r..h..........
2 ..........f....r......t..r...t
3 ...h......h..................t
4 ..............................
5 ...t.........r.f.............h
6 f..................t..........
7 ........rr.......r......f.t...
8 ............t...f.............
9 ..tt......................t.r.
0 f..............t...r..........
1 ............r.ht...r...f.h....
2 ................t....f........
3 ..........r...................
4 h..................h.h........
5 ..........r..........h.....fh.
6 ..r.......rfr.................
7 ..............................
8 hh.................f..........
9 ..h......h....................
0 ...f.....h....r.t.....r......r
1 .......t.....h.......f......f.
2 ...............f...f..........
3 .....................f........
4 ..t..r.....t..ff.r............
5 ..t........t...........tt.....
6 ...f.........................t
7 ...............t.r............
8 .......f.................r....
9 ................r...t........f

Turn = 4.
  012345678901234567890123456789
0 ..................rr..f..r....
1 ..............rr..............
2 ..........f...........t......t
3 ..........h..................t
4 ...h...........r..............
5 ...t....rr....r.rr...........h
6 f..................t..........
7 ........................f.t.r.
8 ............t...f.............
9 ..tt......................t...
0 f..............t.r............
1 ..........r..rrr.......f......
2 ................t..r.f........
3 ...................r.h...h....
4 h.............................
5 ........r..........h.......f..
6 ..........rr..................
7 .........h..................h.
8 hhr......h.r..r....f.........r
9 h.............................
0 ...f............t.............
1 .......t.............f......f.
2 ...............f.r.f..r.......
3 .............h.......f........
4 ..tr.......t..ff..............
5 ..t........t.....r.....tt.....
6 ...f.........................t
7 ...............t..............
8 .......f...............r......
9 ..............r.....t........f

Turn = 6.
  012345678901234567890123456789
0 ..................r..rf...r...
1 .............r................
2 ..........f...........t......t
3 ........rrh...r..r...........t
4 ...t............r.............
5 ...t........................rh
6 f.............rr...t..........
7 ........................f.t...
8 ............t...f.............
9 ..tt......r...............t...
0 f..............rr.............
1 ..............rr.......f......
2 .............r..t...rr........
3 ....................rr........
4 h.............................
5 ......r..h.......h.......h.f..
6 .........h....r..............r
7 ..............................
8 hh........rr.......f..........
9 h...........................h.
0 ..rf.......r....tr............
1 .......t.............f......f.
2 ...............f...f..........
3 .................r...f........
4 .rr........t..ff......r.......
5 ..t........t.h.........tt.....
6 ...f.........................t
7 ...............t..............
8 .......f.............r........
9 ............r.......t........f

Turn = 8.
  012345678901234567890123456789
0 ....................rrr.....r.
1 ........rr.r.....r............
2 ..........f.....r.....t......t
3 ..........h.................rt
4 ...t..........................
5 ...t..........r..............h
6 f..................t..........
7 ..........r.............f.t...
8 ............t.rrf.............
9 ..tt......................t...
0 f............r.r..............
1 .............r..r...r..f......
2 ................r...r.........
3 .........h..........r.........
4 h........h...rr.....r........r
5 ....r..........h...........f..
6 ..............................
7 .........................h....
8 hh.................f..........
9 h.............................
0 ...f......rr....tt..........h.
1 .......t.........r...f......f.
2 ..r........r...f...f..........
3 .....................f........
4 rr.........t..ff..............
5 ..t........t..........ttt.....
6 ...f.........................t
7 .............h.t..............
8 .......f...........r..........
9 ..........r.........t........f

Turn = 10.
  012345678901234567890123456789
0 ........rr......rr..r........r
1 .........r..........r.r.....r.
2 ..........f...........r......t
3 ..........h..................t
4 ...t..........................
5 ...t......r..................h
6 f..................t..........
7 ..............r.........f.t...
8 ............t...f.............
9 ..tt...........r....r.....t...
0 f..........r..rr..............
1 .........h.r.....r.....f......
2 .........h....r...rr.........r
3 ..................r...........
4 h.............................
5 ..r..........h.............f..
6 .............r......r.........
7 ..............................
8 hh.................f..........
9 h........................h....
0 ...f............tt..........h.
1 .......t.........t...f......f.
2 rr........rr...f...f..........
3 ...........r.........f........
4 ..r........r..ff..............
5 ..t........t..........ttt.....
6 ...f.........................t
7 ...............t..............
8 .......f.........r............
9 ........r....h......t........f

Turn = 12.
  012345678901234567890123456789
0 ........r..r...r..rr........rr
1 .......r...............r......
2 ..........f.............r....t
3 ..........r.........r........t
4 ...t......r...................
5 ...t.........................h
6 f..................t..........
7 ....................r...f.t...
8 ............t..rf.............
9 ..tt.....h....r..r........t...
0 f........r.........r.........r
1 .........rr...r...r....f......
2 .............r................
3 ................r.r...........
4 h.............................
5 r..........h...............f..
6 ..............................
7 ..............................
8 hh...........r.....fr.........
9 h.............................
0 rr.f............tt..........h.
1 .......t.........t...f...h..f.
2 ............r..f...f..........
3 ..........r..........f........
4 ..r.......r..rff..............
5 .r.........t..........ttt.....
6 ...f.........................t
7 ...............t..............
8 .......f.......r..............
9 ......r......h......t........f

Turn = 14.
  012345678901234567890123456789
0 ......r......rr....r........r.
1 .....r...................r..r.
2 .........rr........r......r..t
3 .............................t
4 ...t.......r..................
5 ...t................r........h
6 f..............r...tr.........
7 .........h..............f.t...
8 ............t...f..r.........r
9 ..tt.....r........r.......t...
0 f......r..........r...........
1 ........r.....r.r......f......
2 ...........r..................
3 ..............r...............
4 h.............................
5 .........h........r........f..
6 r.............................
7 ..............................
8 hr.................f..........
9 rr............................
0 r..f.........r..tt..r.......h.
1 .......t.........t...f......f.
2 ..............rf...f..........
3 ........r............f...h....
4 r.............rf..............
5 r.........tt..........ttt.....
6 ...f..........r..............t
7 ...............t..............
8 .......f.....r................
9 ....r........h......t........f

Turn = 16.
  012345678901234567890123456789
0 ....r.....r..r.r.....r....r...
1 ...r.......................r..
2 .......r...................r.t
3 ............................tt
4 ...t.........r.r...r..........
5 ...t.....h...........r.......h
6 f..................rr........r
7 .........r.........r....f.t...
8 ............t...f.............
9 ..tt.............r........t...
0 f....r..............r.........
1 ......r...........r....f......
2 .........r....................
3 ............r.r...............
4 h.............................
5 .......h...................f..
6 ..............................
7 r.................r...........
8 rr.................f..........
9 rr............................
0 r..f...........rtt..........h.
1 .......t.........t...f......f.
2 .............r.r...fr.........
3 ......r........r.....f........
4 r..............r..............
5 .r........tt..........ttth....
6 ...f.........................t
7 ...............t..............
8 .......f...r..r...............
9 ..r..........h......t........f

Turn = 18.
  012345678901234567890123456789
0 ..r........rr....r.....rr..r..
1 .r...........................r
2 .....r.........r.............t
3 .........h..................tt
4 ...t...........r..............
5 ...t.....r.........r...r.....r
6 f.................r..........r
7 .................r......f.t...
8 ............t...f...r.........
9 ..tt...........r..........t...
0 f..r..................r.......
1 ....r...............r..f......
2 .......r......................
3 ..........r...................
4 h.............................
5 .....h........r............f..
6 ..............................
7 r.............................
8 r.r............r...f..........
9 rr................r...........
0 ...f............tt..........h.
1 .r.....t.........t...f......f.
2 .................r.f..........
3 ....r........r.......f........
4 ..r..........r...r..r.........
5 ...r......tt..........ttt.....
6 ...f.........................t
7 ...............t.........h....
8 .......f.r....................
9 r............hr.....t........f

Turn = 20.
  012345678901234567890123456789
0 r..............r...r...r..r...
1 r........h.r............r....r
2 ...r........r................t
3 .........r..................tr
4 ...t.............r...........r
5 ...t.................r...r...r
6 f...............r.............
7 ...............r........f.t...
8 ............t...f.............
9 ..tt.........r............t...
0 f..t................r...r.....
1 ...t..................rf......
2 .....r........................
3 ........r.....................
4 h.............................
5 ...h.......................f..
6 ...............r..............
7 r.............r...............
8 .r..r..............f..........
9 .r.r..........................
0 ...f............ttt.........h.
1 .......t.........t...f......f.
2 .................t.f..........
3 .rr........r.........f........
4 ....r..............r..........
5 .....r....tt..........ttt.....
6 ...f.........r......r........t
7 ...............t..............
8 r......rr.....................
9 .............h..r...t....h...f
